#
# There is insufficient memory for the Java Runtime Environment to continue.
# Native memory allocation (malloc) failed to allocate 994656 bytes. Error detail: Chunk::new
# Possible reasons:
#   The system is out of physical RAM or swap space
#   This process is running with CompressedOops enabled, and the Java Heap may be blocking the growth of the native heap
# Possible solutions:
#   Reduce memory load on the system
#   Increase physical memory or swap space
#   Check if swap backing store is full
#   Decrease Java heap size (-Xmx/-Xms)
#   Decrease number of Java threads
#   Decrease Java thread stack sizes (-Xss)
#   Set larger code cache with -XX:ReservedCodeCacheSize=
#   JVM is running with Unscaled Compressed Oops mode in which the Java heap is
#     placed in the first 4GB address space. The Java Heap base address is the
#     maximum limit for the native heap growth. Please use -XX:HeapBaseMinAddress
#     to set the Java Heap base and to place the Java Heap above 4GB virtual address.
# This output file may be truncated or incomplete.
#
#  Out of Memory Error (arena.cpp:168), pid=10292, tid=18316
#
# JRE version: OpenJDK Runtime Environment Temurin-21.0.5+11 (21.0.5+11) (build 21.0.5+11-LTS)
# Java VM: OpenJDK 64-Bit Server VM Temurin-21.0.5+11 (21.0.5+11-LTS, mixed mode, sharing, tiered, compressed oops, compressed class ptrs, parallel gc, windows-amd64)
# No core dump will be written. Minidumps are not enabled by default on client versions of Windows
#

---------------  S U M M A R Y ------------

Command Line: --add-modules=ALL-SYSTEM --add-opens=java.base/java.util=ALL-UNNAMED --add-opens=java.base/java.lang=ALL-UNNAMED --add-opens=java.base/sun.nio.fs=ALL-UNNAMED -Declipse.application=org.eclipse.jdt.ls.core.id1 -Dosgi.bundles.defaultStartLevel=4 -Declipse.product=org.eclipse.jdt.ls.core.product -Djava.import.generatesMetadataFilesAtProjectRoot=false -DDetectVMInstallationsJob.disabled=true -Dfile.encoding=utf8 -XX:+UseParallelGC -XX:GCTimeRatio=4 -XX:AdaptiveSizePolicyWeight=90 -Dsun.zip.disableMemoryMapping=true -Xmx1G -Xms100m -Xlog:disable -javaagent:c:\Users\sasad\.vscode\extensions\redhat.java-1.39.0-win32-x64\lombok\lombok-1.18.34.jar -XX:+HeapDumpOnOutOfMemoryError -XX:HeapDumpPath=c:\Users\sasad\AppData\Roaming\Code\User\workspaceStorage\575e49db5347707494409b596b2d66c0\redhat.java -Daether.dependencyCollector.impl=bf c:\Users\sasad\.vscode\extensions\redhat.java-1.39.0-win32-x64\server\plugins\org.eclipse.equinox.launcher_1.6.900.v20240613-2009.jar -configuration c:\Users\sasad\AppData\Roaming\Code\User\globalStorage\redhat.java\1.39.0\config_win -data c:\Users\sasad\AppData\Roaming\Code\User\workspaceStorage\575e49db5347707494409b596b2d66c0\redhat.java\jdt_ws --pipe=\\.\pipe\lsp-951520bd6d447992005a0c1aab906201-sock

Host: AMD Ryzen 5 4600H with Radeon Graphics         , 12 cores, 15G,  Windows 11 , 64 bit Build 26100 (10.0.26100.3037)
Time: Sun Feb 16 22:48:20 2025 Sri Lanka Standard Time elapsed time: 10.229484 seconds (0d 0h 0m 10s)

---------------  T H R E A D  ---------------

Current thread (0x0000017d6c3fe8e0):  JavaThread "C2 CompilerThread0" daemon [_thread_in_native, id=18316, stack(0x0000002946300000,0x0000002946400000) (1024K)]


Current CompileTask:
C2:10229 7848       4       java.lang.invoke.MethodHandleImpl::makePairwiseConvertByEditor (617 bytes)

Stack: [0x0000002946300000,0x0000002946400000]
Native frames: (J=compiled Java code, j=interpreted, Vv=VM code, C=native code)
V  [jvm.dll+0x6cd4e9]
V  [jvm.dll+0x8a7941]
V  [jvm.dll+0x8a9e6e]
V  [jvm.dll+0x8aa543]
V  [jvm.dll+0x27f6d6]
V  [jvm.dll+0xc500d]
V  [jvm.dll+0xc5543]
V  [jvm.dll+0x2f2a9d]
V  [jvm.dll+0x5f67ea]
V  [jvm.dll+0x250b82]
V  [jvm.dll+0x24963f]
V  [jvm.dll+0x246ea4]
V  [jvm.dll+0x1c75ce]
V  [jvm.dll+0x25682a]
V  [jvm.dll+0x254dca]
V  [jvm.dll+0x3f00d6]
V  [jvm.dll+0x8514fb]
V  [jvm.dll+0x6cbbed]
C  [ucrtbase.dll+0x37b0]
C  [KERNEL32.DLL+0x2e8d7]
C  [ntdll.dll+0xbbf2c]


---------------  P R O C E S S  ---------------

Threads class SMR info:
_java_thread_list=0x0000017d4fd1f0c0, length=55, elements={
0x0000017d6c34d930, 0x0000017d0285d3c0, 0x0000017d0285e2d0, 0x0000017d6c3f0690,
0x0000017d6c3f36d0, 0x0000017d6c3f55e0, 0x0000017d6c3f7620, 0x0000017d6c3fe8e0,
0x0000017d44cf6040, 0x0000017d6c3b2840, 0x0000017d44eebac0, 0x0000017d450bef90,
0x0000017d4a88d830, 0x0000017d4a5e1bf0, 0x0000017d4aac7160, 0x0000017d4a5d9fd0,
0x0000017d4afa7880, 0x0000017d4a0df770, 0x0000017d4b018a60, 0x0000017d4b017d40,
0x0000017d4b0190f0, 0x0000017d4b01ab30, 0x0000017d4b019780, 0x0000017d4b019e10,
0x0000017d4b01a4a0, 0x0000017d4b01b1c0, 0x0000017d4c1b5f60, 0x0000017d4e221e10,
0x0000017d4e2224a0, 0x0000017d4e2210f0, 0x0000017d4e221780, 0x0000017d4da30680,
0x0000017d4da30d10, 0x0000017d4da320c0, 0x0000017d4da32750, 0x0000017d4da32de0,
0x0000017d4da313a0, 0x0000017d4da33470, 0x0000017d4da33b00, 0x0000017d4da31a30,
0x0000017d4d7d5ce0, 0x0000017d4dd3d790, 0x0000017d4d34cde0, 0x0000017d4e71aac0,
0x0000017d4df88fe0, 0x0000017d4c1b5240, 0x0000017d4d042ca0, 0x0000017d4c1b58d0,
0x0000017d4c1b3e90, 0x0000017d4dd37600, 0x0000017d4d7d6370, 0x0000017d4d7d7090,
0x0000017d4fb55fa0, 0x0000017d5798a700, 0x0000017d4dd236e0
}

Java Threads: ( => current thread )
  0x0000017d6c34d930 JavaThread "main"                              [_thread_blocked, id=29064, stack(0x0000002945900000,0x0000002945a00000) (1024K)]
  0x0000017d0285d3c0 JavaThread "Reference Handler"          daemon [_thread_blocked, id=26172, stack(0x0000002945d00000,0x0000002945e00000) (1024K)]
  0x0000017d0285e2d0 JavaThread "Finalizer"                  daemon [_thread_blocked, id=21196, stack(0x0000002945e00000,0x0000002945f00000) (1024K)]
  0x0000017d6c3f0690 JavaThread "Signal Dispatcher"          daemon [_thread_blocked, id=15460, stack(0x0000002945f00000,0x0000002946000000) (1024K)]
  0x0000017d6c3f36d0 JavaThread "Attach Listener"            daemon [_thread_blocked, id=25384, stack(0x0000002946000000,0x0000002946100000) (1024K)]
  0x0000017d6c3f55e0 JavaThread "Service Thread"             daemon [_thread_blocked, id=30448, stack(0x0000002946100000,0x0000002946200000) (1024K)]
  0x0000017d6c3f7620 JavaThread "Monitor Deflation Thread"   daemon [_thread_blocked, id=22424, stack(0x0000002946200000,0x0000002946300000) (1024K)]
=>0x0000017d6c3fe8e0 JavaThread "C2 CompilerThread0"         daemon [_thread_in_native, id=18316, stack(0x0000002946300000,0x0000002946400000) (1024K)]
  0x0000017d44cf6040 JavaThread "C1 CompilerThread0"         daemon [_thread_blocked, id=26444, stack(0x0000002946400000,0x0000002946500000) (1024K)]
  0x0000017d6c3b2840 JavaThread "Common-Cleaner"             daemon [_thread_blocked, id=26492, stack(0x0000002946500000,0x0000002946600000) (1024K)]
  0x0000017d44eebac0 JavaThread "C2 CompilerThread1"         daemon [_thread_blocked, id=15480, stack(0x0000002946600000,0x0000002946700000) (1024K)]
  0x0000017d450bef90 JavaThread "Notification Thread"        daemon [_thread_blocked, id=18364, stack(0x0000002946700000,0x0000002946800000) (1024K)]
  0x0000017d4a88d830 JavaThread "Active Thread: Equinox Container: 28805d16-477f-4026-bc5f-df386cb36046"        [_thread_blocked, id=27596, stack(0x0000002946f00000,0x0000002947000000) (1024K)]
  0x0000017d4a5e1bf0 JavaThread "Refresh Thread: Equinox Container: 28805d16-477f-4026-bc5f-df386cb36046" daemon [_thread_blocked, id=5576, stack(0x0000002947000000,0x0000002947100000) (1024K)]
  0x0000017d4aac7160 JavaThread "Framework Event Dispatcher: Equinox Container: 28805d16-477f-4026-bc5f-df386cb36046" daemon [_thread_blocked, id=23048, stack(0x0000002947200000,0x0000002947300000) (1024K)]
  0x0000017d4a5d9fd0 JavaThread "Start Level: Equinox Container: 28805d16-477f-4026-bc5f-df386cb36046" daemon [_thread_blocked, id=7456, stack(0x0000002947300000,0x0000002947400000) (1024K)]
  0x0000017d4afa7880 JavaThread "Bundle File Closer"         daemon [_thread_blocked, id=17344, stack(0x0000002947400000,0x0000002947500000) (1024K)]
  0x0000017d4a0df770 JavaThread "SCR Component Actor"        daemon [_thread_blocked, id=23776, stack(0x0000002946800000,0x0000002946900000) (1024K)]
  0x0000017d4b018a60 JavaThread "Worker-JM"                         [_thread_blocked, id=12620, stack(0x0000002947800000,0x0000002947900000) (1024K)]
  0x0000017d4b017d40 JavaThread "JNA Cleaner"                daemon [_thread_blocked, id=3932, stack(0x0000002947a00000,0x0000002947b00000) (1024K)]
  0x0000017d4b0190f0 JavaThread "Worker-0: Check JDK Index"         [_thread_blocked, id=10272, stack(0x0000002947b00000,0x0000002947c00000) (1024K)]
  0x0000017d4b01ab30 JavaThread "Worker-1"                          [_thread_blocked, id=8304, stack(0x0000002947c00000,0x0000002947d00000) (1024K)]
  0x0000017d4b019780 JavaThread "Java indexing"              daemon [_thread_blocked, id=11012, stack(0x0000002947900000,0x0000002947a00000) (1024K)]
  0x0000017d4b019e10 JavaThread "Worker-2"                          [_thread_blocked, id=10528, stack(0x0000002947d00000,0x0000002947e00000) (1024K)]
  0x0000017d4b01a4a0 JavaThread "Worker-3"                          [_thread_blocked, id=27352, stack(0x0000002947f00000,0x0000002948000000) (1024K)]
  0x0000017d4b01b1c0 JavaThread "Worker-4"                          [_thread_blocked, id=13576, stack(0x0000002948200000,0x0000002948300000) (1024K)]
  0x0000017d4c1b5f60 JavaThread "Worker-5"                          [_thread_blocked, id=28520, stack(0x0000002948300000,0x0000002948400000) (1024K)]
  0x0000017d4e221e10 JavaThread "Thread-2"                   daemon [_thread_in_native, id=19836, stack(0x0000002948400000,0x0000002948500000) (1024K)]
  0x0000017d4e2224a0 JavaThread "Thread-3"                   daemon [_thread_in_native, id=16140, stack(0x0000002948500000,0x0000002948600000) (1024K)]
  0x0000017d4e2210f0 JavaThread "Thread-4"                   daemon [_thread_in_native, id=2348, stack(0x0000002948600000,0x0000002948700000) (1024K)]
  0x0000017d4e221780 JavaThread "Thread-5"                   daemon [_thread_in_native, id=4080, stack(0x0000002948700000,0x0000002948800000) (1024K)]
  0x0000017d4da30680 JavaThread "Thread-6"                   daemon [_thread_in_native, id=12276, stack(0x0000002948800000,0x0000002948900000) (1024K)]
  0x0000017d4da30d10 JavaThread "Thread-7"                   daemon [_thread_in_native, id=14712, stack(0x0000002948900000,0x0000002948a00000) (1024K)]
  0x0000017d4da320c0 JavaThread "Thread-8"                   daemon [_thread_in_native, id=23916, stack(0x0000002948a00000,0x0000002948b00000) (1024K)]
  0x0000017d4da32750 JavaThread "Thread-9"                   daemon [_thread_in_native, id=3860, stack(0x0000002948b00000,0x0000002948c00000) (1024K)]
  0x0000017d4da32de0 JavaThread "Thread-10"                  daemon [_thread_in_native, id=19084, stack(0x0000002948c00000,0x0000002948d00000) (1024K)]
  0x0000017d4da313a0 JavaThread "Thread-11"                  daemon [_thread_in_native, id=11908, stack(0x0000002948d00000,0x0000002948e00000) (1024K)]
  0x0000017d4da33470 JavaThread "Thread-12"                  daemon [_thread_in_native, id=12644, stack(0x0000002948e00000,0x0000002948f00000) (1024K)]
  0x0000017d4da33b00 JavaThread "Thread-13"                  daemon [_thread_in_native, id=5196, stack(0x0000002948f00000,0x0000002949000000) (1024K)]
  0x0000017d4da31a30 JavaThread "Thread-14"                  daemon [_thread_in_native, id=23136, stack(0x0000002949000000,0x0000002949100000) (1024K)]
  0x0000017d4d7d5ce0 JavaThread "pool-2-thread-1"                   [_thread_blocked, id=20376, stack(0x0000002949100000,0x0000002949200000) (1024K)]
  0x0000017d4dd3d790 JavaThread "WorkspaceEventsHandler"            [_thread_blocked, id=27560, stack(0x0000002949200000,0x0000002949300000) (1024K)]
  0x0000017d4d34cde0 JavaThread "pool-1-thread-1"                   [_thread_blocked, id=24712, stack(0x0000002949300000,0x0000002949400000) (1024K)]
  0x0000017d4e71aac0 JavaThread "ForkJoinPool.commonPool-worker-1" daemon [_thread_blocked, id=24628, stack(0x0000002949400000,0x0000002949500000) (1024K)]
  0x0000017d4df88fe0 JavaThread "ForkJoinPool.commonPool-worker-2" daemon [_thread_blocked, id=26280, stack(0x0000002949500000,0x0000002949600000) (1024K)]
  0x0000017d4c1b5240 JavaThread "Timer-0"                           [_thread_blocked, id=20736, stack(0x0000002949600000,0x0000002949700000) (1024K)]
  0x0000017d4d042ca0 JavaThread "Exec process"                      [_thread_blocked, id=25904, stack(0x0000002947e00000,0x0000002947f00000) (1024K)]
  0x0000017d4c1b58d0 JavaThread "Exec process Thread 2"             [_thread_blocked, id=21268, stack(0x0000002949800000,0x0000002949900000) (1024K)]
  0x0000017d4c1b3e90 JavaThread "Exec process Thread 3"             [_thread_blocked, id=3956, stack(0x0000002949900000,0x0000002949a00000) (1024K)]
  0x0000017d4dd37600 JavaThread "C2 CompilerThread2"         daemon [_thread_blocked, id=12592, stack(0x0000002949700000,0x0000002949800000) (1024K)]
  0x0000017d4d7d6370 JavaThread "ForkJoinPool.commonPool-worker-3" daemon [_thread_blocked, id=24948, stack(0x0000002947700000,0x0000002947800000) (1024K)]
  0x0000017d4d7d7090 JavaThread "ForkJoinPool.commonPool-worker-4" daemon [_thread_blocked, id=2384, stack(0x0000002949a00000,0x0000002949b00000) (1024K)]
  0x0000017d4fb55fa0 JavaThread "Worker-6"                          [_thread_blocked, id=21632, stack(0x0000002949b00000,0x0000002949c00000) (1024K)]
  0x0000017d5798a700 JavaThread "ForkJoinPool.commonPool-worker-5" daemon [_thread_in_Java, id=9704, stack(0x0000002949c00000,0x0000002949d00000) (1024K)]
  0x0000017d4dd236e0 JavaThread "ForkJoinPool.commonPool-worker-6" daemon [_thread_blocked, id=30496, stack(0x0000002949d00000,0x0000002949e00000) (1024K)]
Total: 55

Other Threads:
  0x0000017d6c3e48f0 VMThread "VM Thread"                           [id=18800, stack(0x0000002945c00000,0x0000002945d00000) (1024K)]
  0x0000017d0273ba00 WatcherThread "VM Periodic Task Thread"        [id=12032, stack(0x0000002945b00000,0x0000002945c00000) (1024K)]
  0x0000017d6c35e600 WorkerThread "GC Thread#0"                     [id=22924, stack(0x0000002945a00000,0x0000002945b00000) (1024K)]
  0x0000017d4a2aad20 WorkerThread "GC Thread#1"                     [id=22796, stack(0x0000002946900000,0x0000002946a00000) (1024K)]
  0x0000017d4a6da860 WorkerThread "GC Thread#2"                     [id=24096, stack(0x0000002946a00000,0x0000002946b00000) (1024K)]
  0x0000017d4a6dac00 WorkerThread "GC Thread#3"                     [id=28332, stack(0x0000002946b00000,0x0000002946c00000) (1024K)]
  0x0000017d4a8f9af0 WorkerThread "GC Thread#4"                     [id=12320, stack(0x0000002946c00000,0x0000002946d00000) (1024K)]
  0x0000017d4a8f9e90 WorkerThread "GC Thread#5"                     [id=10264, stack(0x0000002946d00000,0x0000002946e00000) (1024K)]
  0x0000017d4a8fa230 WorkerThread "GC Thread#6"                     [id=21896, stack(0x0000002946e00000,0x0000002946f00000) (1024K)]
  0x0000017d4aacb050 WorkerThread "GC Thread#7"                     [id=22056, stack(0x0000002947100000,0x0000002947200000) (1024K)]
  0x0000017d4aacacb0 WorkerThread "GC Thread#8"                     [id=26236, stack(0x0000002947500000,0x0000002947600000) (1024K)]
  0x0000017d4aacbed0 WorkerThread "GC Thread#9"                     [id=24500, stack(0x0000002947600000,0x0000002947700000) (1024K)]
Total: 12

Threads with active compile tasks:
C2 CompilerThread0  10254 7848       4       java.lang.invoke.MethodHandleImpl::makePairwiseConvertByEditor (617 bytes)
Total: 1

VM state: not at safepoint (normal execution)

VM Mutex/Monitor currently owned by a thread:  ([mutex/lock_event])
[0x00007ffaaf8abf00] MethodCompileQueue_lock - owner thread: 0x0000000000000000

Heap address: 0x00000000c0000000, size: 1024 MB, Compressed Oops mode: 32-bit

CDS archive(s) mapped at: [0x0000017d03000000-0x0000017d03ba0000-0x0000017d03ba0000), size 12189696, SharedBaseAddress: 0x0000017d03000000, ArchiveRelocationMode: 1.
Compressed class space mapped at: 0x0000017d04000000-0x0000017d44000000, reserved size: 1073741824
Narrow klass base: 0x0000017d03000000, Narrow klass shift: 0, Narrow klass range: 0x100000000

GC Precious Log:
 CardTable entry size: 512
 CPUs: 12 total, 12 available
 Memory: 15790M
 Large Page Support: Disabled
 NUMA Support: Disabled
 Compressed Oops: Enabled (32-bit)
 Alignments: Space 512K, Generation 512K, Heap 2M
 Heap Min Capacity: 100M
 Heap Initial Capacity: 100M
 Heap Max Capacity: 1G
 Pre-touch: Disabled
 Parallel Workers: 10

Heap:
 PSYoungGen      total 16384K, used 3952K [0x00000000eab00000, 0x00000000ebd80000, 0x0000000100000000)
  eden space 15872K, 21% used [0x00000000eab00000,0x00000000eae5c098,0x00000000eba80000)
  from space 512K, 100% used [0x00000000ebc00000,0x00000000ebc80000,0x00000000ebc80000)
  to   space 1024K, 0% used [0x00000000ebc80000,0x00000000ebc80000,0x00000000ebd80000)
 ParOldGen       total 68608K, used 53437K [0x00000000c0000000, 0x00000000c4300000, 0x00000000eab00000)
  object space 68608K, 77% used [0x00000000c0000000,0x00000000c342f540,0x00000000c4300000)
 Metaspace       used 63664K, committed 65088K, reserved 1114112K
  class space    used 7249K, committed 7872K, reserved 1048576K

Card table byte_map: [0x0000017d000f0000,0x0000017d00300000] _byte_map_base: 0x0000017cffaf0000

Marking Bits: (ParMarkBitMap*) 0x00007ffaaf8b2250
 Begin Bits: [0x0000017d00460000, 0x0000017d01460000)
 End Bits:   [0x0000017d01460000, 0x0000017d02460000)

Polling page: 0x0000017d6c2d0000

Metaspace:

Usage:
  Non-class:     55.10 MB used.
      Class:      7.08 MB used.
       Both:     62.18 MB used.

Virtual space:
  Non-class space:       64.00 MB reserved,      55.88 MB ( 87%) committed,  1 nodes.
      Class space:        1.00 GB reserved,       7.69 MB ( <1%) committed,  1 nodes.
             Both:        1.06 GB reserved,      63.56 MB (  6%) committed. 

Chunk freelists:
   Non-Class:  7.77 MB
       Class:  8.23 MB
        Both:  16.00 MB

MaxMetaspaceSize: unlimited
CompressedClassSpaceSize: 1.00 GB
Initial GC threshold: 21.00 MB
Current GC threshold: 97.31 MB
CDS: on
 - commit_granule_bytes: 65536.
 - commit_granule_words: 8192.
 - virtual_space_node_default_size: 8388608.
 - enlarge_chunks_in_place: 1.
 - use_allocation_guard: 0.


Internal statistics:

num_allocs_failed_limit: 9.
num_arena_births: 1058.
num_arena_deaths: 70.
num_vsnodes_births: 2.
num_vsnodes_deaths: 0.
num_space_committed: 1017.
num_space_uncommitted: 0.
num_chunks_returned_to_freelist: 104.
num_chunks_taken_from_freelist: 3955.
num_chunk_merges: 35.
num_chunk_splits: 2514.
num_chunks_enlarged: 1527.
num_inconsistent_stats: 0.

CodeHeap 'non-profiled nmethods': size=120000Kb used=4711Kb max_used=4711Kb free=115288Kb
 bounds [0x0000017d78930000, 0x0000017d78dd0000, 0x0000017d7fe60000]
CodeHeap 'profiled nmethods': size=120000Kb used=14621Kb max_used=14621Kb free=105378Kb
 bounds [0x0000017d70e60000, 0x0000017d71cb0000, 0x0000017d78390000]
CodeHeap 'non-nmethods': size=5760Kb used=1404Kb max_used=1446Kb free=4355Kb
 bounds [0x0000017d78390000, 0x0000017d78600000, 0x0000017d78930000]
 total_blobs=7993 nmethods=7281 adapters=618
 compilation: enabled
              stopped_count=0, restarted_count=0
 full_count=0

Compilation events (20 events):
Event: 10.211 Thread 0x0000017d44cf6040 8064       1       org.eclipse.core.internal.dtree.DeltaDataTree::getRootNode (5 bytes)
Event: 10.211 Thread 0x0000017d44cf6040 nmethod 8064 0x0000017d78dc8910 code [0x0000017d78dc8aa0, 0x0000017d78dc8b68]
Event: 10.211 Thread 0x0000017d44cf6040 8060       1       com.google.gson.FormattingStyle::getNewline (5 bytes)
Event: 10.211 Thread 0x0000017d44cf6040 nmethod 8060 0x0000017d78dc8c10 code [0x0000017d78dc8da0, 0x0000017d78dc8e68]
Event: 10.211 Thread 0x0000017d44cf6040 8061       1       com.google.gson.FormattingStyle::getIndent (5 bytes)
Event: 10.211 Thread 0x0000017d44cf6040 nmethod 8061 0x0000017d78dc8f10 code [0x0000017d78dc90a0, 0x0000017d78dc9168]
Event: 10.211 Thread 0x0000017d44cf6040 8047       1       org.eclipse.jdt.internal.core.ClasspathEntry::getEntryKind (5 bytes)
Event: 10.212 Thread 0x0000017d44cf6040 nmethod 8047 0x0000017d78dc9210 code [0x0000017d78dc93a0, 0x0000017d78dc9468]
Event: 10.212 Thread 0x0000017d44cf6040 8032       3       org.eclipse.core.internal.resources.ProjectVariableProviderManager::getDefault (4 bytes)
Event: 10.212 Thread 0x0000017d44cf6040 nmethod 8032 0x0000017d71c9b890 code [0x0000017d71c9ba20, 0x0000017d71c9bb18]
Event: 10.212 Thread 0x0000017d44cf6040 8065       1       org.eclipse.lsp4j.jsonrpc.messages.Either::getLeft (5 bytes)
Event: 10.212 Thread 0x0000017d44cf6040 nmethod 8065 0x0000017d78dc9510 code [0x0000017d78dc96a0, 0x0000017d78dc9768]
Event: 10.217 Thread 0x0000017d44cf6040 8066   !   3       org.eclipse.osgi.internal.log.ExtendedLogReaderServiceFactory::safeIsLoggable (30 bytes)
Event: 10.217 Thread 0x0000017d44cf6040 nmethod 8066 0x0000017d71c9bb90 code [0x0000017d71c9bda0, 0x0000017d71c9c448]
Event: 10.218 Thread 0x0000017d44cf6040 8067       3       org.eclipse.osgi.framework.util.ArrayMap::getValue (11 bytes)
Event: 10.218 Thread 0x0000017d44cf6040 nmethod 8067 0x0000017d71c9c610 code [0x0000017d71c9c7c0, 0x0000017d71c9c998]
Event: 10.218 Thread 0x0000017d44cf6040 8068       3       org.eclipse.osgi.internal.log.EquinoxLogWriter::write (27 bytes)
Event: 10.219 Thread 0x0000017d44cf6040 nmethod 8068 0x0000017d71c9ca90 code [0x0000017d71c9cc60, 0x0000017d71c9cf80]
Event: 10.219 Thread 0x0000017d44cf6040 8069       3       java.util.ImmutableCollections$Set12::<init> (20 bytes)
Event: 10.220 Thread 0x0000017d44cf6040 nmethod 8069 0x0000017d71c9d090 code [0x0000017d71c9d260, 0x0000017d71c9d668]

GC Heap History (20 events):
Event: 9.365 GC heap before
{Heap before GC invocations=36 (full 2):
 PSYoungGen      total 17408K, used 17273K [0x00000000eab00000, 0x00000000ebe80000, 0x0000000100000000)
  eden space 15872K, 99% used [0x00000000eab00000,0x00000000eba7e638,0x00000000eba80000)
  from space 1536K, 91% used [0x00000000eba80000,0x00000000ebbe0020,0x00000000ebc00000)
  to   space 2048K, 0% used [0x00000000ebc80000,0x00000000ebc80000,0x00000000ebe80000)
 ParOldGen       total 68608K, used 48614K [0x00000000c0000000, 0x00000000c4300000, 0x00000000eab00000)
  object space 68608K, 70% used [0x00000000c0000000,0x00000000c2f79858,0x00000000c4300000)
 Metaspace       used 58218K, committed 59520K, reserved 1114112K
  class space    used 6719K, committed 7296K, reserved 1048576K
}
Event: 9.368 GC heap after
{Heap after GC invocations=36 (full 2):
 PSYoungGen      total 17920K, used 1800K [0x00000000eab00000, 0x00000000ebe80000, 0x0000000100000000)
  eden space 15872K, 0% used [0x00000000eab00000,0x00000000eab00000,0x00000000eba80000)
  from space 2048K, 87% used [0x00000000ebc80000,0x00000000ebe423b8,0x00000000ebe80000)
  to   space 2048K, 0% used [0x00000000eba80000,0x00000000eba80000,0x00000000ebc80000)
 ParOldGen       total 68608K, used 49906K [0x00000000c0000000, 0x00000000c4300000, 0x00000000eab00000)
  object space 68608K, 72% used [0x00000000c0000000,0x00000000c30bc978,0x00000000c4300000)
 Metaspace       used 58218K, committed 59520K, reserved 1114112K
  class space    used 6719K, committed 7296K, reserved 1048576K
}
Event: 9.389 GC heap before
{Heap before GC invocations=37 (full 2):
 PSYoungGen      total 17920K, used 17672K [0x00000000eab00000, 0x00000000ebe80000, 0x0000000100000000)
  eden space 15872K, 100% used [0x00000000eab00000,0x00000000eba80000,0x00000000eba80000)
  from space 2048K, 87% used [0x00000000ebc80000,0x00000000ebe423b8,0x00000000ebe80000)
  to   space 2048K, 0% used [0x00000000eba80000,0x00000000eba80000,0x00000000ebc80000)
 ParOldGen       total 68608K, used 49906K [0x00000000c0000000, 0x00000000c4300000, 0x00000000eab00000)
  object space 68608K, 72% used [0x00000000c0000000,0x00000000c30bc978,0x00000000c4300000)
 Metaspace       used 58234K, committed 59584K, reserved 1114112K
  class space    used 6719K, committed 7296K, reserved 1048576K
}
Event: 9.391 GC heap after
{Heap after GC invocations=37 (full 2):
 PSYoungGen      total 17920K, used 2024K [0x00000000eab00000, 0x00000000ec280000, 0x0000000100000000)
  eden space 15872K, 0% used [0x00000000eab00000,0x00000000eab00000,0x00000000eba80000)
  from space 2048K, 98% used [0x00000000eba80000,0x00000000ebc7a110,0x00000000ebc80000)
  to   space 4096K, 0% used [0x00000000ebe80000,0x00000000ebe80000,0x00000000ec280000)
 ParOldGen       total 68608K, used 51403K [0x00000000c0000000, 0x00000000c4300000, 0x00000000eab00000)
  object space 68608K, 74% used [0x00000000c0000000,0x00000000c3232d10,0x00000000c4300000)
 Metaspace       used 58234K, committed 59584K, reserved 1114112K
  class space    used 6719K, committed 7296K, reserved 1048576K
}
Event: 9.408 GC heap before
{Heap before GC invocations=38 (full 2):
 PSYoungGen      total 17920K, used 17896K [0x00000000eab00000, 0x00000000ec280000, 0x0000000100000000)
  eden space 15872K, 100% used [0x00000000eab00000,0x00000000eba80000,0x00000000eba80000)
  from space 2048K, 98% used [0x00000000eba80000,0x00000000ebc7a110,0x00000000ebc80000)
  to   space 4096K, 0% used [0x00000000ebe80000,0x00000000ebe80000,0x00000000ec280000)
 ParOldGen       total 68608K, used 51403K [0x00000000c0000000, 0x00000000c4300000, 0x00000000eab00000)
  object space 68608K, 74% used [0x00000000c0000000,0x00000000c3232d10,0x00000000c4300000)
 Metaspace       used 58236K, committed 59584K, reserved 1114112K
  class space    used 6719K, committed 7296K, reserved 1048576K
}
Event: 9.410 GC heap after
{Heap after GC invocations=38 (full 2):
 PSYoungGen      total 17920K, used 1750K [0x00000000eab00000, 0x00000000ec080000, 0x0000000100000000)
  eden space 15872K, 0% used [0x00000000eab00000,0x00000000eab00000,0x00000000eba80000)
  from space 2048K, 85% used [0x00000000ebe80000,0x00000000ec035a08,0x00000000ec080000)
  to   space 2560K, 0% used [0x00000000ebb80000,0x00000000ebb80000,0x00000000ebe00000)
 ParOldGen       total 68608K, used 52679K [0x00000000c0000000, 0x00000000c4300000, 0x00000000eab00000)
  object space 68608K, 76% used [0x00000000c0000000,0x00000000c3371d10,0x00000000c4300000)
 Metaspace       used 58236K, committed 59584K, reserved 1114112K
  class space    used 6719K, committed 7296K, reserved 1048576K
}
Event: 9.423 GC heap before
{Heap before GC invocations=39 (full 2):
 PSYoungGen      total 17920K, used 17622K [0x00000000eab00000, 0x00000000ec080000, 0x0000000100000000)
  eden space 15872K, 100% used [0x00000000eab00000,0x00000000eba80000,0x00000000eba80000)
  from space 2048K, 85% used [0x00000000ebe80000,0x00000000ec035a08,0x00000000ec080000)
  to   space 2560K, 0% used [0x00000000ebb80000,0x00000000ebb80000,0x00000000ebe00000)
 ParOldGen       total 68608K, used 52679K [0x00000000c0000000, 0x00000000c4300000, 0x00000000eab00000)
  object space 68608K, 76% used [0x00000000c0000000,0x00000000c3371d10,0x00000000c4300000)
 Metaspace       used 58237K, committed 59584K, reserved 1114112K
  class space    used 6719K, committed 7296K, reserved 1048576K
}
Event: 9.425 GC heap after
{Heap after GC invocations=39 (full 2):
 PSYoungGen      total 17920K, used 1558K [0x00000000eab00000, 0x00000000ebf00000, 0x0000000100000000)
  eden space 15872K, 0% used [0x00000000eab00000,0x00000000eab00000,0x00000000eba80000)
  from space 2048K, 76% used [0x00000000ebb80000,0x00000000ebd05a80,0x00000000ebd80000)
  to   space 1536K, 0% used [0x00000000ebd80000,0x00000000ebd80000,0x00000000ebf00000)
 ParOldGen       total 68608K, used 53799K [0x00000000c0000000, 0x00000000c4300000, 0x00000000eab00000)
  object space 68608K, 78% used [0x00000000c0000000,0x00000000c3489d10,0x00000000c4300000)
 Metaspace       used 58237K, committed 59584K, reserved 1114112K
  class space    used 6719K, committed 7296K, reserved 1048576K
}
Event: 9.441 GC heap before
{Heap before GC invocations=40 (full 2):
 PSYoungGen      total 17920K, used 17430K [0x00000000eab00000, 0x00000000ebf00000, 0x0000000100000000)
  eden space 15872K, 100% used [0x00000000eab00000,0x00000000eba80000,0x00000000eba80000)
  from space 2048K, 76% used [0x00000000ebb80000,0x00000000ebd05a80,0x00000000ebd80000)
  to   space 1536K, 0% used [0x00000000ebd80000,0x00000000ebd80000,0x00000000ebf00000)
 ParOldGen       total 68608K, used 53799K [0x00000000c0000000, 0x00000000c4300000, 0x00000000eab00000)
  object space 68608K, 78% used [0x00000000c0000000,0x00000000c3489d10,0x00000000c4300000)
 Metaspace       used 58430K, committed 59776K, reserved 1114112K
  class space    used 6725K, committed 7296K, reserved 1048576K
}
Event: 9.444 GC heap after
{Heap after GC invocations=40 (full 2):
 PSYoungGen      total 17408K, used 1216K [0x00000000eab00000, 0x00000000ebf00000, 0x0000000100000000)
  eden space 15872K, 0% used [0x00000000eab00000,0x00000000eab00000,0x00000000eba80000)
  from space 1536K, 79% used [0x00000000ebd80000,0x00000000ebeb0000,0x00000000ebf00000)
  to   space 1536K, 0% used [0x00000000ebc00000,0x00000000ebc00000,0x00000000ebd80000)
 ParOldGen       total 68608K, used 54775K [0x00000000c0000000, 0x00000000c4300000, 0x00000000eab00000)
  object space 68608K, 79% used [0x00000000c0000000,0x00000000c357dd20,0x00000000c4300000)
 Metaspace       used 58430K, committed 59776K, reserved 1114112K
  class space    used 6725K, committed 7296K, reserved 1048576K
}
Event: 9.449 GC heap before
{Heap before GC invocations=41 (full 2):
 PSYoungGen      total 17408K, used 6260K [0x00000000eab00000, 0x00000000ebf00000, 0x0000000100000000)
  eden space 15872K, 31% used [0x00000000eab00000,0x00000000eafed050,0x00000000eba80000)
  from space 1536K, 79% used [0x00000000ebd80000,0x00000000ebeb0000,0x00000000ebf00000)
  to   space 1536K, 0% used [0x00000000ebc00000,0x00000000ebc00000,0x00000000ebd80000)
 ParOldGen       total 68608K, used 54775K [0x00000000c0000000, 0x00000000c4300000, 0x00000000eab00000)
  object space 68608K, 79% used [0x00000000c0000000,0x00000000c357dd20,0x00000000c4300000)
 Metaspace       used 58500K, committed 59776K, reserved 1114112K
  class space    used 6735K, committed 7296K, reserved 1048576K
}
Event: 9.451 GC heap after
{Heap after GC invocations=41 (full 2):
 PSYoungGen      total 16896K, used 544K [0x00000000eab00000, 0x00000000ebe00000, 0x0000000100000000)
  eden space 15872K, 0% used [0x00000000eab00000,0x00000000eab00000,0x00000000eba80000)
  from space 1024K, 53% used [0x00000000ebc00000,0x00000000ebc88000,0x00000000ebd00000)
  to   space 1024K, 0% used [0x00000000ebd00000,0x00000000ebd00000,0x00000000ebe00000)
 ParOldGen       total 68608K, used 55831K [0x00000000c0000000, 0x00000000c4300000, 0x00000000eab00000)
  object space 68608K, 81% used [0x00000000c0000000,0x00000000c3685d20,0x00000000c4300000)
 Metaspace       used 58500K, committed 59776K, reserved 1114112K
  class space    used 6735K, committed 7296K, reserved 1048576K
}
Event: 9.451 GC heap before
{Heap before GC invocations=42 (full 3):
 PSYoungGen      total 16896K, used 544K [0x00000000eab00000, 0x00000000ebe00000, 0x0000000100000000)
  eden space 15872K, 0% used [0x00000000eab00000,0x00000000eab00000,0x00000000eba80000)
  from space 1024K, 53% used [0x00000000ebc00000,0x00000000ebc88000,0x00000000ebd00000)
  to   space 1024K, 0% used [0x00000000ebd00000,0x00000000ebd00000,0x00000000ebe00000)
 ParOldGen       total 68608K, used 55831K [0x00000000c0000000, 0x00000000c4300000, 0x00000000eab00000)
  object space 68608K, 81% used [0x00000000c0000000,0x00000000c3685d20,0x00000000c4300000)
 Metaspace       used 58500K, committed 59776K, reserved 1114112K
  class space    used 6735K, committed 7296K, reserved 1048576K
}
Event: 9.503 GC heap after
{Heap after GC invocations=42 (full 3):
 PSYoungGen      total 16896K, used 0K [0x00000000eab00000, 0x00000000ebe00000, 0x0000000100000000)
  eden space 15872K, 0% used [0x00000000eab00000,0x00000000eab00000,0x00000000eba80000)
  from space 1024K, 0% used [0x00000000ebc00000,0x00000000ebc00000,0x00000000ebd00000)
  to   space 1024K, 0% used [0x00000000ebd00000,0x00000000ebd00000,0x00000000ebe00000)
 ParOldGen       total 68608K, used 51147K [0x00000000c0000000, 0x00000000c4300000, 0x00000000eab00000)
  object space 68608K, 74% used [0x00000000c0000000,0x00000000c31f2e90,0x00000000c4300000)
 Metaspace       used 58466K, committed 59776K, reserved 1114112K
  class space    used 6726K, committed 7296K, reserved 1048576K
}
Event: 9.555 GC heap before
{Heap before GC invocations=43 (full 3):
 PSYoungGen      total 16896K, used 15726K [0x00000000eab00000, 0x00000000ebe00000, 0x0000000100000000)
  eden space 15872K, 99% used [0x00000000eab00000,0x00000000eba5b9a0,0x00000000eba80000)
  from space 1024K, 0% used [0x00000000ebc00000,0x00000000ebc00000,0x00000000ebd00000)
  to   space 1024K, 0% used [0x00000000ebd00000,0x00000000ebd00000,0x00000000ebe00000)
 ParOldGen       total 68608K, used 51147K [0x00000000c0000000, 0x00000000c4300000, 0x00000000eab00000)
  object space 68608K, 74% used [0x00000000c0000000,0x00000000c31f2e90,0x00000000c4300000)
 Metaspace       used 59612K, committed 60992K, reserved 1114112K
  class space    used 6837K, committed 7424K, reserved 1048576K
}
Event: 9.556 GC heap after
{Heap after GC invocations=43 (full 3):
 PSYoungGen      total 16896K, used 1024K [0x00000000eab00000, 0x00000000ebe00000, 0x0000000100000000)
  eden space 15872K, 0% used [0x00000000eab00000,0x00000000eab00000,0x00000000eba80000)
  from space 1024K, 100% used [0x00000000ebd00000,0x00000000ebe00000,0x00000000ebe00000)
  to   space 1536K, 0% used [0x00000000ebb00000,0x00000000ebb00000,0x00000000ebc80000)
 ParOldGen       total 68608K, used 51306K [0x00000000c0000000, 0x00000000c4300000, 0x00000000eab00000)
  object space 68608K, 74% used [0x00000000c0000000,0x00000000c321a8d0,0x00000000c4300000)
 Metaspace       used 59612K, committed 60992K, reserved 1114112K
  class space    used 6837K, committed 7424K, reserved 1048576K
}
Event: 9.846 GC heap before
{Heap before GC invocations=44 (full 3):
 PSYoungGen      total 16896K, used 16861K [0x00000000eab00000, 0x00000000ebe00000, 0x0000000100000000)
  eden space 15872K, 99% used [0x00000000eab00000,0x00000000eba777f8,0x00000000eba80000)
  from space 1024K, 100% used [0x00000000ebd00000,0x00000000ebe00000,0x00000000ebe00000)
  to   space 1536K, 0% used [0x00000000ebb00000,0x00000000ebb00000,0x00000000ebc80000)
 ParOldGen       total 68608K, used 51306K [0x00000000c0000000, 0x00000000c4300000, 0x00000000eab00000)
  object space 68608K, 74% used [0x00000000c0000000,0x00000000c321a8d0,0x00000000c4300000)
 Metaspace       used 60632K, committed 61952K, reserved 1114112K
  class space    used 6929K, committed 7488K, reserved 1048576K
}
Event: 9.847 GC heap after
{Heap after GC invocations=44 (full 3):
 PSYoungGen      total 17408K, used 432K [0x00000000eab00000, 0x00000000ebd80000, 0x0000000100000000)
  eden space 15872K, 0% used [0x00000000eab00000,0x00000000eab00000,0x00000000eba80000)
  from space 1536K, 28% used [0x00000000ebb00000,0x00000000ebb6c010,0x00000000ebc80000)
  to   space 1024K, 0% used [0x00000000ebc80000,0x00000000ebc80000,0x00000000ebd80000)
 ParOldGen       total 68608K, used 52330K [0x00000000c0000000, 0x00000000c4300000, 0x00000000eab00000)
  object space 68608K, 76% used [0x00000000c0000000,0x00000000c331aad0,0x00000000c4300000)
 Metaspace       used 60632K, committed 61952K, reserved 1114112K
  class space    used 6929K, committed 7488K, reserved 1048576K
}
Event: 10.050 GC heap before
{Heap before GC invocations=45 (full 3):
 PSYoungGen      total 17408K, used 16304K [0x00000000eab00000, 0x00000000ebd80000, 0x0000000100000000)
  eden space 15872K, 100% used [0x00000000eab00000,0x00000000eba80000,0x00000000eba80000)
  from space 1536K, 28% used [0x00000000ebb00000,0x00000000ebb6c010,0x00000000ebc80000)
  to   space 1024K, 0% used [0x00000000ebc80000,0x00000000ebc80000,0x00000000ebd80000)
 ParOldGen       total 68608K, used 52330K [0x00000000c0000000, 0x00000000c4300000, 0x00000000eab00000)
  object space 68608K, 76% used [0x00000000c0000000,0x00000000c331aad0,0x00000000c4300000)
 Metaspace       used 61788K, committed 63104K, reserved 1114112K
  class space    used 7037K, committed 7616K, reserved 1048576K
}
Event: 10.051 GC heap after
{Heap after GC invocations=45 (full 3):
 PSYoungGen      total 16384K, used 352K [0x00000000eab00000, 0x00000000ebd00000, 0x0000000100000000)
  eden space 15872K, 0% used [0x00000000eab00000,0x00000000eab00000,0x00000000eba80000)
  from space 512K, 68% used [0x00000000ebc80000,0x00000000ebcd8000,0x00000000ebd00000)
  to   space 512K, 0% used [0x00000000ebc00000,0x00000000ebc00000,0x00000000ebc80000)
 ParOldGen       total 68608K, used 52599K [0x00000000c0000000, 0x00000000c4300000, 0x00000000eab00000)
  object space 68608K, 76% used [0x00000000c0000000,0x00000000c335dc38,0x00000000c4300000)
 Metaspace       used 61788K, committed 63104K, reserved 1114112K
  class space    used 7037K, committed 7616K, reserved 1048576K
}

Dll operation events (13 events):
Event: 0.011 Loaded shared library c:\Users\sasad\.vscode\extensions\redhat.java-1.39.0-win32-x64\jre\21.0.5-win32-x86_64\bin\java.dll
Event: 0.071 Loaded shared library c:\Users\sasad\.vscode\extensions\redhat.java-1.39.0-win32-x64\jre\21.0.5-win32-x86_64\bin\zip.dll
Event: 0.086 Loaded shared library C:\Users\sasad\.vscode\extensions\redhat.java-1.39.0-win32-x64\jre\21.0.5-win32-x86_64\bin\instrument.dll
Event: 0.090 Loaded shared library C:\Users\sasad\.vscode\extensions\redhat.java-1.39.0-win32-x64\jre\21.0.5-win32-x86_64\bin\net.dll
Event: 0.093 Loaded shared library C:\Users\sasad\.vscode\extensions\redhat.java-1.39.0-win32-x64\jre\21.0.5-win32-x86_64\bin\nio.dll
Event: 0.096 Loaded shared library C:\Users\sasad\.vscode\extensions\redhat.java-1.39.0-win32-x64\jre\21.0.5-win32-x86_64\bin\zip.dll
Event: 0.110 Loaded shared library C:\Users\sasad\.vscode\extensions\redhat.java-1.39.0-win32-x64\jre\21.0.5-win32-x86_64\bin\jimage.dll
Event: 0.168 Loaded shared library c:\Users\sasad\.vscode\extensions\redhat.java-1.39.0-win32-x64\jre\21.0.5-win32-x86_64\bin\verify.dll
Event: 1.234 Loaded shared library C:\Users\sasad\AppData\Roaming\Code\User\globalStorage\redhat.java\1.39.0\config_win\org.eclipse.equinox.launcher\org.eclipse.equinox.launcher.win32.win32.x86_64_1.2.1100.v20240722-2106\eclipse_11904.dll
Event: 2.874 Loaded shared library C:\Users\sasad\AppData\Local\Temp\jna-109208264\jna3352152327101894143.dll
Event: 7.509 Loaded shared library C:\Users\sasad\.gradle\native\e1d6ef7f7dcc3fd88c89a11ec53ec762bb8ba0a96d01ffa2cd45eb1d1d8dd5c5\windows-amd64\native-platform.dll
Event: 8.093 Loaded shared library C:\Users\sasad\.vscode\extensions\redhat.java-1.39.0-win32-x64\jre\21.0.5-win32-x86_64\bin\management.dll
Event: 8.095 Loaded shared library C:\Users\sasad\.vscode\extensions\redhat.java-1.39.0-win32-x64\jre\21.0.5-win32-x86_64\bin\management_ext.dll

Deoptimization events (20 events):
Event: 10.125 Thread 0x0000017d4b01ab30 DEOPT PACKING pc=0x0000017d78b7dd04 sp=0x0000002947cfc8c0
Event: 10.125 Thread 0x0000017d4b01ab30 DEOPT UNPACKING pc=0x0000017d783e3aa2 sp=0x0000002947cfc848 mode 2
Event: 10.186 Thread 0x0000017d5798a700 Uncommon trap: trap_request=0xffffffcc fr.pc=0x0000017d78dc237c relative=0x000000000000013c
Event: 10.186 Thread 0x0000017d5798a700 Uncommon trap: reason=intrinsic_or_type_checked_inlining action=make_not_entrant pc=0x0000017d78dc237c method=java.util.ArrayList.toArray([Ljava/lang/Object;)[Ljava/lang/Object; @ 36 c2
Event: 10.186 Thread 0x0000017d5798a700 DEOPT PACKING pc=0x0000017d78dc237c sp=0x0000002949cfea70
Event: 10.186 Thread 0x0000017d5798a700 DEOPT UNPACKING pc=0x0000017d783e3aa2 sp=0x0000002949cfea20 mode 2
Event: 10.190 Thread 0x0000017d5798a700 DEOPT PACKING pc=0x0000017d70fa31d3 sp=0x0000002949cfe7e0
Event: 10.190 Thread 0x0000017d5798a700 DEOPT UNPACKING pc=0x0000017d783e4242 sp=0x0000002949cfdce8 mode 3
Event: 10.190 Thread 0x0000017d5798a700 Uncommon trap: trap_request=0xffffff45 fr.pc=0x0000017d78dbe318 relative=0x0000000000000b98
Event: 10.190 Thread 0x0000017d5798a700 Uncommon trap: reason=unstable_if action=reinterpret pc=0x0000017d78dbe318 method=java.util.concurrent.ConcurrentHashMap.putVal(Ljava/lang/Object;Ljava/lang/Object;Z)Ljava/lang/Object; @ 245 c2
Event: 10.190 Thread 0x0000017d5798a700 DEOPT PACKING pc=0x0000017d78dbe318 sp=0x0000002949cfe9e0
Event: 10.190 Thread 0x0000017d5798a700 DEOPT UNPACKING pc=0x0000017d783e3aa2 sp=0x0000002949cfe978 mode 2
Event: 10.194 Thread 0x0000017d4b01ab30 Uncommon trap: trap_request=0xffffff6e fr.pc=0x0000017d78dc06d4 relative=0x0000000000000194
Event: 10.194 Thread 0x0000017d4b01ab30 Uncommon trap: reason=loop_limit_check action=maybe_recompile pc=0x0000017d78dc06d4 method=org.eclipse.jdt.internal.core.util.HashtableOfArrayToObject.hashCode([Ljava/lang/Object;I)I @ 27 c2
Event: 10.194 Thread 0x0000017d4b01ab30 DEOPT PACKING pc=0x0000017d78dc06d4 sp=0x0000002947cfe820
Event: 10.194 Thread 0x0000017d4b01ab30 DEOPT UNPACKING pc=0x0000017d783e3aa2 sp=0x0000002947cfe798 mode 2
Event: 10.220 Thread 0x0000017d4b01ab30 Uncommon trap: trap_request=0xfffffff4 fr.pc=0x0000017d78dc6d90 relative=0x0000000000000eb0
Event: 10.220 Thread 0x0000017d4b01ab30 Uncommon trap: reason=null_check action=make_not_entrant pc=0x0000017d78dc6d90 method=org.eclipse.jdt.internal.core.JavaModelCache.getInfo(Lorg/eclipse/jdt/core/IJavaElement;)Lorg/eclipse/jdt/internal/compiler/env/IElementInfo; @ 61 c2
Event: 10.220 Thread 0x0000017d4b01ab30 DEOPT PACKING pc=0x0000017d78dc6d90 sp=0x0000002947cff130
Event: 10.220 Thread 0x0000017d4b01ab30 DEOPT UNPACKING pc=0x0000017d783e3aa2 sp=0x0000002947cff080 mode 2

Classes loaded (20 events):
Event: 9.762 Loading class java/util/Vector$1
Event: 9.762 Loading class java/util/Vector$1 done
Event: 9.994 Loading class java/util/regex/Pattern$Caret
Event: 9.995 Loading class java/util/regex/Pattern$Caret done
Event: 10.068 Loading class java/util/stream/ReduceOps$4
Event: 10.068 Loading class java/util/stream/ReduceOps$4 done
Event: 10.068 Loading class java/util/stream/ReduceOps$4ReducingSink
Event: 10.069 Loading class java/util/stream/ReduceOps$4ReducingSink done
Event: 10.092 Loading class java/util/Hashtable$ValueCollection
Event: 10.093 Loading class java/util/Hashtable$ValueCollection done
Event: 10.095 Loading class java/util/WeakHashMap$KeyIterator
Event: 10.096 Loading class java/util/WeakHashMap$KeyIterator done
Event: 10.133 Loading class java/util/Hashtable$KeySet
Event: 10.133 Loading class java/util/Hashtable$KeySet done
Event: 10.164 Loading class java/util/stream/DistinctOps
Event: 10.165 Loading class java/util/stream/DistinctOps done
Event: 10.165 Loading class java/util/stream/DistinctOps$1
Event: 10.165 Loading class java/util/stream/DistinctOps$1 done
Event: 10.168 Loading class java/util/stream/DistinctOps$1$2
Event: 10.168 Loading class java/util/stream/DistinctOps$1$2 done

Classes unloaded (20 events):
Event: 5.313 Thread 0x0000017d6c3e48f0 Unloading class 0x0000017d0430a800 'java/lang/invoke/LambdaForm$MH+0x0000017d0430a800'
Event: 5.313 Thread 0x0000017d6c3e48f0 Unloading class 0x0000017d0430a400 'java/lang/invoke/LambdaForm$MH+0x0000017d0430a400'
Event: 9.460 Thread 0x0000017d6c3e48f0 Unloading class 0x0000017d046d9c00 'java/lang/invoke/LambdaForm$MH+0x0000017d046d9c00'
Event: 9.460 Thread 0x0000017d6c3e48f0 Unloading class 0x0000017d046d9000 'java/lang/invoke/LambdaForm$MH+0x0000017d046d9000'
Event: 9.460 Thread 0x0000017d6c3e48f0 Unloading class 0x0000017d046d9400 'java/lang/invoke/LambdaForm$MH+0x0000017d046d9400'
Event: 9.460 Thread 0x0000017d6c3e48f0 Unloading class 0x0000017d046d8800 'java/lang/invoke/LambdaForm$MH+0x0000017d046d8800'
Event: 9.460 Thread 0x0000017d6c3e48f0 Unloading class 0x0000017d046d8000 'java/lang/invoke/LambdaForm$MH+0x0000017d046d8000'
Event: 9.460 Thread 0x0000017d6c3e48f0 Unloading class 0x0000017d046d8400 'java/lang/invoke/LambdaForm$MH+0x0000017d046d8400'
Event: 9.460 Thread 0x0000017d6c3e48f0 Unloading class 0x0000017d046d7800 'java/lang/invoke/LambdaForm$MH+0x0000017d046d7800'
Event: 9.460 Thread 0x0000017d6c3e48f0 Unloading class 0x0000017d046d7400 'java/lang/invoke/LambdaForm$MH+0x0000017d046d7400'
Event: 9.460 Thread 0x0000017d6c3e48f0 Unloading class 0x0000017d046d7000 'java/lang/invoke/LambdaForm$MH+0x0000017d046d7000'
Event: 9.460 Thread 0x0000017d6c3e48f0 Unloading class 0x0000017d046d6800 'java/lang/invoke/LambdaForm$MH+0x0000017d046d6800'
Event: 9.460 Thread 0x0000017d6c3e48f0 Unloading class 0x0000017d046d6400 'java/lang/invoke/LambdaForm$MH+0x0000017d046d6400'
Event: 9.460 Thread 0x0000017d6c3e48f0 Unloading class 0x0000017d046d6000 'java/lang/invoke/LambdaForm$MH+0x0000017d046d6000'
Event: 9.460 Thread 0x0000017d6c3e48f0 Unloading class 0x0000017d046d5400 'java/lang/invoke/LambdaForm$MH+0x0000017d046d5400'
Event: 9.460 Thread 0x0000017d6c3e48f0 Unloading class 0x0000017d046d5800 'java/lang/invoke/LambdaForm$MH+0x0000017d046d5800'
Event: 9.460 Thread 0x0000017d6c3e48f0 Unloading class 0x0000017d046d5000 'java/lang/invoke/LambdaForm$MH+0x0000017d046d5000'
Event: 9.460 Thread 0x0000017d6c3e48f0 Unloading class 0x0000017d046d4800 'java/lang/invoke/LambdaForm$MH+0x0000017d046d4800'
Event: 9.460 Thread 0x0000017d6c3e48f0 Unloading class 0x0000017d046d4c00 'java/lang/invoke/LambdaForm$MH+0x0000017d046d4c00'
Event: 9.460 Thread 0x0000017d6c3e48f0 Unloading class 0x0000017d046d4000 'java/lang/invoke/LambdaForm$MH+0x0000017d046d4000'

Classes redefined (0 events):
No events

Internal exceptions (20 events):
Event: 10.163 Thread 0x0000017d4d34cde0 Exception <a 'java/lang/IncompatibleClassChangeError'{0x00000000eb6b6df8}: Found class java.lang.Object, but interface was expected> (0x00000000eb6b6df8) 
thrown [s\src\hotspot\share\interpreter\linkResolver.cpp, line 840]
Event: 10.181 Thread 0x0000017d5798a700 Exception <a 'sun/nio/fs/WindowsException'{0x00000000eb87d6d0}> (0x00000000eb87d6d0) 
thrown [s\src\hotspot\share\prims\jni.cpp, line 520]
Event: 10.182 Thread 0x0000017d5798a700 Exception <a 'sun/nio/fs/WindowsException'{0x00000000eb87dfd0}> (0x00000000eb87dfd0) 
thrown [s\src\hotspot\share\prims\jni.cpp, line 520]
Event: 10.182 Thread 0x0000017d5798a700 Exception <a 'sun/nio/fs/WindowsException'{0x00000000eb87ed20}> (0x00000000eb87ed20) 
thrown [s\src\hotspot\share\prims\jni.cpp, line 520]
Event: 10.182 Thread 0x0000017d5798a700 Exception <a 'sun/nio/fs/WindowsException'{0x00000000eb87f600}> (0x00000000eb87f600) 
thrown [s\src\hotspot\share\prims\jni.cpp, line 520]
Event: 10.183 Thread 0x0000017d5798a700 Exception <a 'sun/nio/fs/WindowsException'{0x00000000eb880d88}> (0x00000000eb880d88) 
thrown [s\src\hotspot\share\prims\jni.cpp, line 520]
Event: 10.183 Thread 0x0000017d5798a700 Exception <a 'sun/nio/fs/WindowsException'{0x00000000eb881668}> (0x00000000eb881668) 
thrown [s\src\hotspot\share\prims\jni.cpp, line 520]
Event: 10.187 Thread 0x0000017d4b01ab30 Exception <a 'sun/nio/fs/WindowsException'{0x00000000eb873338}> (0x00000000eb873338) 
thrown [s\src\hotspot\share\prims\jni.cpp, line 520]
Event: 10.187 Thread 0x0000017d4b01ab30 Exception <a 'sun/nio/fs/WindowsException'{0x00000000eb873968}> (0x00000000eb873968) 
thrown [s\src\hotspot\share\prims\jni.cpp, line 520]
Event: 10.188 Thread 0x0000017d4b01ab30 Exception <a 'sun/nio/fs/WindowsException'{0x00000000eb874408}> (0x00000000eb874408) 
thrown [s\src\hotspot\share\prims\jni.cpp, line 520]
Event: 10.188 Thread 0x0000017d4b01ab30 Exception <a 'sun/nio/fs/WindowsException'{0x00000000eb874a38}> (0x00000000eb874a38) 
thrown [s\src\hotspot\share\prims\jni.cpp, line 520]
Event: 10.189 Thread 0x0000017d4b01ab30 Exception <a 'sun/nio/fs/WindowsException'{0x00000000eb875e00}> (0x00000000eb875e00) 
thrown [s\src\hotspot\share\prims\jni.cpp, line 520]
Event: 10.189 Thread 0x0000017d4b01ab30 Exception <a 'sun/nio/fs/WindowsException'{0x00000000eb876430}> (0x00000000eb876430) 
thrown [s\src\hotspot\share\prims\jni.cpp, line 520]
Event: 10.197 Thread 0x0000017d4b01ab30 Exception <a 'sun/nio/fs/WindowsException'{0x00000000eb950e38}> (0x00000000eb950e38) 
thrown [s\src\hotspot\share\prims\jni.cpp, line 520]
Event: 10.197 Thread 0x0000017d4b01ab30 Exception <a 'sun/nio/fs/WindowsException'{0x00000000eb951468}> (0x00000000eb951468) 
thrown [s\src\hotspot\share\prims\jni.cpp, line 520]
Event: 10.198 Thread 0x0000017d4b01ab30 Exception <a 'sun/nio/fs/WindowsException'{0x00000000eb951f08}> (0x00000000eb951f08) 
thrown [s\src\hotspot\share\prims\jni.cpp, line 520]
Event: 10.198 Thread 0x0000017d4b01ab30 Exception <a 'sun/nio/fs/WindowsException'{0x00000000eb952790}> (0x00000000eb952790) 
thrown [s\src\hotspot\share\prims\jni.cpp, line 520]
Event: 10.199 Thread 0x0000017d4b01ab30 Exception <a 'sun/nio/fs/WindowsException'{0x00000000eb953b58}> (0x00000000eb953b58) 
thrown [s\src\hotspot\share\prims\jni.cpp, line 520]
Event: 10.199 Thread 0x0000017d4b01ab30 Exception <a 'sun/nio/fs/WindowsException'{0x00000000eb954188}> (0x00000000eb954188) 
thrown [s\src\hotspot\share\prims\jni.cpp, line 520]
Event: 10.220 Thread 0x0000017d4b01ab30 Implicit null exception at 0x0000017d78dc6563 to 0x0000017d78dc6d84

ZGC Phase Switch (0 events):
No events

VM Operations (20 events):
Event: 9.408 Executing VM operation: ParallelGCFailedAllocation (Allocation Failure)
Event: 9.410 Executing VM operation: ParallelGCFailedAllocation (Allocation Failure) done
Event: 9.423 Executing VM operation: ParallelGCFailedAllocation (Allocation Failure)
Event: 9.425 Executing VM operation: ParallelGCFailedAllocation (Allocation Failure) done
Event: 9.441 Executing VM operation: ParallelGCFailedAllocation (Allocation Failure)
Event: 9.444 Executing VM operation: ParallelGCFailedAllocation (Allocation Failure) done
Event: 9.449 Executing VM operation: CollectForMetadataAllocation (Metadata GC Threshold)
Event: 9.503 Executing VM operation: CollectForMetadataAllocation (Metadata GC Threshold) done
Event: 9.555 Executing VM operation: ParallelGCFailedAllocation (Allocation Failure)
Event: 9.556 Executing VM operation: ParallelGCFailedAllocation (Allocation Failure) done
Event: 9.846 Executing VM operation: ParallelGCFailedAllocation (Allocation Failure)
Event: 9.847 Executing VM operation: ParallelGCFailedAllocation (Allocation Failure) done
Event: 10.050 Executing VM operation: ParallelGCFailedAllocation (Allocation Failure)
Event: 10.051 Executing VM operation: ParallelGCFailedAllocation (Allocation Failure) done
Event: 10.082 Executing VM operation: HandshakeAllThreads (Deoptimize)
Event: 10.082 Executing VM operation: HandshakeAllThreads (Deoptimize) done
Event: 10.166 Executing VM operation: HandshakeAllThreads (Deoptimize)
Event: 10.167 Executing VM operation: HandshakeAllThreads (Deoptimize) done
Event: 10.189 Executing VM operation: HandshakeAllThreads (Deoptimize)
Event: 10.190 Executing VM operation: HandshakeAllThreads (Deoptimize) done

Memory protections (0 events):
No events

Nmethod flushes (20 events):
Event: 9.471 Thread 0x0000017d6c3e48f0 flushing  nmethod 0x0000017d71794010
Event: 9.471 Thread 0x0000017d6c3e48f0 flushing  nmethod 0x0000017d71794710
Event: 9.471 Thread 0x0000017d6c3e48f0 flushing  nmethod 0x0000017d71795690
Event: 9.471 Thread 0x0000017d6c3e48f0 flushing  nmethod 0x0000017d71795f10
Event: 9.471 Thread 0x0000017d6c3e48f0 flushing  nmethod 0x0000017d71796890
Event: 9.471 Thread 0x0000017d6c3e48f0 flushing  nmethod 0x0000017d71797190
Event: 9.471 Thread 0x0000017d6c3e48f0 flushing  nmethod 0x0000017d71798810
Event: 9.471 Thread 0x0000017d6c3e48f0 flushing  nmethod 0x0000017d71798c90
Event: 9.471 Thread 0x0000017d6c3e48f0 flushing  nmethod 0x0000017d71799a10
Event: 9.471 Thread 0x0000017d6c3e48f0 flushing  nmethod 0x0000017d71799e10
Event: 9.471 Thread 0x0000017d6c3e48f0 flushing  nmethod 0x0000017d7179a210
Event: 9.471 Thread 0x0000017d6c3e48f0 flushing  nmethod 0x0000017d7179f590
Event: 9.471 Thread 0x0000017d6c3e48f0 flushing  nmethod 0x0000017d717a1690
Event: 9.471 Thread 0x0000017d6c3e48f0 flushing  nmethod 0x0000017d717a4f90
Event: 9.471 Thread 0x0000017d6c3e48f0 flushing  nmethod 0x0000017d717a7a90
Event: 9.471 Thread 0x0000017d6c3e48f0 flushing  nmethod 0x0000017d717a8890
Event: 9.471 Thread 0x0000017d6c3e48f0 flushing  nmethod 0x0000017d717a9e10
Event: 9.471 Thread 0x0000017d6c3e48f0 flushing  nmethod 0x0000017d717aad10
Event: 9.471 Thread 0x0000017d6c3e48f0 flushing  nmethod 0x0000017d717ab690
Event: 9.471 Thread 0x0000017d6c3e48f0 flushing  nmethod 0x0000017d717b0090

Events (20 events):
Event: 5.227 Thread 0x0000017d6c34d930 Thread added: 0x0000017d4da31a30
Event: 5.284 Thread 0x0000017d6c34d930 Thread added: 0x0000017d4d7d5ce0
Event: 5.625 Thread 0x0000017d6c34d930 Thread added: 0x0000017d4dd3d790
Event: 5.625 Thread 0x0000017d6c34d930 Thread added: 0x0000017d4d34cde0
Event: 6.801 Thread 0x0000017d4b01a4a0 Thread added: 0x0000017d4e71aac0
Event: 6.801 Thread 0x0000017d4e71aac0 Thread added: 0x0000017d4df88fe0
Event: 7.187 Thread 0x0000017d4b019e10 Thread added: 0x0000017d4c1b5240
Event: 7.258 Thread 0x0000017d4b019e10 Thread added: 0x0000017d4dd23050
Event: 8.175 Thread 0x0000017d4c277480 Thread exited: 0x0000017d4c277480
Event: 8.258 Thread 0x0000017d4dd23050 Thread added: 0x0000017d4d042ca0
Event: 8.275 Thread 0x0000017d4d042ca0 Thread added: 0x0000017d4c1b58d0
Event: 8.275 Thread 0x0000017d4d042ca0 Thread added: 0x0000017d4c1b3e90
Event: 8.347 Thread 0x0000017d4dd23050 Thread exited: 0x0000017d4dd23050
Event: 8.360 Thread 0x0000017d44cf6040 Thread added: 0x0000017d4dd37600
Event: 8.526 Thread 0x0000017d4b269990 Thread exited: 0x0000017d4b269990
Event: 8.662 Thread 0x0000017d4d34cde0 Thread added: 0x0000017d4d7d6370
Event: 8.664 Thread 0x0000017d4d34cde0 Thread added: 0x0000017d4d7d7090
Event: 9.294 Thread 0x0000017d4b019e10 Thread added: 0x0000017d4fb55fa0
Event: 10.165 Thread 0x0000017d4d34cde0 Thread added: 0x0000017d5798a700
Event: 10.166 Thread 0x0000017d5798a700 Thread added: 0x0000017d4dd236e0


Dynamic libraries:
0x00007ff6a8ad0000 - 0x00007ff6a8ade000 	c:\Users\sasad\.vscode\extensions\redhat.java-1.39.0-win32-x64\jre\21.0.5-win32-x86_64\bin\java.exe
0x00007ffb7f760000 - 0x00007ffb7f9c3000 	C:\WINDOWS\SYSTEM32\ntdll.dll
0x00007ffb7f0f0000 - 0x00007ffb7f1b7000 	C:\WINDOWS\System32\KERNEL32.DLL
0x00007ffb7d0a0000 - 0x00007ffb7d467000 	C:\WINDOWS\System32\KERNELBASE.dll
0x00007ffb78330000 - 0x00007ffb783cc000 	C:\WINDOWS\SYSTEM32\apphelp.dll
0x00007ffb7cd20000 - 0x00007ffb7ce6c000 	C:\WINDOWS\System32\ucrtbase.dll
0x00007ffb54650000 - 0x00007ffb54668000 	c:\Users\sasad\.vscode\extensions\redhat.java-1.39.0-win32-x64\jre\21.0.5-win32-x86_64\bin\jli.dll
0x00007ffb4bc00000 - 0x00007ffb4bc1e000 	c:\Users\sasad\.vscode\extensions\redhat.java-1.39.0-win32-x64\jre\21.0.5-win32-x86_64\bin\VCRUNTIME140.dll
0x00007ffb7e6a0000 - 0x00007ffb7e869000 	C:\WINDOWS\System32\USER32.dll
0x00007ffb6aff0000 - 0x00007ffb6b280000 	C:\WINDOWS\WinSxS\amd64_microsoft.windows.common-controls_6595b64144ccf1df_6.0.26100.3037_none_3e09262ce333c378\COMCTL32.dll
0x00007ffb7cb90000 - 0x00007ffb7cbb7000 	C:\WINDOWS\System32\win32u.dll
0x00007ffb7ebe0000 - 0x00007ffb7ec89000 	C:\WINDOWS\System32\msvcrt.dll
0x00007ffb7e0f0000 - 0x00007ffb7e11a000 	C:\WINDOWS\System32\GDI32.dll
0x00007ffb7d470000 - 0x00007ffb7d59b000 	C:\WINDOWS\System32\gdi32full.dll
0x00007ffb7ce70000 - 0x00007ffb7cf13000 	C:\WINDOWS\System32\msvcp_win.dll
0x00007ffb7f5b0000 - 0x00007ffb7f5df000 	C:\WINDOWS\System32\IMM32.DLL
0x00007ffb75920000 - 0x00007ffb7592c000 	c:\Users\sasad\.vscode\extensions\redhat.java-1.39.0-win32-x64\jre\21.0.5-win32-x86_64\bin\vcruntime140_1.dll
0x00007ffb1a100000 - 0x00007ffb1a18d000 	c:\Users\sasad\.vscode\extensions\redhat.java-1.39.0-win32-x64\jre\21.0.5-win32-x86_64\bin\msvcp140.dll
0x00007ffaaec00000 - 0x00007ffaaf98f000 	c:\Users\sasad\.vscode\extensions\redhat.java-1.39.0-win32-x64\jre\21.0.5-win32-x86_64\bin\server\jvm.dll
0x00007ffb7e990000 - 0x00007ffb7ea44000 	C:\WINDOWS\System32\ADVAPI32.dll
0x00007ffb7f5f0000 - 0x00007ffb7f696000 	C:\WINDOWS\System32\sechost.dll
0x00007ffb7e870000 - 0x00007ffb7e986000 	C:\WINDOWS\System32\RPCRT4.dll
0x00007ffb7d720000 - 0x00007ffb7d794000 	C:\WINDOWS\System32\WS2_32.dll
0x00007ffb7c990000 - 0x00007ffb7c9de000 	C:\WINDOWS\SYSTEM32\POWRPROF.dll
0x00007ffb73a20000 - 0x00007ffb73a56000 	C:\WINDOWS\SYSTEM32\WINMM.dll
0x00007ffb75730000 - 0x00007ffb7573b000 	C:\WINDOWS\SYSTEM32\VERSION.dll
0x00007ffb7c970000 - 0x00007ffb7c984000 	C:\WINDOWS\SYSTEM32\UMPDC.dll
0x00007ffb7b930000 - 0x00007ffb7b94a000 	C:\WINDOWS\SYSTEM32\kernel.appcore.dll
0x00007ffb6d7a0000 - 0x00007ffb6d7aa000 	c:\Users\sasad\.vscode\extensions\redhat.java-1.39.0-win32-x64\jre\21.0.5-win32-x86_64\bin\jimage.dll
0x00007ffb749f0000 - 0x00007ffb74c31000 	C:\WINDOWS\SYSTEM32\DBGHELP.DLL
0x00007ffb7f220000 - 0x00007ffb7f59e000 	C:\WINDOWS\System32\combase.dll
0x00007ffb7e010000 - 0x00007ffb7e0e6000 	C:\WINDOWS\System32\OLEAUT32.dll
0x00007ffb6a2e0000 - 0x00007ffb6a319000 	C:\WINDOWS\SYSTEM32\dbgcore.DLL
0x00007ffb7cc80000 - 0x00007ffb7cd19000 	C:\WINDOWS\System32\bcryptPrimitives.dll
0x00007ffb6c880000 - 0x00007ffb6c88f000 	c:\Users\sasad\.vscode\extensions\redhat.java-1.39.0-win32-x64\jre\21.0.5-win32-x86_64\bin\instrument.dll
0x00007ffb3a3c0000 - 0x00007ffb3a3df000 	c:\Users\sasad\.vscode\extensions\redhat.java-1.39.0-win32-x64\jre\21.0.5-win32-x86_64\bin\java.dll
0x00007ffb7d7a0000 - 0x00007ffb7dea4000 	C:\WINDOWS\System32\SHELL32.dll
0x00007ffb7a7d0000 - 0x00007ffb7b007000 	C:\WINDOWS\SYSTEM32\windows.storage.dll
0x00007ffb7e5b0000 - 0x00007ffb7e699000 	C:\WINDOWS\System32\SHCORE.dll
0x00007ffb7f090000 - 0x00007ffb7f0ed000 	C:\WINDOWS\System32\shlwapi.dll
0x00007ffb7ca10000 - 0x00007ffb7ca3e000 	C:\WINDOWS\SYSTEM32\profapi.dll
0x00007ffb36510000 - 0x00007ffb36528000 	c:\Users\sasad\.vscode\extensions\redhat.java-1.39.0-win32-x64\jre\21.0.5-win32-x86_64\bin\zip.dll
0x00007ffb68a00000 - 0x00007ffb68a10000 	C:\Users\sasad\.vscode\extensions\redhat.java-1.39.0-win32-x64\jre\21.0.5-win32-x86_64\bin\net.dll
0x00007ffb785f0000 - 0x00007ffb7870e000 	C:\WINDOWS\SYSTEM32\WINHTTP.dll
0x00007ffb7be40000 - 0x00007ffb7beaa000 	C:\WINDOWS\system32\mswsock.dll
0x00007ffb364f0000 - 0x00007ffb36506000 	C:\Users\sasad\.vscode\extensions\redhat.java-1.39.0-win32-x64\jre\21.0.5-win32-x86_64\bin\nio.dll
0x00007ffb66af0000 - 0x00007ffb66b00000 	c:\Users\sasad\.vscode\extensions\redhat.java-1.39.0-win32-x64\jre\21.0.5-win32-x86_64\bin\verify.dll
0x00007ffb21b90000 - 0x00007ffb21bd5000 	C:\Users\sasad\AppData\Roaming\Code\User\globalStorage\redhat.java\1.39.0\config_win\org.eclipse.equinox.launcher\org.eclipse.equinox.launcher.win32.win32.x86_64_1.2.1100.v20240722-2106\eclipse_11904.dll
0x00007ffb7ec90000 - 0x00007ffb7ee25000 	C:\WINDOWS\System32\ole32.dll
0x00007ffb7c0e0000 - 0x00007ffb7c0fc000 	C:\WINDOWS\SYSTEM32\CRYPTSP.dll
0x00007ffb7b890000 - 0x00007ffb7b8c8000 	C:\WINDOWS\system32\rsaenh.dll
0x00007ffb7bee0000 - 0x00007ffb7bf0b000 	C:\WINDOWS\SYSTEM32\USERENV.dll
0x00007ffb7c320000 - 0x00007ffb7c346000 	C:\WINDOWS\SYSTEM32\bcrypt.dll
0x00007ffb7c100000 - 0x00007ffb7c10c000 	C:\WINDOWS\SYSTEM32\CRYPTBASE.dll
0x00007ffb7b320000 - 0x00007ffb7b352000 	C:\WINDOWS\SYSTEM32\IPHLPAPI.DLL
0x00007ffb7ee40000 - 0x00007ffb7ee4a000 	C:\WINDOWS\System32\NSI.dll
0x00007ffb2d410000 - 0x00007ffb2d459000 	C:\Users\sasad\AppData\Local\Temp\jna-109208264\jna3352152327101894143.dll
0x00007ffb7eeb0000 - 0x00007ffb7eeb8000 	C:\WINDOWS\System32\PSAPI.DLL
0x00007ffb79100000 - 0x00007ffb7911f000 	C:\WINDOWS\SYSTEM32\dhcpcsvc6.DLL
0x00007ffb78fa0000 - 0x00007ffb78fc5000 	C:\WINDOWS\SYSTEM32\dhcpcsvc.DLL
0x00007ffb2d0c0000 - 0x00007ffb2d0e7000 	C:\Users\sasad\.gradle\native\e1d6ef7f7dcc3fd88c89a11ec53ec762bb8ba0a96d01ffa2cd45eb1d1d8dd5c5\windows-amd64\native-platform.dll
0x00007ffb64600000 - 0x00007ffb6460a000 	C:\Users\sasad\.vscode\extensions\redhat.java-1.39.0-win32-x64\jre\21.0.5-win32-x86_64\bin\management.dll
0x00007ffb62fb0000 - 0x00007ffb62fbb000 	C:\Users\sasad\.vscode\extensions\redhat.java-1.39.0-win32-x64\jre\21.0.5-win32-x86_64\bin\management_ext.dll

dbghelp: loaded successfully - version: 4.0.5 - missing functions: none
symbol engine: initialized successfully - sym options: 0x614 - pdb path: .;c:\Users\sasad\.vscode\extensions\redhat.java-1.39.0-win32-x64\jre\21.0.5-win32-x86_64\bin;C:\WINDOWS\SYSTEM32;C:\WINDOWS\WinSxS\amd64_microsoft.windows.common-controls_6595b64144ccf1df_6.0.26100.3037_none_3e09262ce333c378;c:\Users\sasad\.vscode\extensions\redhat.java-1.39.0-win32-x64\jre\21.0.5-win32-x86_64\bin\server;C:\Users\sasad\AppData\Roaming\Code\User\globalStorage\redhat.java\1.39.0\config_win\org.eclipse.equinox.launcher\org.eclipse.equinox.launcher.win32.win32.x86_64_1.2.1100.v20240722-2106;C:\Users\sasad\AppData\Local\Temp\jna-109208264;C:\Users\sasad\.gradle\native\e1d6ef7f7dcc3fd88c89a11ec53ec762bb8ba0a96d01ffa2cd45eb1d1d8dd5c5\windows-amd64

VM Arguments:
jvm_args: --add-modules=ALL-SYSTEM --add-opens=java.base/java.util=ALL-UNNAMED --add-opens=java.base/java.lang=ALL-UNNAMED --add-opens=java.base/sun.nio.fs=ALL-UNNAMED -Declipse.application=org.eclipse.jdt.ls.core.id1 -Dosgi.bundles.defaultStartLevel=4 -Declipse.product=org.eclipse.jdt.ls.core.product -Djava.import.generatesMetadataFilesAtProjectRoot=false -DDetectVMInstallationsJob.disabled=true -Dfile.encoding=utf8 -XX:+UseParallelGC -XX:GCTimeRatio=4 -XX:AdaptiveSizePolicyWeight=90 -Dsun.zip.disableMemoryMapping=true -Xmx1G -Xms100m -Xlog:disable -javaagent:c:\Users\sasad\.vscode\extensions\redhat.java-1.39.0-win32-x64\lombok\lombok-1.18.34.jar -XX:+HeapDumpOnOutOfMemoryError -XX:HeapDumpPath=c:\Users\sasad\AppData\Roaming\Code\User\workspaceStorage\575e49db5347707494409b596b2d66c0\redhat.java -Daether.dependencyCollector.impl=bf 
java_command: c:\Users\sasad\.vscode\extensions\redhat.java-1.39.0-win32-x64\server\plugins\org.eclipse.equinox.launcher_1.6.900.v20240613-2009.jar -configuration c:\Users\sasad\AppData\Roaming\Code\User\globalStorage\redhat.java\1.39.0\config_win -data c:\Users\sasad\AppData\Roaming\Code\User\workspaceStorage\575e49db5347707494409b596b2d66c0\redhat.java\jdt_ws --pipe=\\.\pipe\lsp-951520bd6d447992005a0c1aab906201-sock
java_class_path (initial): c:\Users\sasad\.vscode\extensions\redhat.java-1.39.0-win32-x64\server\plugins\org.eclipse.equinox.launcher_1.6.900.v20240613-2009.jar
Launcher Type: SUN_STANDARD

[Global flags]
    uintx AdaptiveSizePolicyWeight                 = 90                                        {product} {command line}
     intx CICompilerCount                          = 4                                         {product} {ergonomic}
    uintx GCTimeRatio                              = 4                                         {product} {command line}
     bool HeapDumpOnOutOfMemoryError               = true                                   {manageable} {command line}
    ccstr HeapDumpPath                             = c:\Users\sasad\AppData\Roaming\Code\User\workspaceStorage\575e49db5347707494409b596b2d66c0\redhat.java         {manageable} {command line}
   size_t InitialHeapSize                          = 104857600                                 {product} {command line}
   size_t MaxHeapSize                              = 1073741824                                {product} {command line}
   size_t MaxNewSize                               = 357564416                                 {product} {ergonomic}
   size_t MinHeapDeltaBytes                        = 524288                                    {product} {ergonomic}
   size_t MinHeapSize                              = 104857600                                 {product} {command line}
   size_t NewSize                                  = 34603008                                  {product} {ergonomic}
    uintx NonNMethodCodeHeapSize                   = 5839372                                {pd product} {ergonomic}
    uintx NonProfiledCodeHeapSize                  = 122909434                              {pd product} {ergonomic}
   size_t OldSize                                  = 70254592                                  {product} {ergonomic}
    uintx ProfiledCodeHeapSize                     = 122909434                              {pd product} {ergonomic}
    uintx ReservedCodeCacheSize                    = 251658240                              {pd product} {ergonomic}
     bool SegmentedCodeCache                       = true                                      {product} {ergonomic}
   size_t SoftMaxHeapSize                          = 1073741824                             {manageable} {ergonomic}
     bool UseCompressedOops                        = true                           {product lp64_product} {ergonomic}
     bool UseLargePagesIndividualAllocation        = false                                  {pd product} {ergonomic}
     bool UseParallelGC                            = true                                      {product} {command line}

Logging:
Log output configuration:
 #0: stdout all=off uptime,level,tags foldmultilines=false
 #1: stderr all=off uptime,level,tags foldmultilines=false

Environment Variables:
JAVA_HOME=C:\Program Files\Microsoft\jdk-17.0.13.11-hotspot
PATH=C:\Program Files\Microsoft\jdk-17.0.13.11-hotspot\bin;C:\Program Files (x86)\Common Files\Oracle\Java\javapath;C:\Program Files\Common Files\Oracle\Java\javapath;C:\Windows\system32;C:\Windows;C:\Windows\System32\Wbem;C:\Windows\System32\WindowsPowerShell\v1.0\;C:\Windows\System32\OpenSSH\;C:\Program Files (x86)\NVIDIA Corporation\PhysX\Common;C:\Program Files\NVIDIA Corporation\NVIDIA NvDLISR;C:\WINDOWS\system32;C:\WINDOWS;C:\WINDOWS\System32\Wbem;C:\WINDOWS\System32\WindowsPowerShell\v1.0\;C:\WINDOWS\System32\OpenSSH\;C:\Program Files\Git\cmd;C:\Program Files\nodejs\;C:\php;C:\Program Files\dotnet\;C:\Users\sasad\AppData\Local\Android\Sdk\platform-tools;C:\ProgramData\ComposerSetup\bin;C:\Users\sasad\AppData\Local\Programs\Python\Python313\Scripts\;C:\Users\sasad\AppData\Local\Programs\Python\Python313\;C:\Users\sasad\AppData\Local\Android\Sdk\tools;C:\Program Files\Java\jdk-11\bin;C:\Program Files\MySQL\MySQL Shell 8.0\bin\;C:\Users\sasad\AppData\Local\Microsoft\WindowsApps;C:\Users\sasad\AppData\Local\Programs\Microsoft VS Code\bin;C:\Users\sasad\AppData\Roaming\npm;C:\Users\sasad\AppData\Local\GitHubDesktop\bin;C:\Users\sasad\AppData\Roaming\Composer\vendor\bin;
USERNAME=sasad
OS=Windows_NT
PROCESSOR_IDENTIFIER=AMD64 Family 23 Model 96 Stepping 1, AuthenticAMD
TMP=C:\Users\sasad\AppData\Local\Temp
TEMP=C:\Users\sasad\AppData\Local\Temp




Periodic native trim disabled

---------------  S Y S T E M  ---------------

OS:
 Windows 11 , 64 bit Build 26100 (10.0.26100.3037)
OS uptime: 3 days 18:06 hours
Hyper-V role detected

CPU: total 12 (initial active 12) (12 cores per cpu, 2 threads per core) family 23 model 96 stepping 1 microcode 0x8600106, cx8, cmov, fxsr, ht, mmx, 3dnowpref, sse, sse2, sse3, ssse3, sse4a, sse4.1, sse4.2, popcnt, lzcnt, tsc, tscinvbit, avx, avx2, aes, clmul, bmi1, bmi2, adx, sha, fma, vzeroupper, clflush, clflushopt, hv, rdtscp, rdpid, f16c
Processor Information for all 12 processors :
  Max Mhz: 3001, Current Mhz: 3001, Mhz Limit: 3001

Memory: 4k page, system-wide physical 15790M (1244M free)
TotalPageFile size 30720M (AvailPageFile size 66M)
current process WorkingSet (physical memory assigned to process): 300M, peak: 302M
current process commit charge ("private bytes"): 354M, peak: 355M

vm_info: OpenJDK 64-Bit Server VM (21.0.5+11-LTS) for windows-amd64 JRE (21.0.5+11-LTS), built on 2024-10-15T00:00:00Z by "admin" with MS VC++ 17.7 (VS2022)

END.
