#
# There is insufficient memory for the Java Runtime Environment to continue.
# Native memory allocation (malloc) failed to allocate 529552 bytes. Error detail: Chunk::new
# Possible reasons:
#   The system is out of physical RAM or swap space
#   This process is running with CompressedOops enabled, and the Java Heap may be blocking the growth of the native heap
# Possible solutions:
#   Reduce memory load on the system
#   Increase physical memory or swap space
#   Check if swap backing store is full
#   Decrease Java heap size (-Xmx/-Xms)
#   Decrease number of Java threads
#   Decrease Java thread stack sizes (-Xss)
#   Set larger code cache with -XX:ReservedCodeCacheSize=
#   JVM is running with Unscaled Compressed Oops mode in which the Java heap is
#     placed in the first 4GB address space. The Java Heap base address is the
#     maximum limit for the native heap growth. Please use -XX:HeapBaseMinAddress
#     to set the Java Heap base and to place the Java Heap above 4GB virtual address.
# This output file may be truncated or incomplete.
#
#  Out of Memory Error (arena.cpp:168), pid=5504, tid=3480
#
# JRE version: OpenJDK Runtime Environment Temurin-21.0.7+6 (21.0.7+6) (build 21.0.7+6-LTS)
# Java VM: OpenJDK 64-Bit Server VM Temurin-21.0.7+6 (21.0.7+6-LTS, mixed mode, sharing, tiered, compressed oops, compressed class ptrs, parallel gc, windows-amd64)
# No core dump will be written. Minidumps are not enabled by default on client versions of Windows
#

---------------  S U M M A R Y ------------

Command Line: --add-modules=ALL-SYSTEM --add-opens=java.base/java.util=ALL-UNNAMED --add-opens=java.base/java.lang=ALL-UNNAMED --add-opens=java.base/sun.nio.fs=ALL-UNNAMED -Declipse.application=org.eclipse.jdt.ls.core.id1 -Dosgi.bundles.defaultStartLevel=4 -Declipse.product=org.eclipse.jdt.ls.core.product -Djava.import.generatesMetadataFilesAtProjectRoot=false -DDetectVMInstallationsJob.disabled=true -Dfile.encoding=utf8 -XX:+UseParallelGC -XX:GCTimeRatio=4 -XX:AdaptiveSizePolicyWeight=90 -Dsun.zip.disableMemoryMapping=true -Xmx2G -Xms100m -Xlog:disable -javaagent:c:\Users\sasad\.vscode\extensions\redhat.java-1.43.1-win32-x64\lombok\lombok-1.18.39-4050.jar -XX:+HeapDumpOnOutOfMemoryError -XX:HeapDumpPath=c:\Users\sasad\AppData\Roaming\Code\User\workspaceStorage\9870e353e6cdb0d340180d2ff64b806d\redhat.java -Daether.dependencyCollector.impl=bf c:\Users\sasad\.vscode\extensions\redhat.java-1.43.1-win32-x64\server\plugins\org.eclipse.equinox.launcher_1.7.0.v20250519-0528.jar -configuration c:\Users\sasad\AppData\Roaming\Code\User\globalStorage\redhat.java\1.43.1\config_win -data c:\Users\sasad\AppData\Roaming\Code\User\workspaceStorage\9870e353e6cdb0d340180d2ff64b806d\redhat.java\jdt_ws --pipe=\\.\pipe\lsp-439213c6a03666b8ca21d83659a0e277-sock

Host: AMD Ryzen 5 4600H with Radeon Graphics         , 12 cores, 15G,  Windows 11 , 64 bit Build 26100 (10.0.26100.3037)
Time: Sun Jul 20 19:45:28 2025 Sri Lanka Standard Time elapsed time: 17.328325 seconds (0d 0h 0m 17s)

---------------  T H R E A D  ---------------

Current thread (0x000001d3f71f4b30):  JavaThread "C2 CompilerThread1" daemon [_thread_in_native, id=3480, stack(0x00000080bc400000,0x00000080bc500000) (1024K)]


Current CompileTask:
C2:17329 9592       4       java.lang.invoke.MethodType::makeImpl (109 bytes)

Stack: [0x00000080bc400000,0x00000080bc500000]
Native frames: (J=compiled Java code, j=interpreted, Vv=VM code, C=native code)
V  [jvm.dll+0x6ce119]
V  [jvm.dll+0x8a84a1]
V  [jvm.dll+0x8aa9ce]
V  [jvm.dll+0x8ab0b3]
V  [jvm.dll+0x27f8a6]
V  [jvm.dll+0xc507d]
V  [jvm.dll+0xc55b3]
V  [jvm.dll+0x13e9cf]
V  [jvm.dll+0x65d805]
V  [jvm.dll+0x65bd5e]
V  [jvm.dll+0x247975]
V  [jvm.dll+0x2470cf]
V  [jvm.dll+0x1c760e]
V  [jvm.dll+0x25695a]
V  [jvm.dll+0x254efa]
V  [jvm.dll+0x3f03f6]
V  [jvm.dll+0x851f6b]
V  [jvm.dll+0x6cc7dd]
C  [ucrtbase.dll+0x37b0]
C  [KERNEL32.DLL+0x2e8d7]
C  [ntdll.dll+0xbbf2c]


---------------  P R O C E S S  ---------------

Threads class SMR info:
_java_thread_list=0x000001d3ee6ab990, length=63, elements={
0x000001d38849b960, 0x000001d3a12accb0, 0x000001d3a12adac0, 0x000001d38a8b65c0,
0x000001d38a8b7470, 0x000001d38a8bb7e0, 0x000001d38a8c1d20, 0x000001d38a8c5690,
0x000001d38a8c63a0, 0x000001d3e37548c0, 0x000001d3e3a0e5f0, 0x000001d3e4946d90,
0x000001d3e46dfd40, 0x000001d3e9188790, 0x000001d3e9188df0, 0x000001d3e4dea6b0,
0x000001d3e96faad0, 0x000001d3e942e800, 0x000001d3e942d450, 0x000001d3e942dae0,
0x000001d3e942ba10, 0x000001d3e942c0a0, 0x000001d3e942ee90, 0x000001d3ebaef5a0,
0x000001d3ebaf1670, 0x000001d3ebaeef10, 0x000001d3ebaf0fe0, 0x000001d3ebaefc30,
0x000001d3ebaf1d00, 0x000001d3ebaf2a20, 0x000001d3ebaf02c0, 0x000001d3ebaf2390,
0x000001d3ebaf30b0, 0x000001d3ebaf0950, 0x000001d3ebaf5180, 0x000001d3ebaf5ea0,
0x000001d3ebaf4460, 0x000001d3ebaf3740, 0x000001d3ebaf4af0, 0x000001d3ebaf5810,
0x000001d3ebaf6530, 0x000001d3ebbc2de0, 0x000001d3ebbc4eb0, 0x000001d3ebbc1a30,
0x000001d3ebbc5bd0, 0x000001d3ebbc13a0, 0x000001d3ebbc8330, 0x000001d3ebbc6260,
0x000001d3ebbc7610, 0x000001d3f63ed680, 0x000001d3f63eb5b0, 0x000001d3f71f4b30,
0x000001d3f71f7ae0, 0x000001d3f63ee3a0, 0x000001d3f63ecff0, 0x000001d3f63ebc40,
0x000001d3f63ef0c0, 0x000001d3f63ef750, 0x000001d3f63ec2d0, 0x000001d3f63f2540,
0x000001d3f63f1820, 0x000001d3f63f0b00, 0x000001d3f63f1eb0
}

Java Threads: ( => current thread )
  0x000001d38849b960 JavaThread "main"                              [_thread_blocked, id=26116, stack(0x00000080bb700000,0x00000080bb800000) (1024K)]
  0x000001d3a12accb0 JavaThread "Reference Handler"          daemon [_thread_blocked, id=4688, stack(0x00000080bbb00000,0x00000080bbc00000) (1024K)]
  0x000001d3a12adac0 JavaThread "Finalizer"                  daemon [_thread_blocked, id=28976, stack(0x00000080bbc00000,0x00000080bbd00000) (1024K)]
  0x000001d38a8b65c0 JavaThread "Signal Dispatcher"          daemon [_thread_blocked, id=25404, stack(0x00000080bbd00000,0x00000080bbe00000) (1024K)]
  0x000001d38a8b7470 JavaThread "Attach Listener"            daemon [_thread_blocked, id=21756, stack(0x00000080bbe00000,0x00000080bbf00000) (1024K)]
  0x000001d38a8bb7e0 JavaThread "Service Thread"             daemon [_thread_blocked, id=20184, stack(0x00000080bbf00000,0x00000080bc000000) (1024K)]
  0x000001d38a8c1d20 JavaThread "Monitor Deflation Thread"   daemon [_thread_blocked, id=2136, stack(0x00000080bc000000,0x00000080bc100000) (1024K)]
  0x000001d38a8c5690 JavaThread "C2 CompilerThread0"         daemon [_thread_in_native, id=29948, stack(0x00000080bc100000,0x00000080bc200000) (1024K)]
  0x000001d38a8c63a0 JavaThread "C1 CompilerThread0"         daemon [_thread_blocked, id=6196, stack(0x00000080bc200000,0x00000080bc300000) (1024K)]
  0x000001d3e37548c0 JavaThread "Common-Cleaner"             daemon [_thread_blocked, id=29644, stack(0x00000080bc300000,0x00000080bc400000) (1024K)]
  0x000001d3e3a0e5f0 JavaThread "Notification Thread"        daemon [_thread_blocked, id=22376, stack(0x00000080bc500000,0x00000080bc600000) (1024K)]
  0x000001d3e4946d90 JavaThread "Active Thread: Equinox Container: 74752dd1-a703-49bb-b394-cd72631b9bfb"        [_thread_blocked, id=16960, stack(0x00000080bcd00000,0x00000080bce00000) (1024K)]
  0x000001d3e46dfd40 JavaThread "Refresh Thread: Equinox Container: 74752dd1-a703-49bb-b394-cd72631b9bfb" daemon [_thread_blocked, id=2372, stack(0x00000080bcf00000,0x00000080bd000000) (1024K)]
  0x000001d3e9188790 JavaThread "Framework Event Dispatcher: Equinox Container: 74752dd1-a703-49bb-b394-cd72631b9bfb" daemon [_thread_blocked, id=4684, stack(0x00000080bd000000,0x00000080bd100000) (1024K)]
  0x000001d3e9188df0 JavaThread "Start Level: Equinox Container: 74752dd1-a703-49bb-b394-cd72631b9bfb" daemon [_thread_blocked, id=29004, stack(0x00000080bd100000,0x00000080bd200000) (1024K)]
  0x000001d3e4dea6b0 JavaThread "Bundle File Closer"         daemon [_thread_blocked, id=25028, stack(0x00000080bd400000,0x00000080bd500000) (1024K)]
  0x000001d3e96faad0 JavaThread "SCR Component Actor"        daemon [_thread_blocked, id=11516, stack(0x00000080bd500000,0x00000080bd600000) (1024K)]
  0x000001d3e942e800 JavaThread "Worker-JM"                         [_thread_blocked, id=16456, stack(0x00000080bd700000,0x00000080bd800000) (1024K)]
  0x000001d3e942d450 JavaThread "JNA Cleaner"                daemon [_thread_blocked, id=22596, stack(0x00000080bd800000,0x00000080bd900000) (1024K)]
  0x000001d3e942dae0 JavaThread "Worker-0: Initialize workspace"        [_thread_blocked, id=12108, stack(0x00000080bd900000,0x00000080bda00000) (1024K)]
  0x000001d3e942ba10 JavaThread "Worker-1"                          [_thread_blocked, id=10888, stack(0x00000080bda00000,0x00000080bdb00000) (1024K)]
  0x000001d3e942c0a0 JavaThread "Java indexing"              daemon [_thread_blocked, id=23868, stack(0x00000080bdb00000,0x00000080bdc00000) (1024K)]
  0x000001d3e942ee90 JavaThread "Worker-2"                          [_thread_blocked, id=11440, stack(0x00000080bde00000,0x00000080bdf00000) (1024K)]
  0x000001d3ebaef5a0 JavaThread "Worker-3"                          [_thread_blocked, id=22896, stack(0x00000080bdf00000,0x00000080be000000) (1024K)]
  0x000001d3ebaf1670 JavaThread "Thread-2"                   daemon [_thread_in_native, id=14216, stack(0x00000080be000000,0x00000080be100000) (1024K)]
  0x000001d3ebaeef10 JavaThread "Thread-3"                   daemon [_thread_in_native, id=7868, stack(0x00000080be100000,0x00000080be200000) (1024K)]
  0x000001d3ebaf0fe0 JavaThread "Thread-4"                   daemon [_thread_in_native, id=8936, stack(0x00000080be200000,0x00000080be300000) (1024K)]
  0x000001d3ebaefc30 JavaThread "Thread-5"                   daemon [_thread_in_native, id=1380, stack(0x00000080be300000,0x00000080be400000) (1024K)]
  0x000001d3ebaf1d00 JavaThread "Thread-6"                   daemon [_thread_in_native, id=25616, stack(0x00000080be400000,0x00000080be500000) (1024K)]
  0x000001d3ebaf2a20 JavaThread "Thread-7"                   daemon [_thread_in_native, id=12840, stack(0x00000080be500000,0x00000080be600000) (1024K)]
  0x000001d3ebaf02c0 JavaThread "Thread-8"                   daemon [_thread_in_native, id=28176, stack(0x00000080be600000,0x00000080be700000) (1024K)]
  0x000001d3ebaf2390 JavaThread "Thread-9"                   daemon [_thread_in_native, id=2004, stack(0x00000080be700000,0x00000080be800000) (1024K)]
  0x000001d3ebaf30b0 JavaThread "Thread-10"                  daemon [_thread_in_native, id=14524, stack(0x00000080be800000,0x00000080be900000) (1024K)]
  0x000001d3ebaf0950 JavaThread "Thread-11"                  daemon [_thread_in_native, id=17964, stack(0x00000080be900000,0x00000080bea00000) (1024K)]
  0x000001d3ebaf5180 JavaThread "Thread-12"                  daemon [_thread_in_native, id=21724, stack(0x00000080bea00000,0x00000080beb00000) (1024K)]
  0x000001d3ebaf5ea0 JavaThread "Thread-13"                  daemon [_thread_in_native, id=23624, stack(0x00000080beb00000,0x00000080bec00000) (1024K)]
  0x000001d3ebaf4460 JavaThread "Thread-14"                  daemon [_thread_in_native, id=16512, stack(0x00000080bec00000,0x00000080bed00000) (1024K)]
  0x000001d3ebaf3740 JavaThread "pool-2-thread-1"                   [_thread_blocked, id=28308, stack(0x00000080bed00000,0x00000080bee00000) (1024K)]
  0x000001d3ebaf4af0 JavaThread "WorkspaceEventsHandler"            [_thread_blocked, id=20120, stack(0x00000080bee00000,0x00000080bef00000) (1024K)]
  0x000001d3ebaf5810 JavaThread "pool-1-thread-1"                   [_thread_blocked, id=29828, stack(0x00000080bef00000,0x00000080bf000000) (1024K)]
  0x000001d3ebaf6530 JavaThread "Worker-4"                          [_thread_blocked, id=17404, stack(0x00000080bf000000,0x00000080bf100000) (1024K)]
  0x000001d3ebbc2de0 JavaThread "Timer-0"                           [_thread_blocked, id=19068, stack(0x00000080bd600000,0x00000080bd700000) (1024K)]
  0x000001d3ebbc4eb0 JavaThread "Exec process"                      [_thread_blocked, id=6108, stack(0x00000080bf200000,0x00000080bf300000) (1024K)]
  0x000001d3ebbc1a30 JavaThread "Exec process Thread 2"             [_thread_blocked, id=20388, stack(0x00000080bf300000,0x00000080bf400000) (1024K)]
  0x000001d3ebbc5bd0 JavaThread "Exec process Thread 3"             [_thread_blocked, id=24480, stack(0x00000080bf400000,0x00000080bf500000) (1024K)]
  0x000001d3ebbc13a0 JavaThread "Timer-1"                           [_thread_blocked, id=7000, stack(0x00000080bf100000,0x00000080bf200000) (1024K)]
  0x000001d3ebbc8330 JavaThread "Timer-2"                           [_thread_blocked, id=24936, stack(0x00000080bf500000,0x00000080bf600000) (1024K)]
  0x000001d3ebbc6260 JavaThread "Timer-3"                           [_thread_blocked, id=19112, stack(0x00000080bf600000,0x00000080bf700000) (1024K)]
  0x000001d3ebbc7610 JavaThread "Timer-4"                           [_thread_blocked, id=24440, stack(0x00000080bf700000,0x00000080bf800000) (1024K)]
  0x000001d3f63ed680 JavaThread "Timer-5"                           [_thread_blocked, id=12192, stack(0x00000080bf800000,0x00000080bf900000) (1024K)]
  0x000001d3f63eb5b0 JavaThread "Timer-6"                           [_thread_blocked, id=14976, stack(0x00000080bf900000,0x00000080bfa00000) (1024K)]
=>0x000001d3f71f4b30 JavaThread "C2 CompilerThread1"         daemon [_thread_in_native, id=3480, stack(0x00000080bc400000,0x00000080bc500000) (1024K)]
  0x000001d3f71f7ae0 JavaThread "C2 CompilerThread2"         daemon [_thread_in_native, id=16012, stack(0x00000080bc600000,0x00000080bc700000) (1024K)]
  0x000001d3f63ee3a0 JavaThread "ForkJoinPool.commonPool-worker-1" daemon [_thread_blocked, id=22444, stack(0x00000080bfa00000,0x00000080bfb00000) (1024K)]
  0x000001d3f63ecff0 JavaThread "ForkJoinPool.commonPool-worker-2" daemon [_thread_blocked, id=6332, stack(0x00000080bfb00000,0x00000080bfc00000) (1024K)]
  0x000001d3f63ebc40 JavaThread "ForkJoinPool.commonPool-worker-3" daemon [_thread_blocked, id=19268, stack(0x00000080bfc00000,0x00000080bfd00000) (1024K)]
  0x000001d3f63ef0c0 JavaThread "ForkJoinPool.commonPool-worker-4" daemon [_thread_blocked, id=13132, stack(0x00000080bfd00000,0x00000080bfe00000) (1024K)]
  0x000001d3f63ef750 JavaThread "ForkJoinPool.commonPool-worker-5" daemon [_thread_blocked, id=29596, stack(0x00000080bfe00000,0x00000080bff00000) (1024K)]
  0x000001d3f63ec2d0 JavaThread "ForkJoinPool.commonPool-worker-6" daemon [_thread_blocked, id=25172, stack(0x00000080bff00000,0x00000080c0000000) (1024K)]
  0x000001d3f63f2540 JavaThread "ForkJoinPool.commonPool-worker-7" daemon [_thread_blocked, id=12128, stack(0x00000080c0000000,0x00000080c0100000) (1024K)]
  0x000001d3f63f1820 JavaThread "ForkJoinPool.commonPool-worker-8" daemon [_thread_blocked, id=19716, stack(0x00000080c0100000,0x00000080c0200000) (1024K)]
  0x000001d3f63f0b00 JavaThread "ForkJoinPool.commonPool-worker-9" daemon [_thread_blocked, id=11592, stack(0x00000080c0200000,0x00000080c0300000) (1024K)]
  0x000001d3f63f1eb0 JavaThread "Thread-37"                  daemon [_thread_blocked, id=24080, stack(0x00000080c0300000,0x00000080c0400000) (1024K)]
Total: 63

Other Threads:
  0x000001d38a8b2af0 VMThread "VM Thread"                           [id=19508, stack(0x00000080bba00000,0x00000080bbb00000) (1024K)]
  0x000001d3a118ca00 WatcherThread "VM Periodic Task Thread"        [id=24600, stack(0x00000080bb900000,0x00000080bba00000) (1024K)]
  0x000001d38a833030 WorkerThread "GC Thread#0"                     [id=23668, stack(0x00000080bb800000,0x00000080bb900000) (1024K)]
  0x000001d3e923eab0 WorkerThread "GC Thread#1"                     [id=14520, stack(0x00000080bc700000,0x00000080bc800000) (1024K)]
  0x000001d3e9084160 WorkerThread "GC Thread#2"                     [id=11140, stack(0x00000080bc800000,0x00000080bc900000) (1024K)]
  0x000001d3e9084500 WorkerThread "GC Thread#3"                     [id=16420, stack(0x00000080bc900000,0x00000080bca00000) (1024K)]
  0x000001d3e9243150 WorkerThread "GC Thread#4"                     [id=12484, stack(0x00000080bca00000,0x00000080bcb00000) (1024K)]
  0x000001d3e3a25980 WorkerThread "GC Thread#5"                     [id=3096, stack(0x00000080bcb00000,0x00000080bcc00000) (1024K)]
  0x000001d3e92434f0 WorkerThread "GC Thread#6"                     [id=7164, stack(0x00000080bcc00000,0x00000080bcd00000) (1024K)]
  0x000001d3e937a880 WorkerThread "GC Thread#7"                     [id=19096, stack(0x00000080bce00000,0x00000080bcf00000) (1024K)]
  0x000001d3e4de9b70 WorkerThread "GC Thread#8"                     [id=14440, stack(0x00000080bd200000,0x00000080bd300000) (1024K)]
  0x000001d3e94a12a0 WorkerThread "GC Thread#9"                     [id=6368, stack(0x00000080bd300000,0x00000080bd400000) (1024K)]
Total: 12

Threads with active compile tasks:
C2 CompilerThread0  17353 9612       4       java.lang.invoke.MethodType::methodType (69 bytes)
C1 CompilerThread0  17353 9710 %     3       org.eclipse.jdt.internal.core.util.Util::splitOn @ 37 (134 bytes)
C2 CompilerThread1  17353 9592       4       java.lang.invoke.MethodType::makeImpl (109 bytes)
C2 CompilerThread2  17353 9492       4       java.lang.invoke.MethodHandleImpl::makePairwiseConvertByEditor (617 bytes)
Total: 4

VM state: at safepoint (normal execution)

VM Mutex/Monitor currently owned by a thread:  ([mutex/lock_event])
[0x00007ffee6b7e308] Threads_lock - owner thread: 0x000001d38a8b2af0
[0x00007ffee6b7e408] Heap_lock - owner thread: 0x000001d3f63f1eb0

Heap address: 0x0000000080000000, size: 2048 MB, Compressed Oops mode: 32-bit

CDS archive(s) mapped at: [0x000001d3a2000000-0x000001d3a2ba0000-0x000001d3a2ba0000), size 12189696, SharedBaseAddress: 0x000001d3a2000000, ArchiveRelocationMode: 1.
Compressed class space mapped at: 0x000001d3a3000000-0x000001d3e3000000, reserved size: 1073741824
Narrow klass base: 0x000001d3a2000000, Narrow klass shift: 0, Narrow klass range: 0x100000000

GC Precious Log:
 CardTable entry size: 512
 CPUs: 12 total, 12 available
 Memory: 15790M
 Large Page Support: Disabled
 NUMA Support: Disabled
 Compressed Oops: Enabled (32-bit)
 Alignments: Space 512K, Generation 512K, Heap 2M
 Heap Min Capacity: 100M
 Heap Initial Capacity: 100M
 Heap Max Capacity: 2G
 Pre-touch: Disabled
 Parallel Workers: 10

Heap:
 PSYoungGen      total 3584K, used 3488K [0x00000000d5580000, 0x00000000d5a80000, 0x0000000100000000)
  eden space 3072K, 100% used [0x00000000d5580000,0x00000000d5880000,0x00000000d5880000)
  from space 512K, 81% used [0x00000000d5a00000,0x00000000d5a68040,0x00000000d5a80000)
  to   space 512K, 62% used [0x00000000d5980000,0x00000000d59d0648,0x00000000d5a00000)
 ParOldGen       total 413696K, used 413595K [0x0000000080000000, 0x0000000099400000, 0x00000000d5580000)
  object space 413696K, 99% used [0x0000000080000000,0x00000000993e6c08,0x0000000099400000)
 Metaspace       used 73204K, committed 74688K, reserved 1179648K
  class space    used 8748K, committed 9408K, reserved 1048576K

Card table byte_map: [0x000001d38a1d0000,0x000001d38a5e0000] _byte_map_base: 0x000001d389dd0000

Marking Bits: (ParMarkBitMap*) 0x00007ffee6b831f0
 Begin Bits: [0x000001d39ccb0000, 0x000001d39ecb0000)
 End Bits:   [0x000001d39ecb0000, 0x000001d3a0cb0000)

Polling page: 0x000001d388690000

Metaspace:

Usage:
  Non-class:     62.95 MB used.
      Class:      8.54 MB used.
       Both:     71.49 MB used.

Virtual space:
  Non-class space:      128.00 MB reserved,      63.75 MB ( 50%) committed,  2 nodes.
      Class space:        1.00 GB reserved,       9.19 MB ( <1%) committed,  1 nodes.
             Both:        1.12 GB reserved,      72.94 MB (  6%) committed. 

Chunk freelists:
   Non-Class:  15.86 MB
       Class:  6.81 MB
        Both:  22.67 MB

MaxMetaspaceSize: unlimited
CompressedClassSpaceSize: 1.00 GB
Initial GC threshold: 21.00 MB
Current GC threshold: 97.31 MB
CDS: on
 - commit_granule_bytes: 65536.
 - commit_granule_words: 8192.
 - virtual_space_node_default_size: 8388608.
 - enlarge_chunks_in_place: 1.
 - use_allocation_guard: 0.


Internal statistics:

num_allocs_failed_limit: 9.
num_arena_births: 1142.
num_arena_deaths: 14.
num_vsnodes_births: 3.
num_vsnodes_deaths: 0.
num_space_committed: 1167.
num_space_uncommitted: 0.
num_chunks_returned_to_freelist: 23.
num_chunks_taken_from_freelist: 4282.
num_chunk_merges: 10.
num_chunk_splits: 2836.
num_chunks_enlarged: 1884.
num_inconsistent_stats: 0.

CodeHeap 'non-profiled nmethods': size=120000Kb used=8440Kb max_used=8440Kb free=111559Kb
 bounds [0x000001d3954d0000, 0x000001d395d10000, 0x000001d39ca00000]
CodeHeap 'profiled nmethods': size=120000Kb used=18589Kb max_used=18589Kb free=101410Kb
 bounds [0x000001d38da00000, 0x000001d38ec30000, 0x000001d394f30000]
CodeHeap 'non-nmethods': size=5760Kb used=1427Kb max_used=1517Kb free=4332Kb
 bounds [0x000001d394f30000, 0x000001d3951a0000, 0x000001d3954d0000]
 total_blobs=9638 nmethods=8896 adapters=648
 compilation: enabled
              stopped_count=0, restarted_count=0
 full_count=0

Compilation events (20 events):
Event: 17.318 Thread 0x000001d38a8c63a0 nmethod 9680 0x000001d395d0de10 code [0x000001d395d0dfa0, 0x000001d395d0e068]
Event: 17.318 Thread 0x000001d38a8c63a0 9682       3       org.eclipse.jdt.internal.core.SourceRefElement::<init> (7 bytes)
Event: 17.318 Thread 0x000001d38a8c63a0 nmethod 9682 0x000001d38ec16f90 code [0x000001d38ec17160, 0x000001d38ec17560]
Event: 17.320 Thread 0x000001d38a8c63a0 9683       3       com.sun.org.apache.xerces.internal.dom.NodeImpl::needsSyncChildren (26 bytes)
Event: 17.320 Thread 0x000001d38a8c63a0 nmethod 9683 0x000001d38ec17710 code [0x000001d38ec178a0, 0x000001d38ec17a08]
Event: 17.320 Thread 0x000001d38a8c63a0 9686       3       com.sun.org.apache.xerces.internal.dom.DeferredDocumentImpl::getPrevSibling (106 bytes)
Event: 17.321 Thread 0x000001d38a8c63a0 nmethod 9686 0x000001d38ec17a90 code [0x000001d38ec17cc0, 0x000001d38ec183e0]
Event: 17.321 Thread 0x000001d38a8c63a0 9685       3       com.sun.org.apache.xerces.internal.dom.DeferredDocumentImpl::getPrevSibling (7 bytes)
Event: 17.321 Thread 0x000001d38a8c63a0 nmethod 9685 0x000001d38ec18790 code [0x000001d38ec18940, 0x000001d38ec18a88]
Event: 17.321 Thread 0x000001d38a8c63a0 9684       3       com.sun.org.apache.xerces.internal.dom.ChildNode::<init> (6 bytes)
Event: 17.321 Thread 0x000001d38a8c63a0 nmethod 9684 0x000001d38ec18b10 code [0x000001d38ec18cc0, 0x000001d38ec18ea8]
Event: 17.321 Thread 0x000001d38a8c63a0 9687       3       com.sun.org.apache.xerces.internal.dom.DeferredDocumentImpl::getNodeName (7 bytes)
Event: 17.321 Thread 0x000001d38a8c63a0 nmethod 9687 0x000001d38ec18f90 code [0x000001d38ec19140, 0x000001d38ec192a0]
Event: 17.321 Thread 0x000001d38a8c63a0 9688       3       com.sun.org.apache.xerces.internal.dom.DeferredDocumentImpl::getNodeName (49 bytes)
Event: 17.322 Thread 0x000001d38a8c63a0 nmethod 9688 0x000001d38ec19390 code [0x000001d38ec19560, 0x000001d38ec19958]
Event: 17.325 Thread 0x000001d38a8c63a0 9689       3       org.eclipse.jdt.internal.compiler.util.ObjectVector$1::hasNext (18 bytes)
Event: 17.325 Thread 0x000001d38a8c63a0 nmethod 9689 0x000001d38ec19b10 code [0x000001d38ec19cc0, 0x000001d38ec19e40]
Event: 17.325 Thread 0x000001d38a8c63a0 9696       3       org.eclipse.jdt.internal.core.JavaElement::getElementInfo (18 bytes)
Event: 17.326 Thread 0x000001d38a8c63a0 nmethod 9696 0x000001d38ec19f10 code [0x000001d38ec1a0e0, 0x000001d38ec1a388]
Event: 17.326 Thread 0x000001d38a8c63a0 9698   !   3       jdk.internal.jrtfs.JrtPath::toUri (169 bytes)

GC Heap History (20 events):
Event: 16.926 GC heap before
{Heap before GC invocations=364 (full 3):
 PSYoungGen      total 3584K, used 3392K [0x00000000d5580000, 0x00000000d5a80000, 0x0000000100000000)
  eden space 3072K, 100% used [0x00000000d5580000,0x00000000d5880000,0x00000000d5880000)
  from space 512K, 62% used [0x00000000d5a00000,0x00000000d5a50000,0x00000000d5a80000)
  to   space 512K, 0% used [0x00000000d5980000,0x00000000d5980000,0x00000000d5a00000)
 ParOldGen       total 412160K, used 412115K [0x0000000080000000, 0x0000000099280000, 0x00000000d5580000)
  object space 412160K, 99% used [0x0000000080000000,0x0000000099274e50,0x0000000099280000)
 Metaspace       used 70541K, committed 71936K, reserved 1114112K
  class space    used 8472K, committed 9088K, reserved 1048576K
}
Event: 16.927 GC heap after
{Heap after GC invocations=364 (full 3):
 PSYoungGen      total 3584K, used 384K [0x00000000d5580000, 0x00000000d5a80000, 0x0000000100000000)
  eden space 3072K, 0% used [0x00000000d5580000,0x00000000d5580000,0x00000000d5880000)
  from space 512K, 75% used [0x00000000d5980000,0x00000000d59e0010,0x00000000d5a00000)
  to   space 512K, 0% used [0x00000000d5a00000,0x00000000d5a00000,0x00000000d5a80000)
 ParOldGen       total 412672K, used 412227K [0x0000000080000000, 0x0000000099300000, 0x00000000d5580000)
  object space 412672K, 99% used [0x0000000080000000,0x0000000099290e50,0x0000000099300000)
 Metaspace       used 70541K, committed 71936K, reserved 1114112K
  class space    used 8472K, committed 9088K, reserved 1048576K
}
Event: 16.962 GC heap before
{Heap before GC invocations=365 (full 3):
 PSYoungGen      total 3584K, used 3456K [0x00000000d5580000, 0x00000000d5a80000, 0x0000000100000000)
  eden space 3072K, 100% used [0x00000000d5580000,0x00000000d5880000,0x00000000d5880000)
  from space 512K, 75% used [0x00000000d5980000,0x00000000d59e0010,0x00000000d5a00000)
  to   space 512K, 0% used [0x00000000d5a00000,0x00000000d5a00000,0x00000000d5a80000)
 ParOldGen       total 412672K, used 412227K [0x0000000080000000, 0x0000000099300000, 0x00000000d5580000)
  object space 412672K, 99% used [0x0000000080000000,0x0000000099290e50,0x0000000099300000)
 Metaspace       used 70627K, committed 72064K, reserved 1114112K
  class space    used 8490K, committed 9152K, reserved 1048576K
}
Event: 16.963 GC heap after
{Heap after GC invocations=365 (full 3):
 PSYoungGen      total 3584K, used 320K [0x00000000d5580000, 0x00000000d5a80000, 0x0000000100000000)
  eden space 3072K, 0% used [0x00000000d5580000,0x00000000d5580000,0x00000000d5880000)
  from space 512K, 62% used [0x00000000d5a00000,0x00000000d5a50000,0x00000000d5a80000)
  to   space 512K, 0% used [0x00000000d5980000,0x00000000d5980000,0x00000000d5a00000)
 ParOldGen       total 412672K, used 412299K [0x0000000080000000, 0x0000000099300000, 0x00000000d5580000)
  object space 412672K, 99% used [0x0000000080000000,0x00000000992a2e50,0x0000000099300000)
 Metaspace       used 70627K, committed 72064K, reserved 1114112K
  class space    used 8490K, committed 9152K, reserved 1048576K
}
Event: 16.992 GC heap before
{Heap before GC invocations=366 (full 3):
 PSYoungGen      total 3584K, used 3359K [0x00000000d5580000, 0x00000000d5a80000, 0x0000000100000000)
  eden space 3072K, 98% used [0x00000000d5580000,0x00000000d5877f40,0x00000000d5880000)
  from space 512K, 62% used [0x00000000d5a00000,0x00000000d5a50000,0x00000000d5a80000)
  to   space 512K, 0% used [0x00000000d5980000,0x00000000d5980000,0x00000000d5a00000)
 ParOldGen       total 412672K, used 412299K [0x0000000080000000, 0x0000000099300000, 0x00000000d5580000)
  object space 412672K, 99% used [0x0000000080000000,0x00000000992a2e50,0x0000000099300000)
 Metaspace       used 70777K, committed 72192K, reserved 1114112K
  class space    used 8503K, committed 9152K, reserved 1048576K
}
Event: 16.993 GC heap after
{Heap after GC invocations=366 (full 3):
 PSYoungGen      total 3584K, used 384K [0x00000000d5580000, 0x00000000d5a80000, 0x0000000100000000)
  eden space 3072K, 0% used [0x00000000d5580000,0x00000000d5580000,0x00000000d5880000)
  from space 512K, 75% used [0x00000000d5980000,0x00000000d59e0010,0x00000000d5a00000)
  to   space 512K, 0% used [0x00000000d5a00000,0x00000000d5a00000,0x00000000d5a80000)
 ParOldGen       total 412672K, used 412387K [0x0000000080000000, 0x0000000099300000, 0x00000000d5580000)
  object space 412672K, 99% used [0x0000000080000000,0x00000000992b8e50,0x0000000099300000)
 Metaspace       used 70777K, committed 72192K, reserved 1114112K
  class space    used 8503K, committed 9152K, reserved 1048576K
}
Event: 17.033 GC heap before
{Heap before GC invocations=367 (full 3):
 PSYoungGen      total 3584K, used 3400K [0x00000000d5580000, 0x00000000d5a80000, 0x0000000100000000)
  eden space 3072K, 98% used [0x00000000d5580000,0x00000000d5872248,0x00000000d5880000)
  from space 512K, 75% used [0x00000000d5980000,0x00000000d59e0010,0x00000000d5a00000)
  to   space 512K, 0% used [0x00000000d5a00000,0x00000000d5a00000,0x00000000d5a80000)
 ParOldGen       total 412672K, used 412387K [0x0000000080000000, 0x0000000099300000, 0x00000000d5580000)
  object space 412672K, 99% used [0x0000000080000000,0x00000000992b8e50,0x0000000099300000)
 Metaspace       used 70935K, committed 72384K, reserved 1114112K
  class space    used 8523K, committed 9152K, reserved 1048576K
}
Event: 17.034 GC heap after
{Heap after GC invocations=367 (full 3):
 PSYoungGen      total 3584K, used 320K [0x00000000d5580000, 0x00000000d5a80000, 0x0000000100000000)
  eden space 3072K, 0% used [0x00000000d5580000,0x00000000d5580000,0x00000000d5880000)
  from space 512K, 62% used [0x00000000d5a00000,0x00000000d5a50000,0x00000000d5a80000)
  to   space 512K, 0% used [0x00000000d5980000,0x00000000d5980000,0x00000000d5a00000)
 ParOldGen       total 412672K, used 412459K [0x0000000080000000, 0x0000000099300000, 0x00000000d5580000)
  object space 412672K, 99% used [0x0000000080000000,0x00000000992cae50,0x0000000099300000)
 Metaspace       used 70935K, committed 72384K, reserved 1114112K
  class space    used 8523K, committed 9152K, reserved 1048576K
}
Event: 17.070 GC heap before
{Heap before GC invocations=368 (full 3):
 PSYoungGen      total 3584K, used 3339K [0x00000000d5580000, 0x00000000d5a80000, 0x0000000100000000)
  eden space 3072K, 98% used [0x00000000d5580000,0x00000000d5872c40,0x00000000d5880000)
  from space 512K, 62% used [0x00000000d5a00000,0x00000000d5a50000,0x00000000d5a80000)
  to   space 512K, 0% used [0x00000000d5980000,0x00000000d5980000,0x00000000d5a00000)
 ParOldGen       total 412672K, used 412459K [0x0000000080000000, 0x0000000099300000, 0x00000000d5580000)
  object space 412672K, 99% used [0x0000000080000000,0x00000000992cae50,0x0000000099300000)
 Metaspace       used 71276K, committed 72832K, reserved 1114112K
  class space    used 8538K, committed 9280K, reserved 1048576K
}
Event: 17.071 GC heap after
{Heap after GC invocations=368 (full 3):
 PSYoungGen      total 3584K, used 320K [0x00000000d5580000, 0x00000000d5a80000, 0x0000000100000000)
  eden space 3072K, 0% used [0x00000000d5580000,0x00000000d5580000,0x00000000d5880000)
  from space 512K, 62% used [0x00000000d5980000,0x00000000d59d0000,0x00000000d5a00000)
  to   space 512K, 0% used [0x00000000d5a00000,0x00000000d5a00000,0x00000000d5a80000)
 ParOldGen       total 412672K, used 412555K [0x0000000080000000, 0x0000000099300000, 0x00000000d5580000)
  object space 412672K, 99% used [0x0000000080000000,0x00000000992e2e50,0x0000000099300000)
 Metaspace       used 71276K, committed 72832K, reserved 1114112K
  class space    used 8538K, committed 9280K, reserved 1048576K
}
Event: 17.120 GC heap before
{Heap before GC invocations=369 (full 3):
 PSYoungGen      total 3584K, used 3392K [0x00000000d5580000, 0x00000000d5a80000, 0x0000000100000000)
  eden space 3072K, 100% used [0x00000000d5580000,0x00000000d5880000,0x00000000d5880000)
  from space 512K, 62% used [0x00000000d5980000,0x00000000d59d0000,0x00000000d5a00000)
  to   space 512K, 0% used [0x00000000d5a00000,0x00000000d5a00000,0x00000000d5a80000)
 ParOldGen       total 412672K, used 412555K [0x0000000080000000, 0x0000000099300000, 0x00000000d5580000)
  object space 412672K, 99% used [0x0000000080000000,0x00000000992e2e50,0x0000000099300000)
 Metaspace       used 71730K, committed 73216K, reserved 1114112K
  class space    used 8579K, committed 9280K, reserved 1048576K
}
Event: 17.121 GC heap after
{Heap after GC invocations=369 (full 3):
 PSYoungGen      total 3584K, used 384K [0x00000000d5580000, 0x00000000d5a80000, 0x0000000100000000)
  eden space 3072K, 0% used [0x00000000d5580000,0x00000000d5580000,0x00000000d5880000)
  from space 512K, 75% used [0x00000000d5a00000,0x00000000d5a60000,0x00000000d5a80000)
  to   space 512K, 0% used [0x00000000d5980000,0x00000000d5980000,0x00000000d5a00000)
 ParOldGen       total 412672K, used 412627K [0x0000000080000000, 0x0000000099300000, 0x00000000d5580000)
  object space 412672K, 99% used [0x0000000080000000,0x00000000992f4e50,0x0000000099300000)
 Metaspace       used 71730K, committed 73216K, reserved 1114112K
  class space    used 8579K, committed 9280K, reserved 1048576K
}
Event: 17.169 GC heap before
{Heap before GC invocations=370 (full 3):
 PSYoungGen      total 3584K, used 3455K [0x00000000d5580000, 0x00000000d5a80000, 0x0000000100000000)
  eden space 3072K, 99% used [0x00000000d5580000,0x00000000d587fff8,0x00000000d5880000)
  from space 512K, 75% used [0x00000000d5a00000,0x00000000d5a60000,0x00000000d5a80000)
  to   space 512K, 0% used [0x00000000d5980000,0x00000000d5980000,0x00000000d5a00000)
 ParOldGen       total 412672K, used 412627K [0x0000000080000000, 0x0000000099300000, 0x00000000d5580000)
  object space 412672K, 99% used [0x0000000080000000,0x00000000992f4e50,0x0000000099300000)
 Metaspace       used 72009K, committed 73536K, reserved 1114112K
  class space    used 8633K, committed 9344K, reserved 1048576K
}
Event: 17.170 GC heap after
{Heap after GC invocations=370 (full 3):
 PSYoungGen      total 3584K, used 384K [0x00000000d5580000, 0x00000000d5a80000, 0x0000000100000000)
  eden space 3072K, 0% used [0x00000000d5580000,0x00000000d5580000,0x00000000d5880000)
  from space 512K, 75% used [0x00000000d5980000,0x00000000d59e0000,0x00000000d5a00000)
  to   space 512K, 0% used [0x00000000d5a00000,0x00000000d5a00000,0x00000000d5a80000)
 ParOldGen       total 413184K, used 412851K [0x0000000080000000, 0x0000000099380000, 0x00000000d5580000)
  object space 413184K, 99% used [0x0000000080000000,0x000000009932ce50,0x0000000099380000)
 Metaspace       used 72009K, committed 73536K, reserved 1114112K
  class space    used 8633K, committed 9344K, reserved 1048576K
}
Event: 17.208 GC heap before
{Heap before GC invocations=371 (full 3):
 PSYoungGen      total 3584K, used 3456K [0x00000000d5580000, 0x00000000d5a80000, 0x0000000100000000)
  eden space 3072K, 100% used [0x00000000d5580000,0x00000000d5880000,0x00000000d5880000)
  from space 512K, 75% used [0x00000000d5980000,0x00000000d59e0000,0x00000000d5a00000)
  to   space 512K, 0% used [0x00000000d5a00000,0x00000000d5a00000,0x00000000d5a80000)
 ParOldGen       total 413184K, used 412851K [0x0000000080000000, 0x0000000099380000, 0x00000000d5580000)
  object space 413184K, 99% used [0x0000000080000000,0x000000009932ce50,0x0000000099380000)
 Metaspace       used 72505K, committed 73984K, reserved 1114112K
  class space    used 8674K, committed 9408K, reserved 1048576K
}
Event: 17.209 GC heap after
{Heap after GC invocations=371 (full 3):
 PSYoungGen      total 3584K, used 288K [0x00000000d5580000, 0x00000000d5a80000, 0x0000000100000000)
  eden space 3072K, 0% used [0x00000000d5580000,0x00000000d5580000,0x00000000d5880000)
  from space 512K, 56% used [0x00000000d5a00000,0x00000000d5a48000,0x00000000d5a80000)
  to   space 512K, 0% used [0x00000000d5980000,0x00000000d5980000,0x00000000d5a00000)
 ParOldGen       total 413184K, used 413067K [0x0000000080000000, 0x0000000099380000, 0x00000000d5580000)
  object space 413184K, 99% used [0x0000000080000000,0x0000000099362e50,0x0000000099380000)
 Metaspace       used 72505K, committed 73984K, reserved 1114112K
  class space    used 8674K, committed 9408K, reserved 1048576K
}
Event: 17.268 GC heap before
{Heap before GC invocations=372 (full 3):
 PSYoungGen      total 3584K, used 3360K [0x00000000d5580000, 0x00000000d5a80000, 0x0000000100000000)
  eden space 3072K, 100% used [0x00000000d5580000,0x00000000d5880000,0x00000000d5880000)
  from space 512K, 56% used [0x00000000d5a00000,0x00000000d5a48000,0x00000000d5a80000)
  to   space 512K, 0% used [0x00000000d5980000,0x00000000d5980000,0x00000000d5a00000)
 ParOldGen       total 413184K, used 413069K [0x0000000080000000, 0x0000000099380000, 0x00000000d5580000)
  object space 413184K, 99% used [0x0000000080000000,0x0000000099363708,0x0000000099380000)
 Metaspace       used 72906K, committed 74432K, reserved 1114112K
  class space    used 8714K, committed 9408K, reserved 1048576K
}
Event: 17.271 GC heap after
{Heap after GC invocations=372 (full 3):
 PSYoungGen      total 3584K, used 384K [0x00000000d5580000, 0x00000000d5a80000, 0x0000000100000000)
  eden space 3072K, 0% used [0x00000000d5580000,0x00000000d5580000,0x00000000d5880000)
  from space 512K, 75% used [0x00000000d5980000,0x00000000d59e0000,0x00000000d5a00000)
  to   space 512K, 0% used [0x00000000d5a00000,0x00000000d5a00000,0x00000000d5a80000)
 ParOldGen       total 413184K, used 413157K [0x0000000080000000, 0x0000000099380000, 0x00000000d5580000)
  object space 413184K, 99% used [0x0000000080000000,0x0000000099379708,0x0000000099380000)
 Metaspace       used 72906K, committed 74432K, reserved 1114112K
  class space    used 8714K, committed 9408K, reserved 1048576K
}
Event: 17.306 GC heap before
{Heap before GC invocations=373 (full 3):
 PSYoungGen      total 3584K, used 2683K [0x00000000d5580000, 0x00000000d5a80000, 0x0000000100000000)
  eden space 3072K, 74% used [0x00000000d5580000,0x00000000d57bef90,0x00000000d5880000)
  from space 512K, 75% used [0x00000000d5980000,0x00000000d59e0000,0x00000000d5a00000)
  to   space 512K, 0% used [0x00000000d5a00000,0x00000000d5a00000,0x00000000d5a80000)
 ParOldGen       total 413184K, used 413157K [0x0000000080000000, 0x0000000099380000, 0x00000000d5580000)
  object space 413184K, 99% used [0x0000000080000000,0x0000000099379708,0x0000000099380000)
 Metaspace       used 73055K, committed 74496K, reserved 1179648K
  class space    used 8736K, committed 9408K, reserved 1048576K
}
Event: 17.307 GC heap after
{Heap after GC invocations=373 (full 3):
 PSYoungGen      total 3584K, used 416K [0x00000000d5580000, 0x00000000d5a80000, 0x0000000100000000)
  eden space 3072K, 0% used [0x00000000d5580000,0x00000000d5580000,0x00000000d5880000)
  from space 512K, 81% used [0x00000000d5a00000,0x00000000d5a68040,0x00000000d5a80000)
  to   space 512K, 0% used [0x00000000d5980000,0x00000000d5980000,0x00000000d5a00000)
 ParOldGen       total 413696K, used 413325K [0x0000000080000000, 0x0000000099400000, 0x00000000d5580000)
  object space 413696K, 99% used [0x0000000080000000,0x00000000993a3738,0x0000000099400000)
 Metaspace       used 73055K, committed 74496K, reserved 1179648K
  class space    used 8736K, committed 9408K, reserved 1048576K
}

Dll operation events (14 events):
Event: 0.008 Loaded shared library c:\Users\sasad\.vscode\extensions\redhat.java-1.43.1-win32-x64\jre\21.0.7-win32-x86_64\bin\java.dll
Event: 0.055 Loaded shared library c:\Users\sasad\.vscode\extensions\redhat.java-1.43.1-win32-x64\jre\21.0.7-win32-x86_64\bin\zip.dll
Event: 0.069 Loaded shared library C:\Users\sasad\.vscode\extensions\redhat.java-1.43.1-win32-x64\jre\21.0.7-win32-x86_64\bin\instrument.dll
Event: 0.073 Loaded shared library C:\Users\sasad\.vscode\extensions\redhat.java-1.43.1-win32-x64\jre\21.0.7-win32-x86_64\bin\net.dll
Event: 0.075 Loaded shared library C:\Users\sasad\.vscode\extensions\redhat.java-1.43.1-win32-x64\jre\21.0.7-win32-x86_64\bin\nio.dll
Event: 0.078 Loaded shared library C:\Users\sasad\.vscode\extensions\redhat.java-1.43.1-win32-x64\jre\21.0.7-win32-x86_64\bin\zip.dll
Event: 0.091 Loaded shared library C:\Users\sasad\.vscode\extensions\redhat.java-1.43.1-win32-x64\jre\21.0.7-win32-x86_64\bin\jimage.dll
Event: 0.145 Loaded shared library c:\Users\sasad\.vscode\extensions\redhat.java-1.43.1-win32-x64\jre\21.0.7-win32-x86_64\bin\verify.dll
Event: 1.080 Loaded shared library C:\Users\sasad\AppData\Roaming\Code\User\globalStorage\redhat.java\1.43.1\config_win\org.eclipse.equinox.launcher\org.eclipse.equinox.launcher.win32.win32.x86_64_1.2.1300.v20250331-1702\eclipse_11911.dll
Event: 2.095 Loaded shared library C:\Users\sasad\AppData\Local\Temp\jna-109208264\jna4119602850777475854.dll
Event: 9.689 Loaded shared library C:\Users\sasad\.gradle\native\c067742578af261105cb4f569cf0c3c89f3d7b1fecec35dd04571415982c5e48\windows-amd64\native-platform.dll
Event: 10.919 Loaded shared library C:\Users\sasad\.vscode\extensions\redhat.java-1.43.1-win32-x64\jre\21.0.7-win32-x86_64\bin\management.dll
Event: 10.923 Loaded shared library C:\Users\sasad\.vscode\extensions\redhat.java-1.43.1-win32-x64\jre\21.0.7-win32-x86_64\bin\management_ext.dll
Event: 15.503 Loaded shared library C:\Users\sasad\.vscode\extensions\redhat.java-1.43.1-win32-x64\jre\21.0.7-win32-x86_64\bin\extnet.dll

Deoptimization events (20 events):
Event: 17.275 Thread 0x000001d3f63f2540 Uncommon trap: trap_request=0xffffff76 fr.pc=0x000001d39597b67c relative=0x000000000000175c
Event: 17.275 Thread 0x000001d3f63f2540 Uncommon trap: reason=predicate action=maybe_recompile pc=0x000001d39597b67c method=java.util.TimSort.reverseRange([Ljava/lang/Object;II)V @ 5 c2
Event: 17.275 Thread 0x000001d3f63f2540 DEOPT PACKING pc=0x000001d39597b67c sp=0x00000080c00fe8d0
Event: 17.275 Thread 0x000001d3f63f2540 DEOPT UNPACKING pc=0x000001d394f83aa2 sp=0x00000080c00fe780 mode 2
Event: 17.279 Thread 0x000001d3f63f0b00 Uncommon trap: trap_request=0xffffff76 fr.pc=0x000001d395975af0 relative=0x0000000000000750
Event: 17.279 Thread 0x000001d3f63f0b00 Uncommon trap: reason=predicate action=maybe_recompile pc=0x000001d395975af0 method=java.util.TimSort.reverseRange([Ljava/lang/Object;II)V @ 5 c2
Event: 17.279 Thread 0x000001d3f63f0b00 DEOPT PACKING pc=0x000001d395975af0 sp=0x00000080c02fe720
Event: 17.280 Thread 0x000001d3f63f0b00 DEOPT UNPACKING pc=0x000001d394f83aa2 sp=0x00000080c02fe658 mode 2
Event: 17.312 Thread 0x000001d3e942dae0 Uncommon trap: trap_request=0xffffff45 fr.pc=0x000001d3957d466c relative=0x000000000000030c
Event: 17.312 Thread 0x000001d3e942dae0 Uncommon trap: reason=unstable_if action=reinterpret pc=0x000001d3957d466c method=jdk.internal.jimage.ImageStringsReader.stringFromByteBufferMatches(Ljava/nio/ByteBuffer;ILjava/lang/String;I)I @ 59 c2
Event: 17.312 Thread 0x000001d3e942dae0 DEOPT PACKING pc=0x000001d3957d466c sp=0x00000080bd9fdc20
Event: 17.312 Thread 0x000001d3e942dae0 DEOPT UNPACKING pc=0x000001d394f83aa2 sp=0x00000080bd9fdb98 mode 2
Event: 17.312 Thread 0x000001d3e942dae0 Uncommon trap: trap_request=0xffffff45 fr.pc=0x000001d3957fbae8 relative=0x0000000000000868
Event: 17.312 Thread 0x000001d3e942dae0 Uncommon trap: reason=unstable_if action=reinterpret pc=0x000001d3957fbae8 method=jdk.internal.jrtfs.JrtFileSystem.checkNode(Ljdk/internal/jrtfs/JrtPath;)Ljdk/internal/jimage/ImageReader$Node; @ 16 c2
Event: 17.312 Thread 0x000001d3e942dae0 DEOPT PACKING pc=0x000001d3957fbae8 sp=0x00000080bd9fdf10
Event: 17.312 Thread 0x000001d3e942dae0 DEOPT UNPACKING pc=0x000001d394f83aa2 sp=0x00000080bd9fdf10 mode 2
Event: 17.313 Thread 0x000001d3e942dae0 Uncommon trap: trap_request=0xffffff45 fr.pc=0x000001d3958030b4 relative=0x00000000000011b4
Event: 17.313 Thread 0x000001d3e942dae0 Uncommon trap: reason=unstable_if action=reinterpret pc=0x000001d3958030b4 method=org.eclipse.jdt.internal.core.util.Util.splitOn(CLjava/lang/String;II)[Ljava/lang/String; @ 16 c2
Event: 17.313 Thread 0x000001d3e942dae0 DEOPT PACKING pc=0x000001d3958030b4 sp=0x00000080bd9fe5d0
Event: 17.313 Thread 0x000001d3e942dae0 DEOPT UNPACKING pc=0x000001d394f83aa2 sp=0x00000080bd9fe5c0 mode 2

Classes loaded (20 events):
Event: 17.271 Loading class java/util/stream/DistinctOps$1
Event: 17.272 Loading class java/util/stream/DistinctOps$1 done
Event: 17.276 Loading class jdk/internal/event/SecurityPropertyModificationEvent
Event: 17.276 Loading class jdk/internal/event/SecurityPropertyModificationEvent done
Event: 17.277 Loading class java/util/stream/DistinctOps$1$2
Event: 17.277 Loading class java/util/stream/DistinctOps$1$2 done
Event: 17.313 Loading class javax/crypto/spec/IvParameterSpec
Event: 17.314 Loading class javax/crypto/spec/IvParameterSpec done
Event: 17.315 Loading class javax/crypto/spec/SecretKeySpec
Event: 17.315 Loading class javax/crypto/spec/SecretKeySpec done
Event: 17.317 Loading class jdk/internal/access/JavaxCryptoSpecAccess
Event: 17.317 Loading class jdk/internal/access/JavaxCryptoSpecAccess done
Event: 17.318 Loading class javax/crypto/Cipher
Event: 17.320 Loading class javax/crypto/Cipher done
Event: 17.321 Loading class javax/crypto/Cipher$Transform
Event: 17.321 Loading class javax/crypto/Cipher$Transform done
Event: 17.321 Loading class sun/security/jca/ProviderConfig$3
Event: 17.322 Loading class sun/security/jca/ProviderConfig$3 done
Event: 17.322 Loading class sun/security/jca/ProviderConfig$ProviderLoader
Event: 17.322 Loading class sun/security/jca/ProviderConfig$ProviderLoader done

Classes unloaded (7 events):
Event: 2.498 Thread 0x000001d38a8b2af0 Unloading class 0x000001d3a31a5000 'java/lang/invoke/LambdaForm$MH+0x000001d3a31a5000'
Event: 2.498 Thread 0x000001d38a8b2af0 Unloading class 0x000001d3a31a4c00 'java/lang/invoke/LambdaForm$MH+0x000001d3a31a4c00'
Event: 2.498 Thread 0x000001d38a8b2af0 Unloading class 0x000001d3a31a4800 'java/lang/invoke/LambdaForm$MH+0x000001d3a31a4800'
Event: 2.498 Thread 0x000001d38a8b2af0 Unloading class 0x000001d3a31a4400 'java/lang/invoke/LambdaForm$MH+0x000001d3a31a4400'
Event: 2.498 Thread 0x000001d38a8b2af0 Unloading class 0x000001d3a31a4000 'java/lang/invoke/LambdaForm$BMH+0x000001d3a31a4000'
Event: 2.498 Thread 0x000001d38a8b2af0 Unloading class 0x000001d3a31a3c00 'java/lang/invoke/LambdaForm$DMH+0x000001d3a31a3c00'
Event: 2.498 Thread 0x000001d38a8b2af0 Unloading class 0x000001d3a31a2800 'java/lang/invoke/LambdaForm$DMH+0x000001d3a31a2800'

Classes redefined (0 events):
No events

Internal exceptions (20 events):
Event: 17.233 Thread 0x000001d3e942dae0 Exception <a 'sun/nio/fs/WindowsException'{0x00000000d56f4cc0}> (0x00000000d56f4cc0) 
thrown [s\src\hotspot\share\prims\jni.cpp, line 520]
Event: 17.234 Thread 0x000001d3e942dae0 Exception <a 'sun/nio/fs/WindowsException'{0x00000000d56f5bf0}> (0x00000000d56f5bf0) 
thrown [s\src\hotspot\share\prims\jni.cpp, line 520]
Event: 17.234 Thread 0x000001d3e942dae0 Exception <a 'sun/nio/fs/WindowsException'{0x00000000d56f62e0}> (0x00000000d56f62e0) 
thrown [s\src\hotspot\share\prims\jni.cpp, line 520]
Event: 17.237 Thread 0x000001d3e942dae0 Exception <a 'java/io/FileNotFoundException'{0x00000000d570e600}> (0x00000000d570e600) 
thrown [s\src\hotspot\share\prims\jni.cpp, line 520]
Event: 17.237 Thread 0x000001d3e942dae0 Exception <a 'java/io/FileNotFoundException'{0x00000000d570f608}> (0x00000000d570f608) 
thrown [s\src\hotspot\share\prims\jni.cpp, line 520]
Event: 17.241 Thread 0x000001d3ebaf5810 Exception <a 'java/lang/IncompatibleClassChangeError'{0x00000000d56e9cd0}: Found class java.lang.Object, but interface was expected> (0x00000000d56e9cd0) 
thrown [s\src\hotspot\share\interpreter\linkResolver.cpp, line 840]
Event: 17.262 Thread 0x000001d3e942dae0 Exception <a 'sun/nio/fs/WindowsException'{0x00000000d5811b68}> (0x00000000d5811b68) 
thrown [s\src\hotspot\share\prims\jni.cpp, line 520]
Event: 17.262 Thread 0x000001d3e942dae0 Exception <a 'sun/nio/fs/WindowsException'{0x00000000d5812258}> (0x00000000d5812258) 
thrown [s\src\hotspot\share\prims\jni.cpp, line 520]
Event: 17.283 Thread 0x000001d3f63f0b00 Exception <a 'sun/nio/fs/WindowsException'{0x00000000d56b1fa8}> (0x00000000d56b1fa8) 
thrown [s\src\hotspot\share\prims\jni.cpp, line 520]
Event: 17.283 Thread 0x000001d3f63f0b00 Exception <a 'sun/nio/fs/WindowsException'{0x00000000d56b2968}> (0x00000000d56b2968) 
thrown [s\src\hotspot\share\prims\jni.cpp, line 520]
Event: 17.284 Thread 0x000001d3f63f0b00 Exception <a 'sun/nio/fs/WindowsException'{0x00000000d56b38e8}> (0x00000000d56b38e8) 
thrown [s\src\hotspot\share\prims\jni.cpp, line 520]
Event: 17.284 Thread 0x000001d3f63f0b00 Exception <a 'sun/nio/fs/WindowsException'{0x00000000d56b4288}> (0x00000000d56b4288) 
thrown [s\src\hotspot\share\prims\jni.cpp, line 520]
Event: 17.286 Thread 0x000001d3f63f0b00 Exception <a 'sun/nio/fs/WindowsException'{0x00000000d56e8278}> (0x00000000d56e8278) 
thrown [s\src\hotspot\share\prims\jni.cpp, line 520]
Event: 17.286 Thread 0x000001d3f63f0b00 Exception <a 'sun/nio/fs/WindowsException'{0x00000000d56e8c18}> (0x00000000d56e8c18) 
thrown [s\src\hotspot\share\prims\jni.cpp, line 520]
Event: 17.321 Thread 0x000001d3e942dae0 Exception <a 'sun/nio/fs/WindowsException'{0x00000000d5728a90}> (0x00000000d5728a90) 
thrown [s\src\hotspot\share\prims\jni.cpp, line 520]
Event: 17.321 Thread 0x000001d3e942dae0 Exception <a 'sun/nio/fs/WindowsException'{0x00000000d5729180}> (0x00000000d5729180) 
thrown [s\src\hotspot\share\prims\jni.cpp, line 520]
Event: 17.322 Thread 0x000001d3e942dae0 Exception <a 'sun/nio/fs/WindowsException'{0x00000000d572eae0}> (0x00000000d572eae0) 
thrown [s\src\hotspot\share\prims\jni.cpp, line 520]
Event: 17.323 Thread 0x000001d3e942dae0 Exception <a 'sun/nio/fs/WindowsException'{0x00000000d572f1d0}> (0x00000000d572f1d0) 
thrown [s\src\hotspot\share\prims\jni.cpp, line 520]
Event: 17.324 Thread 0x000001d3e942dae0 Exception <a 'sun/nio/fs/WindowsException'{0x00000000d57307c8}> (0x00000000d57307c8) 
thrown [s\src\hotspot\share\prims\jni.cpp, line 520]
Event: 17.324 Thread 0x000001d3e942dae0 Exception <a 'sun/nio/fs/WindowsException'{0x00000000d5730eb8}> (0x00000000d5730eb8) 
thrown [s\src\hotspot\share\prims\jni.cpp, line 520]

ZGC Phase Switch (0 events):
No events

VM Operations (20 events):
Event: 17.033 Executing VM operation: ParallelGCFailedAllocation (Allocation Failure)
Event: 17.034 Executing VM operation: ParallelGCFailedAllocation (Allocation Failure) done
Event: 17.070 Executing VM operation: ParallelGCFailedAllocation (Allocation Failure)
Event: 17.071 Executing VM operation: ParallelGCFailedAllocation (Allocation Failure) done
Event: 17.120 Executing VM operation: ParallelGCFailedAllocation (Allocation Failure)
Event: 17.121 Executing VM operation: ParallelGCFailedAllocation (Allocation Failure) done
Event: 17.169 Executing VM operation: ParallelGCFailedAllocation (Allocation Failure)
Event: 17.170 Executing VM operation: ParallelGCFailedAllocation (Allocation Failure) done
Event: 17.208 Executing VM operation: ParallelGCFailedAllocation (Allocation Failure)
Event: 17.209 Executing VM operation: ParallelGCFailedAllocation (Allocation Failure) done
Event: 17.267 Executing VM operation: ParallelGCFailedAllocation (Allocation Failure)
Event: 17.268 Executing VM operation: ParallelGCFailedAllocation (Allocation Failure) done
Event: 17.268 Executing VM operation: ParallelGCFailedAllocation (Allocation Failure)
Event: 17.271 Executing VM operation: ParallelGCFailedAllocation (Allocation Failure) done
Event: 17.275 Executing VM operation: HandshakeAllThreads (Deoptimize)
Event: 17.275 Executing VM operation: HandshakeAllThreads (Deoptimize) done
Event: 17.301 Executing VM operation: HandshakeAllThreads (Deoptimize)
Event: 17.301 Executing VM operation: HandshakeAllThreads (Deoptimize) done
Event: 17.306 Executing VM operation: ParallelGCFailedAllocation (Allocation Failure)
Event: 17.308 Executing VM operation: ParallelGCFailedAllocation (Allocation Failure) done

Memory protections (0 events):
No events

Nmethod flushes (20 events):
Event: 11.291 Thread 0x000001d38a8b2af0 flushing  nmethod 0x000001d38e28e290
Event: 11.291 Thread 0x000001d38a8b2af0 flushing  nmethod 0x000001d38e29cd10
Event: 11.291 Thread 0x000001d38a8b2af0 flushing  nmethod 0x000001d38e2a6d90
Event: 11.291 Thread 0x000001d38a8b2af0 flushing  nmethod 0x000001d38e2c0190
Event: 11.291 Thread 0x000001d38a8b2af0 flushing  nmethod 0x000001d38e2c1610
Event: 11.291 Thread 0x000001d38a8b2af0 flushing  nmethod 0x000001d38e2c2790
Event: 11.291 Thread 0x000001d38a8b2af0 flushing  nmethod 0x000001d38e2c3e90
Event: 11.291 Thread 0x000001d38a8b2af0 flushing  nmethod 0x000001d38e2c6110
Event: 11.291 Thread 0x000001d38a8b2af0 flushing  nmethod 0x000001d38e2c7690
Event: 11.291 Thread 0x000001d38a8b2af0 flushing  nmethod 0x000001d38e2c8490
Event: 11.291 Thread 0x000001d38a8b2af0 flushing  nmethod 0x000001d38e2e7910
Event: 11.291 Thread 0x000001d38a8b2af0 flushing  nmethod 0x000001d38e2e9410
Event: 11.291 Thread 0x000001d38a8b2af0 flushing  nmethod 0x000001d38e2f6f10
Event: 11.291 Thread 0x000001d38a8b2af0 flushing  nmethod 0x000001d38e2f8310
Event: 11.291 Thread 0x000001d38a8b2af0 flushing  nmethod 0x000001d38e2fca10
Event: 11.291 Thread 0x000001d38a8b2af0 flushing  nmethod 0x000001d38e2fd710
Event: 11.291 Thread 0x000001d38a8b2af0 flushing  nmethod 0x000001d38e30be90
Event: 11.291 Thread 0x000001d38a8b2af0 flushing  nmethod 0x000001d38e30d310
Event: 11.291 Thread 0x000001d38a8b2af0 flushing  nmethod 0x000001d38e30dc10
Event: 11.291 Thread 0x000001d38a8b2af0 flushing  nmethod 0x000001d38e30f290

Events (20 events):
Event: 15.834 Thread 0x000001d3f63ee3a0 Thread added: 0x000001d3f63edd10
Event: 15.834 Thread 0x000001d3f63ebc40 Thread exited: 0x000001d3f63ebc40
Event: 15.870 Thread 0x000001d3f63ee3a0 Thread exited: 0x000001d3f63ee3a0
Event: 15.870 Thread 0x000001d3f63edd10 Thread exited: 0x000001d3f63edd10
Event: 15.870 Thread 0x000001d3f63ec2d0 Thread exited: 0x000001d3f63ec2d0
Event: 15.871 Thread 0x000001d3f63ef0c0 Thread exited: 0x000001d3f63ef0c0
Event: 16.253 Thread 0x000001d3e466dc80 Thread exited: 0x000001d3e466dc80
Event: 16.253 Thread 0x000001d3e38e30f0 Thread exited: 0x000001d3e38e30f0
Event: 16.420 Thread 0x000001d38a8c63a0 Thread added: 0x000001d3f71f4b30
Event: 16.420 Thread 0x000001d38a8c63a0 Thread added: 0x000001d3f71f7ae0
Event: 17.153 Thread 0x000001d3ebaf5810 Thread added: 0x000001d3f63ee3a0
Event: 17.157 Thread 0x000001d3ebaf5810 Thread added: 0x000001d3f63ecff0
Event: 17.201 Thread 0x000001d3ebaf5810 Thread added: 0x000001d3f63ebc40
Event: 17.242 Thread 0x000001d3ebaf5810 Thread added: 0x000001d3f63ef0c0
Event: 17.243 Thread 0x000001d3f63ef0c0 Thread added: 0x000001d3f63ef750
Event: 17.246 Thread 0x000001d3ebaf5810 Thread added: 0x000001d3f63ec2d0
Event: 17.257 Thread 0x000001d3f63ec2d0 Thread added: 0x000001d3f63f2540
Event: 17.263 Thread 0x000001d3f63f2540 Thread added: 0x000001d3f63f1820
Event: 17.263 Thread 0x000001d3f63f1820 Thread added: 0x000001d3f63f0b00
Event: 17.281 Thread 0x000001d3f63ef0c0 Thread added: 0x000001d3f63f1eb0


Dynamic libraries:
0x00007ff7d07c0000 - 0x00007ff7d07ce000 	c:\Users\sasad\.vscode\extensions\redhat.java-1.43.1-win32-x64\jre\21.0.7-win32-x86_64\bin\java.exe
0x00007fff71600000 - 0x00007fff71863000 	C:\WINDOWS\SYSTEM32\ntdll.dll
0x00007fff70be0000 - 0x00007fff70ca7000 	C:\WINDOWS\System32\KERNEL32.DLL
0x00007fff6e9a0000 - 0x00007fff6ed67000 	C:\WINDOWS\System32\KERNELBASE.dll
0x00007fff6f250000 - 0x00007fff6f39c000 	C:\WINDOWS\System32\ucrtbase.dll
0x00007fff63320000 - 0x00007fff63338000 	c:\Users\sasad\.vscode\extensions\redhat.java-1.43.1-win32-x64\jre\21.0.7-win32-x86_64\bin\jli.dll
0x00007fff5c510000 - 0x00007fff5c52e000 	c:\Users\sasad\.vscode\extensions\redhat.java-1.43.1-win32-x64\jre\21.0.7-win32-x86_64\bin\VCRUNTIME140.dll
0x00007fff70320000 - 0x00007fff704e9000 	C:\WINDOWS\System32\USER32.dll
0x00007fff6f220000 - 0x00007fff6f247000 	C:\WINDOWS\System32\win32u.dll
0x00007fff57be0000 - 0x00007fff57e70000 	C:\WINDOWS\WinSxS\amd64_microsoft.windows.common-controls_6595b64144ccf1df_6.0.26100.3037_none_3e09262ce333c378\COMCTL32.dll
0x00007fff705d0000 - 0x00007fff705fa000 	C:\WINDOWS\System32\GDI32.dll
0x00007fff6fe00000 - 0x00007fff6fea9000 	C:\WINDOWS\System32\msvcrt.dll
0x00007fff6f040000 - 0x00007fff6f16b000 	C:\WINDOWS\System32\gdi32full.dll
0x00007fff6f170000 - 0x00007fff6f213000 	C:\WINDOWS\System32\msvcp_win.dll
0x00007fff6feb0000 - 0x00007fff6fedf000 	C:\WINDOWS\System32\IMM32.DLL
0x00007fff68910000 - 0x00007fff6891c000 	c:\Users\sasad\.vscode\extensions\redhat.java-1.43.1-win32-x64\jre\21.0.7-win32-x86_64\bin\vcruntime140_1.dll
0x00007fff2a560000 - 0x00007fff2a5ed000 	c:\Users\sasad\.vscode\extensions\redhat.java-1.43.1-win32-x64\jre\21.0.7-win32-x86_64\bin\msvcp140.dll
0x00007ffee5ed0000 - 0x00007ffee6c60000 	c:\Users\sasad\.vscode\extensions\redhat.java-1.43.1-win32-x64\jre\21.0.7-win32-x86_64\bin\server\jvm.dll
0x00007fff70260000 - 0x00007fff70314000 	C:\WINDOWS\System32\ADVAPI32.dll
0x00007fff6fa50000 - 0x00007fff6faf6000 	C:\WINDOWS\System32\sechost.dll
0x00007fff70aa0000 - 0x00007fff70bb6000 	C:\WINDOWS\System32\RPCRT4.dll
0x00007fff6fef0000 - 0x00007fff6ff64000 	C:\WINDOWS\System32\WS2_32.dll
0x00007fff66fb0000 - 0x00007fff66fe6000 	C:\WINDOWS\SYSTEM32\WINMM.dll
0x00007fff6e670000 - 0x00007fff6e6be000 	C:\WINDOWS\SYSTEM32\POWRPROF.dll
0x00007fff67780000 - 0x00007fff6778b000 	C:\WINDOWS\SYSTEM32\VERSION.dll
0x00007fff6e650000 - 0x00007fff6e664000 	C:\WINDOWS\SYSTEM32\UMPDC.dll
0x00007fff6d7d0000 - 0x00007fff6d7ea000 	C:\WINDOWS\SYSTEM32\kernel.appcore.dll
0x00007fff5f300000 - 0x00007fff5f30a000 	c:\Users\sasad\.vscode\extensions\redhat.java-1.43.1-win32-x64\jre\21.0.7-win32-x86_64\bin\jimage.dll
0x00007fff615c0000 - 0x00007fff61801000 	C:\WINDOWS\SYSTEM32\DBGHELP.DLL
0x00007fff6f660000 - 0x00007fff6f9de000 	C:\WINDOWS\System32\combase.dll
0x00007fff704f0000 - 0x00007fff705c6000 	C:\WINDOWS\System32\OLEAUT32.dll
0x00007fff52c00000 - 0x00007fff52c39000 	C:\WINDOWS\SYSTEM32\dbgcore.DLL
0x00007fff6f3a0000 - 0x00007fff6f439000 	C:\WINDOWS\System32\bcryptPrimitives.dll
0x00007fff6b590000 - 0x00007fff6b59f000 	c:\Users\sasad\.vscode\extensions\redhat.java-1.43.1-win32-x64\jre\21.0.7-win32-x86_64\bin\instrument.dll
0x00007fff56120000 - 0x00007fff5613f000 	c:\Users\sasad\.vscode\extensions\redhat.java-1.43.1-win32-x64\jre\21.0.7-win32-x86_64\bin\java.dll
0x00007fff70de0000 - 0x00007fff714e4000 	C:\WINDOWS\System32\SHELL32.dll
0x00007fff6c680000 - 0x00007fff6ceb7000 	C:\WINDOWS\SYSTEM32\windows.storage.dll
0x00007fff6ffa0000 - 0x00007fff70089000 	C:\WINDOWS\System32\SHCORE.dll
0x00007fff6f9f0000 - 0x00007fff6fa4d000 	C:\WINDOWS\System32\shlwapi.dll
0x00007fff6e8b0000 - 0x00007fff6e8de000 	C:\WINDOWS\SYSTEM32\profapi.dll
0x00007fff5c4f0000 - 0x00007fff5c508000 	c:\Users\sasad\.vscode\extensions\redhat.java-1.43.1-win32-x64\jre\21.0.7-win32-x86_64\bin\zip.dll
0x00007fff5c770000 - 0x00007fff5c780000 	C:\Users\sasad\.vscode\extensions\redhat.java-1.43.1-win32-x64\jre\21.0.7-win32-x86_64\bin\net.dll
0x00007fff674e0000 - 0x00007fff675fe000 	C:\WINDOWS\SYSTEM32\WINHTTP.dll
0x00007fff6dce0000 - 0x00007fff6dd4a000 	C:\WINDOWS\system32\mswsock.dll
0x00007fff550e0000 - 0x00007fff550f6000 	C:\Users\sasad\.vscode\extensions\redhat.java-1.43.1-win32-x64\jre\21.0.7-win32-x86_64\bin\nio.dll
0x00007fff67d60000 - 0x00007fff67d70000 	c:\Users\sasad\.vscode\extensions\redhat.java-1.43.1-win32-x64\jre\21.0.7-win32-x86_64\bin\verify.dll
0x00007fff36210000 - 0x00007fff36255000 	C:\Users\sasad\AppData\Roaming\Code\User\globalStorage\redhat.java\1.43.1\config_win\org.eclipse.equinox.launcher\org.eclipse.equinox.launcher.win32.win32.x86_64_1.2.1300.v20250331-1702\eclipse_11911.dll
0x00007fff6fc60000 - 0x00007fff6fdf5000 	C:\WINDOWS\System32\ole32.dll
0x00007fff6df80000 - 0x00007fff6df9c000 	C:\WINDOWS\SYSTEM32\CRYPTSP.dll
0x00007fff6d730000 - 0x00007fff6d768000 	C:\WINDOWS\system32\rsaenh.dll
0x00007fff6dd80000 - 0x00007fff6ddab000 	C:\WINDOWS\SYSTEM32\USERENV.dll
0x00007fff6e1c0000 - 0x00007fff6e1e6000 	C:\WINDOWS\SYSTEM32\bcrypt.dll
0x00007fff6dfa0000 - 0x00007fff6dfac000 	C:\WINDOWS\SYSTEM32\CRYPTBASE.dll
0x00007fff6d1f0000 - 0x00007fff6d222000 	C:\WINDOWS\SYSTEM32\IPHLPAPI.DLL
0x00007fff70600000 - 0x00007fff7060a000 	C:\WINDOWS\System32\NSI.dll
0x00007fff32430000 - 0x00007fff32479000 	C:\Users\sasad\AppData\Local\Temp\jna-109208264\jna4119602850777475854.dll
0x00007fff715a0000 - 0x00007fff715a8000 	C:\WINDOWS\System32\PSAPI.DLL
0x00007fff680e0000 - 0x00007fff680ff000 	C:\WINDOWS\SYSTEM32\dhcpcsvc6.DLL
0x00007fff68040000 - 0x00007fff68065000 	C:\WINDOWS\SYSTEM32\dhcpcsvc.DLL
0x00007fff516f0000 - 0x00007fff51717000 	C:\Users\sasad\.gradle\native\c067742578af261105cb4f569cf0c3c89f3d7b1fecec35dd04571415982c5e48\windows-amd64\native-platform.dll
0x00007fff5c4e0000 - 0x00007fff5c4ea000 	C:\Users\sasad\.vscode\extensions\redhat.java-1.43.1-win32-x64\jre\21.0.7-win32-x86_64\bin\management.dll
0x00007fff58e10000 - 0x00007fff58e1b000 	C:\Users\sasad\.vscode\extensions\redhat.java-1.43.1-win32-x64\jre\21.0.7-win32-x86_64\bin\management_ext.dll
0x00007fff58df0000 - 0x00007fff58df9000 	C:\Users\sasad\.vscode\extensions\redhat.java-1.43.1-win32-x64\jre\21.0.7-win32-x86_64\bin\extnet.dll
0x00007fff58e00000 - 0x00007fff58e0e000 	C:\Users\sasad\.vscode\extensions\redhat.java-1.43.1-win32-x64\jre\21.0.7-win32-x86_64\bin\sunmscapi.dll
0x00007fff6eec0000 - 0x00007fff6f036000 	C:\WINDOWS\System32\CRYPT32.dll
0x00007fff6e180000 - 0x00007fff6e1b0000 	C:\WINDOWS\SYSTEM32\ncrypt.dll
0x00007fff6e130000 - 0x00007fff6e16f000 	C:\WINDOWS\SYSTEM32\NTASN1.dll

dbghelp: loaded successfully - version: 4.0.5 - missing functions: none
symbol engine: initialized successfully - sym options: 0x614 - pdb path: .;c:\Users\sasad\.vscode\extensions\redhat.java-1.43.1-win32-x64\jre\21.0.7-win32-x86_64\bin;C:\WINDOWS\SYSTEM32;C:\WINDOWS\WinSxS\amd64_microsoft.windows.common-controls_6595b64144ccf1df_6.0.26100.3037_none_3e09262ce333c378;c:\Users\sasad\.vscode\extensions\redhat.java-1.43.1-win32-x64\jre\21.0.7-win32-x86_64\bin\server;C:\Users\sasad\AppData\Roaming\Code\User\globalStorage\redhat.java\1.43.1\config_win\org.eclipse.equinox.launcher\org.eclipse.equinox.launcher.win32.win32.x86_64_1.2.1300.v20250331-1702;C:\Users\sasad\AppData\Local\Temp\jna-109208264;C:\Users\sasad\.gradle\native\c067742578af261105cb4f569cf0c3c89f3d7b1fecec35dd04571415982c5e48\windows-amd64

VM Arguments:
jvm_args: --add-modules=ALL-SYSTEM --add-opens=java.base/java.util=ALL-UNNAMED --add-opens=java.base/java.lang=ALL-UNNAMED --add-opens=java.base/sun.nio.fs=ALL-UNNAMED -Declipse.application=org.eclipse.jdt.ls.core.id1 -Dosgi.bundles.defaultStartLevel=4 -Declipse.product=org.eclipse.jdt.ls.core.product -Djava.import.generatesMetadataFilesAtProjectRoot=false -DDetectVMInstallationsJob.disabled=true -Dfile.encoding=utf8 -XX:+UseParallelGC -XX:GCTimeRatio=4 -XX:AdaptiveSizePolicyWeight=90 -Dsun.zip.disableMemoryMapping=true -Xmx2G -Xms100m -Xlog:disable -javaagent:c:\Users\sasad\.vscode\extensions\redhat.java-1.43.1-win32-x64\lombok\lombok-1.18.39-4050.jar -XX:+HeapDumpOnOutOfMemoryError -XX:HeapDumpPath=c:\Users\sasad\AppData\Roaming\Code\User\workspaceStorage\9870e353e6cdb0d340180d2ff64b806d\redhat.java -Daether.dependencyCollector.impl=bf 
java_command: c:\Users\sasad\.vscode\extensions\redhat.java-1.43.1-win32-x64\server\plugins\org.eclipse.equinox.launcher_1.7.0.v20250519-0528.jar -configuration c:\Users\sasad\AppData\Roaming\Code\User\globalStorage\redhat.java\1.43.1\config_win -data c:\Users\sasad\AppData\Roaming\Code\User\workspaceStorage\9870e353e6cdb0d340180d2ff64b806d\redhat.java\jdt_ws --pipe=\\.\pipe\lsp-439213c6a03666b8ca21d83659a0e277-sock
java_class_path (initial): c:\Users\sasad\.vscode\extensions\redhat.java-1.43.1-win32-x64\server\plugins\org.eclipse.equinox.launcher_1.7.0.v20250519-0528.jar
Launcher Type: SUN_STANDARD

[Global flags]
    uintx AdaptiveSizePolicyWeight                 = 90                                        {product} {command line}
     intx CICompilerCount                          = 4                                         {product} {ergonomic}
    uintx GCTimeRatio                              = 4                                         {product} {command line}
     bool HeapDumpOnOutOfMemoryError               = true                                   {manageable} {command line}
    ccstr HeapDumpPath                             = c:\Users\sasad\AppData\Roaming\Code\User\workspaceStorage\9870e353e6cdb0d340180d2ff64b806d\redhat.java         {manageable} {command line}
   size_t InitialHeapSize                          = 104857600                                 {product} {command line}
   size_t MaxHeapSize                              = 2147483648                                {product} {command line}
   size_t MaxNewSize                               = 715653120                                 {product} {ergonomic}
   size_t MinHeapDeltaBytes                        = 524288                                    {product} {ergonomic}
   size_t MinHeapSize                              = 104857600                                 {product} {command line}
   size_t NewSize                                  = 34603008                                  {product} {ergonomic}
    uintx NonNMethodCodeHeapSize                   = 5839372                                {pd product} {ergonomic}
    uintx NonProfiledCodeHeapSize                  = 122909434                              {pd product} {ergonomic}
   size_t OldSize                                  = 70254592                                  {product} {ergonomic}
    uintx ProfiledCodeHeapSize                     = 122909434                              {pd product} {ergonomic}
    uintx ReservedCodeCacheSize                    = 251658240                              {pd product} {ergonomic}
     bool SegmentedCodeCache                       = true                                      {product} {ergonomic}
   size_t SoftMaxHeapSize                          = 2147483648                             {manageable} {ergonomic}
     bool UseCompressedOops                        = true                           {product lp64_product} {ergonomic}
     bool UseLargePagesIndividualAllocation        = false                                  {pd product} {ergonomic}
     bool UseParallelGC                            = true                                      {product} {command line}

Logging:
Log output configuration:
 #0: stdout all=off uptime,level,tags foldmultilines=false
 #1: stderr all=off uptime,level,tags foldmultilines=false

Environment Variables:
JAVA_HOME=C:\Program Files\Microsoft\jdk-17.0.13.11-hotspot
PATH=C:\Program Files\Microsoft\jdk-17.0.13.11-hotspot\bin;C:\Program Files (x86)\Common Files\Oracle\Java\javapath;C:\Program Files\Common Files\Oracle\Java\javapath;C:\Windows\system32;C:\Windows;C:\Windows\System32\Wbem;C:\Windows\System32\WindowsPowerShell\v1.0\;C:\Windows\System32\OpenSSH\;C:\Program Files (x86)\NVIDIA Corporation\PhysX\Common;C:\Program Files\NVIDIA Corporation\NVIDIA NvDLISR;C:\WINDOWS\system32;C:\WINDOWS;C:\WINDOWS\System32\Wbem;C:\WINDOWS\System32\WindowsPowerShell\v1.0\;C:\WINDOWS\System32\OpenSSH\;C:\Program Files\Git\cmd;C:\Program Files\nodejs\;C:\php;C:\Program Files\dotnet\;C:\Users\sasad\AppData\Local\Android\Sdk\platform-tools;C:\ProgramData\ComposerSetup\bin;C:\Users\sasad\AppData\Local\Programs\Python\Python313\Scripts\;C:\Users\sasad\AppData\Local\Programs\Python\Python313\;C:\Users\sasad\AppData\Local\Android\Sdk\tools;C:\Program Files\Java\jdk-11\bin;C:\Program Files\MySQL\MySQL Shell 8.0\bin\;C:\Users\sasad\AppData\Local\Microsoft\WindowsApps;C:\Users\sasad\AppData\Local\Programs\Microsoft VS Code\bin;C:\Users\sasad\AppData\Roaming\npm;C:\Users\sasad\AppData\Local\GitHubDesktop\bin;C:\Users\sasad\AppData\Roaming\Composer\vendor\bin;C:\Users\sasad\AppData\Local\Programs\cursor\resources\app\bin;C:\Users\sasad\.bun\bin
USERNAME=sasad
OS=Windows_NT
PROCESSOR_IDENTIFIER=AMD64 Family 23 Model 96 Stepping 1, AuthenticAMD
TMP=C:\Users\sasad\AppData\Local\Temp
TEMP=C:\Users\sasad\AppData\Local\Temp




Periodic native trim disabled

---------------  S Y S T E M  ---------------

OS:
 Windows 11 , 64 bit Build 26100 (10.0.26100.3037)
OS uptime: 2 days 0:46 hours
Hyper-V role detected

CPU: total 12 (initial active 12) (12 cores per cpu, 2 threads per core) family 23 model 96 stepping 1 microcode 0x8600106, cx8, cmov, fxsr, ht, mmx, 3dnowpref, sse, sse2, sse3, ssse3, sse4a, sse4.1, sse4.2, popcnt, lzcnt, tsc, tscinvbit, avx, avx2, aes, clmul, bmi1, bmi2, adx, sha, fma, vzeroupper, clflush, clflushopt, hv, rdtscp, rdpid, f16c
Processor Information for the first 12 processors :
  Max Mhz: 3001, Current Mhz: 3001, Mhz Limit: 3001

Memory: 4k page, system-wide physical 15790M (788M free)
TotalPageFile size 30614M (AvailPageFile size 14M)
current process WorkingSet (physical memory assigned to process): 800M, peak: 801M
current process commit charge ("private bytes"): 751M, peak: 1712M

vm_info: OpenJDK 64-Bit Server VM (21.0.7+6-LTS) for windows-amd64 JRE (21.0.7+6-LTS), built on 2025-04-15T00:00:00Z by "admin" with MS VC++ 17.7 (VS2022)

END.
