#
# There is insufficient memory for the Java Runtime Environment to continue.
# Native memory allocation (malloc) failed to allocate 1049616 bytes. Error detail: Chunk::new
# Possible reasons:
#   The system is out of physical RAM or swap space
#   This process is running with CompressedOops enabled, and the Java Heap may be blocking the growth of the native heap
# Possible solutions:
#   Reduce memory load on the system
#   Increase physical memory or swap space
#   Check if swap backing store is full
#   Decrease Java heap size (-Xmx/-Xms)
#   Decrease number of Java threads
#   Decrease Java thread stack sizes (-Xss)
#   Set larger code cache with -XX:ReservedCodeCacheSize=
#   JVM is running with Unscaled Compressed Oops mode in which the Java heap is
#     placed in the first 4GB address space. The Java Heap base address is the
#     maximum limit for the native heap growth. Please use -XX:HeapBaseMinAddress
#     to set the Java Heap base and to place the Java Heap above 4GB virtual address.
# This output file may be truncated or incomplete.
#
#  Out of Memory Error (arena.cpp:168), pid=20720, tid=23704
#
# JRE version: OpenJDK Runtime Environment Temurin-21.0.7+6 (21.0.7+6) (build 21.0.7+6-LTS)
# Java VM: OpenJDK 64-Bit Server VM Temurin-21.0.7+6 (21.0.7+6-LTS, mixed mode, sharing, tiered, compressed oops, compressed class ptrs, parallel gc, windows-amd64)
# No core dump will be written. Minidumps are not enabled by default on client versions of Windows
#

---------------  S U M M A R Y ------------

Command Line: --add-modules=ALL-SYSTEM --add-opens=java.base/java.util=ALL-UNNAMED --add-opens=java.base/java.lang=ALL-UNNAMED --add-opens=java.base/sun.nio.fs=ALL-UNNAMED -Declipse.application=org.eclipse.jdt.ls.core.id1 -Dosgi.bundles.defaultStartLevel=4 -Declipse.product=org.eclipse.jdt.ls.core.product -Djava.import.generatesMetadataFilesAtProjectRoot=false -DDetectVMInstallationsJob.disabled=true -Dfile.encoding=utf8 -XX:+UseParallelGC -XX:GCTimeRatio=4 -XX:AdaptiveSizePolicyWeight=90 -Dsun.zip.disableMemoryMapping=true -Xmx2G -Xms100m -Xlog:disable -javaagent:c:\Users\sasad\.vscode\extensions\redhat.java-1.43.1-win32-x64\lombok\lombok-1.18.39-4050.jar -XX:+HeapDumpOnOutOfMemoryError -XX:HeapDumpPath=c:\Users\sasad\AppData\Roaming\Code\User\workspaceStorage\9870e353e6cdb0d340180d2ff64b806d\redhat.java -Daether.dependencyCollector.impl=bf c:\Users\sasad\.vscode\extensions\redhat.java-1.43.1-win32-x64\server\plugins\org.eclipse.equinox.launcher_1.7.0.v20250519-0528.jar -configuration c:\Users\sasad\AppData\Roaming\Code\User\globalStorage\redhat.java\1.43.1\config_win -data c:\Users\sasad\AppData\Roaming\Code\User\workspaceStorage\9870e353e6cdb0d340180d2ff64b806d\redhat.java\jdt_ws --pipe=\\.\pipe\lsp-3b568ae921927dd1560de23f7222cc87-sock

Host: AMD Ryzen 5 4600H with Radeon Graphics         , 12 cores, 15G,  Windows 11 , 64 bit Build 26100 (10.0.26100.3037)
Time: Sun Jul 20 19:45:08 2025 Sri Lanka Standard Time elapsed time: 19.049545 seconds (0d 0h 0m 19s)

---------------  T H R E A D  ---------------

Current thread (0x0000027185028980):  JavaThread "C2 CompilerThread1" daemon [_thread_in_native, id=23704, stack(0x0000008bb4a00000,0x0000008bb4b00000) (1024K)]


Current CompileTask:
C2:19049 7221       4       org.eclipse.jdt.internal.compiler.util.JrtFileSystem$2::visitFile (10 bytes)

Stack: [0x0000008bb4a00000,0x0000008bb4b00000]
Native frames: (J=compiled Java code, j=interpreted, Vv=VM code, C=native code)
V  [jvm.dll+0x6ce119]
V  [jvm.dll+0x8a84a1]
V  [jvm.dll+0x8aa9ce]
V  [jvm.dll+0x8ab0b3]
V  [jvm.dll+0x27f8a6]
V  [jvm.dll+0xc507d]
V  [jvm.dll+0xc55b3]
V  [jvm.dll+0x2f2c6d]
V  [jvm.dll+0x5f6bca]
V  [jvm.dll+0x250cb2]
V  [jvm.dll+0x24975f]
V  [jvm.dll+0x246fc4]
V  [jvm.dll+0x1c760e]
V  [jvm.dll+0x25695a]
V  [jvm.dll+0x254efa]
V  [jvm.dll+0x3f03f6]
V  [jvm.dll+0x851f6b]
V  [jvm.dll+0x6cc7dd]
C  [ucrtbase.dll+0x37b0]
C  [KERNEL32.DLL+0x2e8d7]
C  [ntdll.dll+0xbbf2c]


---------------  P R O C E S S  ---------------

Threads class SMR info:
_java_thread_list=0x000002718845b700, length=47, elements={
0x00000271a3b7b120, 0x00000271a61743d0, 0x00000271a607d410, 0x00000271a6176540,
0x00000271a6177410, 0x00000271a6179520, 0x00000271a61841b0, 0x00000271a61851b0,
0x00000271a618a700, 0x00000271a613b220, 0x00000271ff10ebd0, 0x0000027184913820,
0x00000271ff0910e0, 0x0000027184737220, 0x0000027184737880, 0x0000027184b9e2e0,
0x0000027184b2c450, 0x000002718414fdf0, 0x000002718414f0d0, 0x000002718414dd20,
0x000002718414f760, 0x0000027185028980, 0x000002718414d690, 0x0000027184150480,
0x000002718414d000, 0x000002718776b390, 0x0000027187767f10, 0x0000027187769950,
0x0000027187769fe0, 0x00000271877692c0, 0x000002718776a670, 0x000002718776ad00,
0x000002718776ba20, 0x0000027187768c30, 0x00000271877685a0, 0x000002718776eea0,
0x000002718776d460, 0x000002718776f530, 0x000002718776e180, 0x000002718776c740,
0x000002718776daf0, 0x000002718776e810, 0x000002718776c0b0, 0x000002718749fe80,
0x00000271879cf5b0, 0x00000271879d02d0, 0x00000271879cef20
}

Java Threads: ( => current thread )
  0x00000271a3b7b120 JavaThread "main"                              [_thread_blocked, id=14736, stack(0x0000008bb2c00000,0x0000008bb2d00000) (1024K)]
  0x00000271a61743d0 JavaThread "Reference Handler"          daemon [_thread_blocked, id=4732, stack(0x0000008bb3000000,0x0000008bb3100000) (1024K)]
  0x00000271a607d410 JavaThread "Finalizer"                  daemon [_thread_blocked, id=18248, stack(0x0000008bb3100000,0x0000008bb3200000) (1024K)]
  0x00000271a6176540 JavaThread "Signal Dispatcher"          daemon [_thread_blocked, id=15612, stack(0x0000008bb3200000,0x0000008bb3300000) (1024K)]
  0x00000271a6177410 JavaThread "Attach Listener"            daemon [_thread_blocked, id=13232, stack(0x0000008bb3300000,0x0000008bb3400000) (1024K)]
  0x00000271a6179520 JavaThread "Service Thread"             daemon [_thread_blocked, id=16064, stack(0x0000008bb3400000,0x0000008bb3500000) (1024K)]
  0x00000271a61841b0 JavaThread "Monitor Deflation Thread"   daemon [_thread_blocked, id=14028, stack(0x0000008bb3500000,0x0000008bb3600000) (1024K)]
  0x00000271a61851b0 JavaThread "C2 CompilerThread0"         daemon [_thread_in_native, id=23472, stack(0x0000008bb3600000,0x0000008bb3700000) (1024K)]
  0x00000271a618a700 JavaThread "C1 CompilerThread0"         daemon [_thread_blocked, id=22840, stack(0x0000008bb3700000,0x0000008bb3800000) (1024K)]
  0x00000271a613b220 JavaThread "Common-Cleaner"             daemon [_thread_blocked, id=26468, stack(0x0000008bb3800000,0x0000008bb3900000) (1024K)]
  0x00000271ff10ebd0 JavaThread "Notification Thread"        daemon [_thread_blocked, id=14372, stack(0x0000008bb3a00000,0x0000008bb3b00000) (1024K)]
  0x0000027184913820 JavaThread "Active Thread: Equinox Container: 36f65dd6-7cb5-4c75-9a7b-6036b9c44519"        [_thread_blocked, id=26180, stack(0x0000008bb4200000,0x0000008bb4300000) (1024K)]
  0x00000271ff0910e0 JavaThread "Refresh Thread: Equinox Container: 36f65dd6-7cb5-4c75-9a7b-6036b9c44519" daemon [_thread_blocked, id=5376, stack(0x0000008bb3b00000,0x0000008bb3c00000) (1024K)]
  0x0000027184737220 JavaThread "Framework Event Dispatcher: Equinox Container: 36f65dd6-7cb5-4c75-9a7b-6036b9c44519" daemon [_thread_blocked, id=10740, stack(0x0000008bb4300000,0x0000008bb4400000) (1024K)]
  0x0000027184737880 JavaThread "Start Level: Equinox Container: 36f65dd6-7cb5-4c75-9a7b-6036b9c44519" daemon [_thread_blocked, id=12388, stack(0x0000008bb4400000,0x0000008bb4500000) (1024K)]
  0x0000027184b9e2e0 JavaThread "Bundle File Closer"         daemon [_thread_blocked, id=3332, stack(0x0000008bb4800000,0x0000008bb4900000) (1024K)]
  0x0000027184b2c450 JavaThread "SCR Component Actor"        daemon [_thread_blocked, id=17240, stack(0x0000008bb4500000,0x0000008bb4600000) (1024K)]
  0x000002718414fdf0 JavaThread "Worker-JM"                         [_thread_blocked, id=13148, stack(0x0000008bb4b00000,0x0000008bb4c00000) (1024K)]
  0x000002718414f0d0 JavaThread "JNA Cleaner"                daemon [_thread_blocked, id=616, stack(0x0000008bb4c00000,0x0000008bb4d00000) (1024K)]
  0x000002718414dd20 JavaThread "Worker-0"                          [_thread_blocked, id=14412, stack(0x0000008bb4d00000,0x0000008bb4e00000) (1024K)]
  0x000002718414f760 JavaThread "Worker-1: Initialize Workspace"        [_thread_blocked, id=14196, stack(0x0000008bb4e00000,0x0000008bb4f00000) (1024K)]
=>0x0000027185028980 JavaThread "C2 CompilerThread1"         daemon [_thread_in_native, id=23704, stack(0x0000008bb4a00000,0x0000008bb4b00000) (1024K)]
  0x000002718414d690 JavaThread "Java indexing"              daemon [_thread_in_vm, id=22176, stack(0x0000008bb4f00000,0x0000008bb5000000) (1024K)]
  0x0000027184150480 JavaThread "Worker-2"                          [_thread_blocked, id=22940, stack(0x0000008bb5200000,0x0000008bb5300000) (1024K)]
  0x000002718414d000 JavaThread "Worker-3: Java indexing... "        [_thread_blocked, id=21688, stack(0x0000008bb5300000,0x0000008bb5400000) (1024K)]
  0x000002718776b390 JavaThread "Thread-2"                   daemon [_thread_in_native, id=8752, stack(0x0000008bb5400000,0x0000008bb5500000) (1024K)]
  0x0000027187767f10 JavaThread "Thread-3"                   daemon [_thread_in_native, id=26968, stack(0x0000008bb5500000,0x0000008bb5600000) (1024K)]
  0x0000027187769950 JavaThread "Thread-4"                   daemon [_thread_in_native, id=28148, stack(0x0000008bb5600000,0x0000008bb5700000) (1024K)]
  0x0000027187769fe0 JavaThread "Thread-5"                   daemon [_thread_in_native, id=10212, stack(0x0000008bb5700000,0x0000008bb5800000) (1024K)]
  0x00000271877692c0 JavaThread "Thread-6"                   daemon [_thread_in_native, id=24556, stack(0x0000008bb5800000,0x0000008bb5900000) (1024K)]
  0x000002718776a670 JavaThread "Thread-7"                   daemon [_thread_in_native, id=15332, stack(0x0000008bb5900000,0x0000008bb5a00000) (1024K)]
  0x000002718776ad00 JavaThread "Thread-8"                   daemon [_thread_in_native, id=16836, stack(0x0000008bb5a00000,0x0000008bb5b00000) (1024K)]
  0x000002718776ba20 JavaThread "Thread-9"                   daemon [_thread_in_native, id=19216, stack(0x0000008bb5b00000,0x0000008bb5c00000) (1024K)]
  0x0000027187768c30 JavaThread "Thread-10"                  daemon [_thread_in_native, id=16208, stack(0x0000008bb5c00000,0x0000008bb5d00000) (1024K)]
  0x00000271877685a0 JavaThread "Thread-11"                  daemon [_thread_in_native, id=18740, stack(0x0000008bb5d00000,0x0000008bb5e00000) (1024K)]
  0x000002718776eea0 JavaThread "Thread-12"                  daemon [_thread_in_native, id=8100, stack(0x0000008bb5e00000,0x0000008bb5f00000) (1024K)]
  0x000002718776d460 JavaThread "Thread-13"                  daemon [_thread_in_native, id=29396, stack(0x0000008bb5f00000,0x0000008bb6000000) (1024K)]
  0x000002718776f530 JavaThread "Thread-14"                  daemon [_thread_in_native, id=13060, stack(0x0000008bb6000000,0x0000008bb6100000) (1024K)]
  0x000002718776e180 JavaThread "pool-2-thread-1"                   [_thread_blocked, id=27960, stack(0x0000008bb6100000,0x0000008bb6200000) (1024K)]
  0x000002718776c740 JavaThread "Worker-4"                          [_thread_blocked, id=29684, stack(0x0000008bb6200000,0x0000008bb6300000) (1024K)]
  0x000002718776daf0 JavaThread "WorkspaceEventsHandler"            [_thread_blocked, id=16376, stack(0x0000008bb6300000,0x0000008bb6400000) (1024K)]
  0x000002718776e810 JavaThread "pool-1-thread-1"                   [_thread_blocked, id=10488, stack(0x0000008bb6400000,0x0000008bb6500000) (1024K)]
  0x000002718776c0b0 JavaThread "Worker-5"                          [_thread_blocked, id=10876, stack(0x0000008bb6600000,0x0000008bb6700000) (1024K)]
  0x000002718749fe80 JavaThread "C2 CompilerThread2"         daemon [_thread_in_native, id=17436, stack(0x0000008bb6700000,0x0000008bb6800000) (1024K)]
  0x00000271879cf5b0 JavaThread "Keep-Alive-Timer"           daemon [_thread_blocked, id=29456, stack(0x0000008bb6800000,0x0000008bb6900000) (1024K)]
  0x00000271879d02d0 JavaThread "Timer-0"                           [_thread_blocked, id=24132, stack(0x0000008bb6900000,0x0000008bb6a00000) (1024K)]
  0x00000271879cef20 JavaThread "Connection worker"                 [_thread_in_native, id=24564, stack(0x0000008bb6a00000,0x0000008bb6b00000) (1024K)]
Total: 47

Other Threads:
  0x00000271a616f9a0 VMThread "VM Thread"                           [id=19732, stack(0x0000008bb2f00000,0x0000008bb3000000) (1024K)]
  0x00000271a5f5ca00 WatcherThread "VM Periodic Task Thread"        [id=29584, stack(0x0000008bb2e00000,0x0000008bb2f00000) (1024K)]
  0x00000271a60edac0 WorkerThread "GC Thread#0"                     [id=9456, stack(0x0000008bb2d00000,0x0000008bb2e00000) (1024K)]
  0x0000027184104bf0 WorkerThread "GC Thread#1"                     [id=13384, stack(0x0000008bb3c00000,0x0000008bb3d00000) (1024K)]
  0x0000027184443770 WorkerThread "GC Thread#2"                     [id=30412, stack(0x0000008bb3d00000,0x0000008bb3e00000) (1024K)]
  0x00000271840d32e0 WorkerThread "GC Thread#3"                     [id=1576, stack(0x0000008bb3e00000,0x0000008bb3f00000) (1024K)]
  0x0000027184787e50 WorkerThread "GC Thread#4"                     [id=21424, stack(0x0000008bb3f00000,0x0000008bb4000000) (1024K)]
  0x000002718480e0c0 WorkerThread "GC Thread#5"                     [id=2724, stack(0x0000008bb4000000,0x0000008bb4100000) (1024K)]
  0x000002718480e460 WorkerThread "GC Thread#6"                     [id=22996, stack(0x0000008bb4100000,0x0000008bb4200000) (1024K)]
  0x00000271847d5ce0 WorkerThread "GC Thread#7"                     [id=25220, stack(0x0000008bb3900000,0x0000008bb3a00000) (1024K)]
  0x00000271849edc40 WorkerThread "GC Thread#8"                     [id=5436, stack(0x0000008bb4600000,0x0000008bb4700000) (1024K)]
  0x00000271ff134040 WorkerThread "GC Thread#9"                     [id=17284, stack(0x0000008bb4700000,0x0000008bb4800000) (1024K)]
Total: 12

Threads with active compile tasks:
C2 CompilerThread0  20939 7881   !   4       org.eclipse.jdt.internal.compiler.classfmt.ClassFileReader::<init> (2135 bytes)
C2 CompilerThread1  20939 7221       4       org.eclipse.jdt.internal.compiler.util.JrtFileSystem$2::visitFile (10 bytes)
C2 CompilerThread2  20939 7222       4       org.eclipse.jdt.internal.compiler.util.JrtFileSystem$2::visitFile (72 bytes)
Total: 3

VM state: not at safepoint (normal execution)

VM Mutex/Monitor currently owned by a thread: None

Heap address: 0x0000000080000000, size: 2048 MB, Compressed Oops mode: 32-bit

CDS archive(s) mapped at: [0x00000271bd000000-0x00000271bdba0000-0x00000271bdba0000), size 12189696, SharedBaseAddress: 0x00000271bd000000, ArchiveRelocationMode: 1.
Compressed class space mapped at: 0x00000271be000000-0x00000271fe000000, reserved size: 1073741824
Narrow klass base: 0x00000271bd000000, Narrow klass shift: 0, Narrow klass range: 0x100000000

GC Precious Log:
 CardTable entry size: 512
 CPUs: 12 total, 12 available
 Memory: 15790M
 Large Page Support: Disabled
 NUMA Support: Disabled
 Compressed Oops: Enabled (32-bit)
 Alignments: Space 512K, Generation 512K, Heap 2M
 Heap Min Capacity: 100M
 Heap Initial Capacity: 100M
 Heap Max Capacity: 2G
 Pre-touch: Disabled
 Parallel Workers: 10

Heap:
 PSYoungGen      total 9216K, used 2125K [0x00000000d5580000, 0x00000000d6080000, 0x0000000100000000)
  eden space 7168K, 4% used [0x00000000d5580000,0x00000000d55c8130,0x00000000d5c80000)
  from space 2048K, 89% used [0x00000000d5e80000,0x00000000d604b5d8,0x00000000d6080000)
  to   space 2048K, 0% used [0x00000000d5c80000,0x00000000d5c80000,0x00000000d5e80000)
 ParOldGen       total 130048K, used 129706K [0x0000000080000000, 0x0000000087f00000, 0x00000000d5580000)
  object space 130048K, 99% used [0x0000000080000000,0x0000000087eaa9b8,0x0000000087f00000)
 Metaspace       used 58944K, committed 60288K, reserved 1114112K
  class space    used 6533K, committed 7168K, reserved 1048576K

Card table byte_map: [0x00000271a5a70000,0x00000271a5e80000] _byte_map_base: 0x00000271a5670000

Marking Bits: (ParMarkBitMap*) 0x00007ffee6b831f0
 Begin Bits: [0x00000271b8570000, 0x00000271ba570000)
 End Bits:   [0x00000271ba570000, 0x00000271bc570000)

Polling page: 0x00000271a3e10000

Metaspace:

Usage:
  Non-class:     51.18 MB used.
      Class:      6.38 MB used.
       Both:     57.56 MB used.

Virtual space:
  Non-class space:       64.00 MB reserved,      51.88 MB ( 81%) committed,  1 nodes.
      Class space:        1.00 GB reserved,       7.00 MB ( <1%) committed,  1 nodes.
             Both:        1.06 GB reserved,      58.88 MB (  5%) committed. 

Chunk freelists:
   Non-Class:  12.12 MB
       Class:  8.97 MB
        Both:  21.09 MB

MaxMetaspaceSize: unlimited
CompressedClassSpaceSize: 1.00 GB
Initial GC threshold: 21.00 MB
Current GC threshold: 97.31 MB
CDS: on
 - commit_granule_bytes: 65536.
 - commit_granule_words: 8192.
 - virtual_space_node_default_size: 8388608.
 - enlarge_chunks_in_place: 1.
 - use_allocation_guard: 0.


Internal statistics:

num_allocs_failed_limit: 9.
num_arena_births: 930.
num_arena_deaths: 14.
num_vsnodes_births: 2.
num_vsnodes_deaths: 0.
num_space_committed: 942.
num_space_uncommitted: 0.
num_chunks_returned_to_freelist: 23.
num_chunks_taken_from_freelist: 3331.
num_chunk_merges: 13.
num_chunk_splits: 2141.
num_chunks_enlarged: 1329.
num_inconsistent_stats: 0.

CodeHeap 'non-profiled nmethods': size=120000Kb used=3803Kb max_used=3970Kb free=116196Kb
 bounds [0x00000271b0d90000, 0x00000271b1180000, 0x00000271b82c0000]
CodeHeap 'profiled nmethods': size=120000Kb used=14729Kb max_used=15080Kb free=105270Kb
 bounds [0x00000271a92c0000, 0x00000271aa180000, 0x00000271b07f0000]
CodeHeap 'non-nmethods': size=5760Kb used=1446Kb max_used=1514Kb free=4313Kb
 bounds [0x00000271b07f0000, 0x00000271b0a60000, 0x00000271b0d90000]
 total_blobs=7999 nmethods=7248 adapters=657
 compilation: enabled
              stopped_count=0, restarted_count=0
 full_count=0

Compilation events (20 events):
Event: 18.925 Thread 0x00000271a618a700 7970       2       java.lang.Package::getName (5 bytes)
Event: 18.925 Thread 0x00000271a618a700 nmethod 7970 0x00000271a93d5a90 code [0x00000271a93d5c20, 0x00000271a93d5d28]
Event: 18.926 Thread 0x00000271a618a700 7971       2       org.gradle.internal.util.Trie$Builder::addTransition (89 bytes)
Event: 18.927 Thread 0x00000271a618a700 nmethod 7971 0x00000271a9359b10 code [0x00000271a9359d00, 0x00000271a935a100]
Event: 18.927 Thread 0x00000271a618a700 7973       2       java.util.ComparableTimSort::sort (219 bytes)
Event: 18.927 Thread 0x00000271a618a700 nmethod 7973 0x00000271a94a2190 code [0x00000271a94a23c0, 0x00000271a94a2860]
Event: 18.927 Thread 0x00000271a618a700 7972       2       org.gradle.internal.util.Trie$Builder::<init> (21 bytes)
Event: 18.927 Thread 0x00000271a618a700 nmethod 7972 0x00000271a944fc10 code [0x00000271a944fda0, 0x00000271a944ff40]
Event: 18.933 Thread 0x00000271a618a700 7976       2       java.util.regex.Pattern::newCharProperty (39 bytes)
Event: 18.933 Thread 0x00000271a618a700 nmethod 7976 0x00000271a9557a10 code [0x00000271a9557be0, 0x00000271a9557f40]
Event: 18.941 Thread 0x00000271a618a700 7977       2       java.util.regex.Pattern::skip (23 bytes)
Event: 18.941 Thread 0x00000271a618a700 nmethod 7977 0x00000271a950a410 code [0x00000271a950a5a0, 0x00000271a950a6e0]
Event: 18.942 Thread 0x00000271a618a700 7978       2       java.util.LinkedHashMap::sequencedKeySet (31 bytes)
Event: 18.942 Thread 0x00000271a618a700 nmethod 7978 0x00000271a9362310 code [0x00000271a93624c0, 0x00000271a93626e0]
Event: 18.948 Thread 0x00000271a618a700 7979       2       java.util.regex.Pattern::escape (1310 bytes)
Event: 18.950 Thread 0x00000271a618a700 nmethod 7979 0x00000271a9b42790 code [0x00000271a9b42ec0, 0x00000271a9b45600]
Event: 18.950 Thread 0x00000271a618a700 7980       3       java.io.File::<init> (78 bytes)
Event: 18.951 Thread 0x00000271a618a700 nmethod 7980 0x00000271a93e0490 code [0x00000271a93e0640, 0x00000271a93e0868]
Event: 18.955 Thread 0x00000271a618a700 7981       2       java.util.regex.Pattern::curly (66 bytes)
Event: 18.955 Thread 0x00000271a618a700 nmethod 7981 0x00000271a9bca290 code [0x00000271a9bca460, 0x00000271a9bca930]

GC Heap History (20 events):
Event: 18.520 GC heap before
{Heap before GC invocations=51 (full 2):
 PSYoungGen      total 10240K, used 10229K [0x00000000d5580000, 0x00000000d6800000, 0x0000000100000000)
  eden space 8192K, 100% used [0x00000000d5580000,0x00000000d5d80000,0x00000000d5d80000)
  from space 2048K, 99% used [0x00000000d6200000,0x00000000d63fd570,0x00000000d6400000)
  to   space 4608K, 0% used [0x00000000d5d80000,0x00000000d5d80000,0x00000000d6200000)
 ParOldGen       total 102912K, used 102779K [0x0000000080000000, 0x0000000086480000, 0x00000000d5580000)
  object space 102912K, 99% used [0x0000000080000000,0x000000008645ecc0,0x0000000086480000)
 Metaspace       used 57806K, committed 59136K, reserved 1114112K
  class space    used 6350K, committed 6976K, reserved 1048576K
}
Event: 18.522 GC heap after
{Heap after GC invocations=51 (full 2):
 PSYoungGen      total 10240K, used 1646K [0x00000000d5580000, 0x00000000d6280000, 0x0000000100000000)
  eden space 8192K, 0% used [0x00000000d5580000,0x00000000d5580000,0x00000000d5d80000)
  from space 2048K, 80% used [0x00000000d5d80000,0x00000000d5f1b890,0x00000000d5f80000)
  to   space 2560K, 0% used [0x00000000d6000000,0x00000000d6000000,0x00000000d6280000)
 ParOldGen       total 104960K, used 104660K [0x0000000080000000, 0x0000000086680000, 0x00000000d5580000)
  object space 104960K, 99% used [0x0000000080000000,0x0000000086635088,0x0000000086680000)
 Metaspace       used 57806K, committed 59136K, reserved 1114112K
  class space    used 6350K, committed 6976K, reserved 1048576K
}
Event: 18.541 GC heap before
{Heap before GC invocations=52 (full 2):
 PSYoungGen      total 10240K, used 9838K [0x00000000d5580000, 0x00000000d6280000, 0x0000000100000000)
  eden space 8192K, 99% used [0x00000000d5580000,0x00000000d5d7ff90,0x00000000d5d80000)
  from space 2048K, 80% used [0x00000000d5d80000,0x00000000d5f1b890,0x00000000d5f80000)
  to   space 2560K, 0% used [0x00000000d6000000,0x00000000d6000000,0x00000000d6280000)
 ParOldGen       total 104960K, used 104660K [0x0000000080000000, 0x0000000086680000, 0x00000000d5580000)
  object space 104960K, 99% used [0x0000000080000000,0x0000000086635088,0x0000000086680000)
 Metaspace       used 57901K, committed 59200K, reserved 1114112K
  class space    used 6370K, committed 6976K, reserved 1048576K
}
Event: 18.542 GC heap after
{Heap after GC invocations=52 (full 2):
 PSYoungGen      total 10240K, used 1763K [0x00000000d5580000, 0x00000000d6200000, 0x0000000100000000)
  eden space 8192K, 0% used [0x00000000d5580000,0x00000000d5580000,0x00000000d5d80000)
  from space 2048K, 86% used [0x00000000d6000000,0x00000000d61b8cd8,0x00000000d6200000)
  to   space 2048K, 0% used [0x00000000d5d80000,0x00000000d5d80000,0x00000000d5f80000)
 ParOldGen       total 106496K, used 106156K [0x0000000080000000, 0x0000000086800000, 0x00000000d5580000)
  object space 106496K, 99% used [0x0000000080000000,0x00000000867ab018,0x0000000086800000)
 Metaspace       used 57901K, committed 59200K, reserved 1114112K
  class space    used 6370K, committed 6976K, reserved 1048576K
}
Event: 18.563 GC heap before
{Heap before GC invocations=53 (full 2):
 PSYoungGen      total 10240K, used 9955K [0x00000000d5580000, 0x00000000d6200000, 0x0000000100000000)
  eden space 8192K, 100% used [0x00000000d5580000,0x00000000d5d80000,0x00000000d5d80000)
  from space 2048K, 86% used [0x00000000d6000000,0x00000000d61b8cd8,0x00000000d6200000)
  to   space 2048K, 0% used [0x00000000d5d80000,0x00000000d5d80000,0x00000000d5f80000)
 ParOldGen       total 106496K, used 106156K [0x0000000080000000, 0x0000000086800000, 0x00000000d5580000)
  object space 106496K, 99% used [0x0000000080000000,0x00000000867ab018,0x0000000086800000)
 Metaspace       used 58008K, committed 59392K, reserved 1114112K
  class space    used 6394K, committed 7040K, reserved 1048576K
}
Event: 18.565 GC heap after
{Heap after GC invocations=53 (full 2):
 PSYoungGen      total 10240K, used 1728K [0x00000000d5580000, 0x00000000d6180000, 0x0000000100000000)
  eden space 8192K, 0% used [0x00000000d5580000,0x00000000d5580000,0x00000000d5d80000)
  from space 2048K, 84% used [0x00000000d5d80000,0x00000000d5f30020,0x00000000d5f80000)
  to   space 2048K, 0% used [0x00000000d5f80000,0x00000000d5f80000,0x00000000d6180000)
 ParOldGen       total 108032K, used 107791K [0x0000000080000000, 0x0000000086980000, 0x00000000d5580000)
  object space 108032K, 99% used [0x0000000080000000,0x0000000086943e58,0x0000000086980000)
 Metaspace       used 58008K, committed 59392K, reserved 1114112K
  class space    used 6394K, committed 7040K, reserved 1048576K
}
Event: 18.583 GC heap before
{Heap before GC invocations=54 (full 2):
 PSYoungGen      total 10240K, used 9920K [0x00000000d5580000, 0x00000000d6180000, 0x0000000100000000)
  eden space 8192K, 100% used [0x00000000d5580000,0x00000000d5d80000,0x00000000d5d80000)
  from space 2048K, 84% used [0x00000000d5d80000,0x00000000d5f30020,0x00000000d5f80000)
  to   space 2048K, 0% used [0x00000000d5f80000,0x00000000d5f80000,0x00000000d6180000)
 ParOldGen       total 108032K, used 107791K [0x0000000080000000, 0x0000000086980000, 0x00000000d5580000)
  object space 108032K, 99% used [0x0000000080000000,0x0000000086943e58,0x0000000086980000)
 Metaspace       used 58129K, committed 59456K, reserved 1114112K
  class space    used 6420K, committed 7040K, reserved 1048576K
}
Event: 18.584 GC heap after
{Heap after GC invocations=54 (full 2):
 PSYoungGen      total 10240K, used 1888K [0x00000000d5580000, 0x00000000d6180000, 0x0000000100000000)
  eden space 8192K, 0% used [0x00000000d5580000,0x00000000d5580000,0x00000000d5d80000)
  from space 2048K, 92% used [0x00000000d5f80000,0x00000000d61580f8,0x00000000d6180000)
  to   space 2048K, 0% used [0x00000000d5d80000,0x00000000d5d80000,0x00000000d5f80000)
 ParOldGen       total 109568K, used 109374K [0x0000000080000000, 0x0000000086b00000, 0x00000000d5580000)
  object space 109568K, 99% used [0x0000000080000000,0x0000000086acf8a0,0x0000000086b00000)
 Metaspace       used 58129K, committed 59456K, reserved 1114112K
  class space    used 6420K, committed 7040K, reserved 1048576K
}
Event: 18.600 GC heap before
{Heap before GC invocations=55 (full 2):
 PSYoungGen      total 10240K, used 10080K [0x00000000d5580000, 0x00000000d6180000, 0x0000000100000000)
  eden space 8192K, 100% used [0x00000000d5580000,0x00000000d5d80000,0x00000000d5d80000)
  from space 2048K, 92% used [0x00000000d5f80000,0x00000000d61580f8,0x00000000d6180000)
  to   space 2048K, 0% used [0x00000000d5d80000,0x00000000d5d80000,0x00000000d5f80000)
 ParOldGen       total 109568K, used 109374K [0x0000000080000000, 0x0000000086b00000, 0x00000000d5580000)
  object space 109568K, 99% used [0x0000000080000000,0x0000000086acf8a0,0x0000000086b00000)
 Metaspace       used 58257K, committed 59584K, reserved 1114112K
  class space    used 6447K, committed 7040K, reserved 1048576K
}
Event: 18.602 GC heap after
{Heap after GC invocations=55 (full 2):
 PSYoungGen      total 10240K, used 1771K [0x00000000d5580000, 0x00000000d6180000, 0x0000000100000000)
  eden space 8192K, 0% used [0x00000000d5580000,0x00000000d5580000,0x00000000d5d80000)
  from space 2048K, 86% used [0x00000000d5d80000,0x00000000d5f3ae18,0x00000000d5f80000)
  to   space 2048K, 0% used [0x00000000d5f80000,0x00000000d5f80000,0x00000000d6180000)
 ParOldGen       total 111616K, used 111128K [0x0000000080000000, 0x0000000086d00000, 0x00000000d5580000)
  object space 111616K, 99% used [0x0000000080000000,0x0000000086c861e0,0x0000000086d00000)
 Metaspace       used 58257K, committed 59584K, reserved 1114112K
  class space    used 6447K, committed 7040K, reserved 1048576K
}
Event: 18.625 GC heap before
{Heap before GC invocations=56 (full 2):
 PSYoungGen      total 10240K, used 9963K [0x00000000d5580000, 0x00000000d6180000, 0x0000000100000000)
  eden space 8192K, 100% used [0x00000000d5580000,0x00000000d5d80000,0x00000000d5d80000)
  from space 2048K, 86% used [0x00000000d5d80000,0x00000000d5f3ae18,0x00000000d5f80000)
  to   space 2048K, 0% used [0x00000000d5f80000,0x00000000d5f80000,0x00000000d6180000)
 ParOldGen       total 111616K, used 111128K [0x0000000080000000, 0x0000000086d00000, 0x00000000d5580000)
  object space 111616K, 99% used [0x0000000080000000,0x0000000086c861e0,0x0000000086d00000)
 Metaspace       used 58387K, committed 59712K, reserved 1114112K
  class space    used 6468K, committed 7104K, reserved 1048576K
}
Event: 18.627 GC heap after
{Heap after GC invocations=56 (full 2):
 PSYoungGen      total 10240K, used 1815K [0x00000000d5580000, 0x00000000d6180000, 0x0000000100000000)
  eden space 8192K, 0% used [0x00000000d5580000,0x00000000d5580000,0x00000000d5d80000)
  from space 2048K, 88% used [0x00000000d5f80000,0x00000000d6145cf8,0x00000000d6180000)
  to   space 2048K, 0% used [0x00000000d5d80000,0x00000000d5d80000,0x00000000d5f80000)
 ParOldGen       total 113152K, used 112708K [0x0000000080000000, 0x0000000086e80000, 0x00000000d5580000)
  object space 113152K, 99% used [0x0000000080000000,0x0000000086e11308,0x0000000086e80000)
 Metaspace       used 58387K, committed 59712K, reserved 1114112K
  class space    used 6468K, committed 7104K, reserved 1048576K
}
Event: 18.653 GC heap before
{Heap before GC invocations=57 (full 2):
 PSYoungGen      total 10240K, used 10007K [0x00000000d5580000, 0x00000000d6180000, 0x0000000100000000)
  eden space 8192K, 100% used [0x00000000d5580000,0x00000000d5d80000,0x00000000d5d80000)
  from space 2048K, 88% used [0x00000000d5f80000,0x00000000d6145cf8,0x00000000d6180000)
  to   space 2048K, 0% used [0x00000000d5d80000,0x00000000d5d80000,0x00000000d5f80000)
 ParOldGen       total 113152K, used 112708K [0x0000000080000000, 0x0000000086e80000, 0x00000000d5580000)
  object space 113152K, 99% used [0x0000000080000000,0x0000000086e11308,0x0000000086e80000)
 Metaspace       used 58402K, committed 59776K, reserved 1114112K
  class space    used 6469K, committed 7104K, reserved 1048576K
}
Event: 18.655 GC heap after
{Heap after GC invocations=57 (full 2):
 PSYoungGen      total 10240K, used 1845K [0x00000000d5580000, 0x00000000d6180000, 0x0000000100000000)
  eden space 8192K, 0% used [0x00000000d5580000,0x00000000d5580000,0x00000000d5d80000)
  from space 2048K, 90% used [0x00000000d5d80000,0x00000000d5f4d718,0x00000000d5f80000)
  to   space 2048K, 0% used [0x00000000d5f80000,0x00000000d5f80000,0x00000000d6180000)
 ParOldGen       total 114688K, used 114341K [0x0000000080000000, 0x0000000087000000, 0x00000000d5580000)
  object space 114688K, 99% used [0x0000000080000000,0x0000000086fa95b0,0x0000000087000000)
 Metaspace       used 58402K, committed 59776K, reserved 1114112K
  class space    used 6469K, committed 7104K, reserved 1048576K
}
Event: 18.755 GC heap before
{Heap before GC invocations=58 (full 2):
 PSYoungGen      total 10240K, used 5763K [0x00000000d5580000, 0x00000000d6180000, 0x0000000100000000)
  eden space 8192K, 47% used [0x00000000d5580000,0x00000000d59534f0,0x00000000d5d80000)
  from space 2048K, 90% used [0x00000000d5d80000,0x00000000d5f4d718,0x00000000d5f80000)
  to   space 2048K, 0% used [0x00000000d5f80000,0x00000000d5f80000,0x00000000d6180000)
 ParOldGen       total 114688K, used 114341K [0x0000000080000000, 0x0000000087000000, 0x00000000d5580000)
  object space 114688K, 99% used [0x0000000080000000,0x0000000086fa95b0,0x0000000087000000)
 Metaspace       used 58413K, committed 59776K, reserved 1114112K
  class space    used 6470K, committed 7104K, reserved 1048576K
}
Event: 18.757 GC heap after
{Heap after GC invocations=58 (full 2):
 PSYoungGen      total 9216K, used 910K [0x00000000d5580000, 0x00000000d6080000, 0x0000000100000000)
  eden space 8192K, 0% used [0x00000000d5580000,0x00000000d5580000,0x00000000d5d80000)
  from space 1024K, 88% used [0x00000000d5f80000,0x00000000d6063b40,0x00000000d6080000)
  to   space 1536K, 0% used [0x00000000d5d80000,0x00000000d5d80000,0x00000000d5f00000)
 ParOldGen       total 116224K, used 116026K [0x0000000080000000, 0x0000000087180000, 0x00000000d5580000)
  object space 116224K, 99% used [0x0000000080000000,0x000000008714e808,0x0000000087180000)
 Metaspace       used 58413K, committed 59776K, reserved 1114112K
  class space    used 6470K, committed 7104K, reserved 1048576K
}
Event: 18.757 GC heap before
{Heap before GC invocations=59 (full 3):
 PSYoungGen      total 9216K, used 910K [0x00000000d5580000, 0x00000000d6080000, 0x0000000100000000)
  eden space 8192K, 0% used [0x00000000d5580000,0x00000000d5580000,0x00000000d5d80000)
  from space 1024K, 88% used [0x00000000d5f80000,0x00000000d6063b40,0x00000000d6080000)
  to   space 1536K, 0% used [0x00000000d5d80000,0x00000000d5d80000,0x00000000d5f00000)
 ParOldGen       total 116224K, used 116026K [0x0000000080000000, 0x0000000087180000, 0x00000000d5580000)
  object space 116224K, 99% used [0x0000000080000000,0x000000008714e808,0x0000000087180000)
 Metaspace       used 58413K, committed 59776K, reserved 1114112K
  class space    used 6470K, committed 7104K, reserved 1048576K
}
Event: 18.828 GC heap after
{Heap after GC invocations=59 (full 3):
 PSYoungGen      total 9216K, used 0K [0x00000000d5580000, 0x00000000d6080000, 0x0000000100000000)
  eden space 8192K, 0% used [0x00000000d5580000,0x00000000d5580000,0x00000000d5d80000)
  from space 1024K, 0% used [0x00000000d5f80000,0x00000000d5f80000,0x00000000d6080000)
  to   space 1536K, 0% used [0x00000000d5d80000,0x00000000d5d80000,0x00000000d5f00000)
 ParOldGen       total 116224K, used 102539K [0x0000000080000000, 0x0000000087180000, 0x00000000d5580000)
  object space 116224K, 88% used [0x0000000080000000,0x0000000086422d98,0x0000000087180000)
 Metaspace       used 58413K, committed 59776K, reserved 1114112K
  class space    used 6470K, committed 7104K, reserved 1048576K
}
Event: 18.908 GC heap before
{Heap before GC invocations=60 (full 3):
 PSYoungGen      total 9216K, used 8192K [0x00000000d5580000, 0x00000000d6080000, 0x0000000100000000)
  eden space 8192K, 100% used [0x00000000d5580000,0x00000000d5d80000,0x00000000d5d80000)
  from space 1024K, 0% used [0x00000000d5f80000,0x00000000d5f80000,0x00000000d6080000)
  to   space 1536K, 0% used [0x00000000d5d80000,0x00000000d5d80000,0x00000000d5f00000)
 ParOldGen       total 116224K, used 102539K [0x0000000080000000, 0x0000000087180000, 0x00000000d5580000)
  object space 116224K, 88% used [0x0000000080000000,0x0000000086422d98,0x0000000087180000)
 Metaspace       used 58529K, committed 59904K, reserved 1114112K
  class space    used 6486K, committed 7104K, reserved 1048576K
}
Event: 18.909 GC heap after
{Heap after GC invocations=60 (full 3):
 PSYoungGen      total 9728K, used 1526K [0x00000000d5580000, 0x00000000d6080000, 0x0000000100000000)
  eden space 8192K, 0% used [0x00000000d5580000,0x00000000d5580000,0x00000000d5d80000)
  from space 1536K, 99% used [0x00000000d5d80000,0x00000000d5efdb70,0x00000000d5f00000)
  to   space 1024K, 0% used [0x00000000d5f80000,0x00000000d5f80000,0x00000000d6080000)
 ParOldGen       total 116224K, used 102890K [0x0000000080000000, 0x0000000087180000, 0x00000000d5580000)
  object space 116224K, 88% used [0x0000000080000000,0x000000008647aaf8,0x0000000087180000)
 Metaspace       used 58529K, committed 59904K, reserved 1114112K
  class space    used 6486K, committed 7104K, reserved 1048576K
}

Dll operation events (13 events):
Event: 0.016 Loaded shared library c:\Users\sasad\.vscode\extensions\redhat.java-1.43.1-win32-x64\jre\21.0.7-win32-x86_64\bin\java.dll
Event: 0.119 Loaded shared library c:\Users\sasad\.vscode\extensions\redhat.java-1.43.1-win32-x64\jre\21.0.7-win32-x86_64\bin\zip.dll
Event: 0.152 Loaded shared library C:\Users\sasad\.vscode\extensions\redhat.java-1.43.1-win32-x64\jre\21.0.7-win32-x86_64\bin\instrument.dll
Event: 0.158 Loaded shared library C:\Users\sasad\.vscode\extensions\redhat.java-1.43.1-win32-x64\jre\21.0.7-win32-x86_64\bin\net.dll
Event: 0.160 Loaded shared library C:\Users\sasad\.vscode\extensions\redhat.java-1.43.1-win32-x64\jre\21.0.7-win32-x86_64\bin\nio.dll
Event: 0.164 Loaded shared library C:\Users\sasad\.vscode\extensions\redhat.java-1.43.1-win32-x64\jre\21.0.7-win32-x86_64\bin\zip.dll
Event: 0.185 Loaded shared library C:\Users\sasad\.vscode\extensions\redhat.java-1.43.1-win32-x64\jre\21.0.7-win32-x86_64\bin\jimage.dll
Event: 0.282 Loaded shared library c:\Users\sasad\.vscode\extensions\redhat.java-1.43.1-win32-x64\jre\21.0.7-win32-x86_64\bin\verify.dll
Event: 3.845 Loaded shared library C:\Users\sasad\AppData\Roaming\Code\User\globalStorage\redhat.java\1.43.1\config_win\org.eclipse.equinox.launcher\org.eclipse.equinox.launcher.win32.win32.x86_64_1.2.1300.v20250331-1702\eclipse_11911.dll
Event: 13.725 Loaded shared library C:\Users\sasad\AppData\Local\Temp\jna-109208264\jna16785071532492951026.dll
Event: 14.935 Loaded shared library C:\Users\sasad\.vscode\extensions\redhat.java-1.43.1-win32-x64\jre\21.0.7-win32-x86_64\bin\sunmscapi.dll
Event: 15.373 Loaded shared library C:\Users\sasad\.vscode\extensions\redhat.java-1.43.1-win32-x64\jre\21.0.7-win32-x86_64\bin\extnet.dll
Event: 18.553 Loaded shared library C:\Users\sasad\.gradle\native\c067742578af261105cb4f569cf0c3c89f3d7b1fecec35dd04571415982c5e48\windows-amd64\native-platform.dll

Deoptimization events (20 events):
Event: 18.831 Thread 0x000002718414d690 DEOPT PACKING pc=0x00000271aa096b57 sp=0x0000008bb4ffe880
Event: 18.831 Thread 0x000002718414d690 DEOPT UNPACKING pc=0x00000271b0844242 sp=0x0000008bb4ffdce8 mode 0
Event: 18.831 Thread 0x000002718414d690 DEOPT PACKING pc=0x00000271aa0a3796 sp=0x0000008bb4ffe7f0
Event: 18.831 Thread 0x000002718414d690 DEOPT UNPACKING pc=0x00000271b0844242 sp=0x0000008bb4ffdcc8 mode 0
Event: 18.833 Thread 0x000002718414d690 DEOPT PACKING pc=0x00000271a9fd542a sp=0x0000008bb4ffe9c0
Event: 18.833 Thread 0x000002718414d690 DEOPT UNPACKING pc=0x00000271b0844242 sp=0x0000008bb4ffdf48 mode 0
Event: 18.837 Thread 0x000002718414d690 DEOPT PACKING pc=0x00000271a9fd542a sp=0x0000008bb4ffe9c0
Event: 18.837 Thread 0x000002718414d690 DEOPT UNPACKING pc=0x00000271b0844242 sp=0x0000008bb4ffdf48 mode 0
Event: 18.900 Thread 0x00000271879cef20 DEOPT PACKING pc=0x00000271a937c739 sp=0x0000008bb6afcea0
Event: 18.900 Thread 0x00000271879cef20 DEOPT UNPACKING pc=0x00000271b0844242 sp=0x0000008bb6afc3a0 mode 0
Event: 18.900 Thread 0x000002718414d690 DEOPT PACKING pc=0x00000271a9fd542a sp=0x0000008bb4ffe9c0
Event: 18.900 Thread 0x000002718414d690 DEOPT UNPACKING pc=0x00000271b0844242 sp=0x0000008bb4ffdf48 mode 0
Event: 18.904 Thread 0x000002718414d690 DEOPT PACKING pc=0x00000271a9fd542a sp=0x0000008bb4ffe9c0
Event: 18.904 Thread 0x000002718414d690 DEOPT UNPACKING pc=0x00000271b0844242 sp=0x0000008bb4ffdf48 mode 0
Event: 18.912 Thread 0x000002718414d690 DEOPT PACKING pc=0x00000271a9fd542a sp=0x0000008bb4ffe9c0
Event: 18.912 Thread 0x000002718414d690 DEOPT UNPACKING pc=0x00000271b0844242 sp=0x0000008bb4ffdf48 mode 0
Event: 18.916 Thread 0x000002718414d690 DEOPT PACKING pc=0x00000271a9fd542a sp=0x0000008bb4ffe9c0
Event: 18.916 Thread 0x000002718414d690 DEOPT UNPACKING pc=0x00000271b0844242 sp=0x0000008bb4ffdf48 mode 0
Event: 18.933 Thread 0x00000271879cef20 DEOPT PACKING pc=0x00000271a9bba9a6 sp=0x0000008bb6afcf30
Event: 18.933 Thread 0x00000271879cef20 DEOPT UNPACKING pc=0x00000271b0844242 sp=0x0000008bb6afc420 mode 0

Classes loaded (20 events):
Event: 17.975 Loading class java/util/concurrent/CompletionException
Event: 17.975 Loading class java/util/concurrent/CompletionException done
Event: 17.983 Loading class java/nio/file/FileTreeWalker$1
Event: 17.983 Loading class java/nio/file/FileTreeWalker$1 done
Event: 17.990 Loading class java/nio/file/FileChannelLinesSpliterator
Event: 17.990 Loading class java/nio/file/FileChannelLinesSpliterator done
Event: 17.992 Loading class java/util/stream/Streams$1
Event: 17.992 Loading class java/util/stream/Streams$1 done
Event: 17.992 Loading class java/nio/file/FileChannelLinesSpliterator$1
Event: 17.992 Loading class java/nio/file/FileChannelLinesSpliterator$1 done
Event: 18.142 Loading class java/util/concurrent/CopyOnWriteArraySet
Event: 18.142 Loading class java/util/concurrent/CopyOnWriteArraySet done
Event: 18.197 Loading class java/util/concurrent/ArrayBlockingQueue
Event: 18.197 Loading class java/util/concurrent/ArrayBlockingQueue done
Event: 18.272 Loading class java/io/FileFilter
Event: 18.272 Loading class java/io/FileFilter done
Event: 18.301 Loading class java/util/concurrent/ConcurrentHashMap$ValueSpliterator
Event: 18.302 Loading class java/util/concurrent/ConcurrentHashMap$ValueSpliterator done
Event: 18.303 Loading class jdk/internal/loader/BootLoader$PackageHelper
Event: 18.303 Loading class jdk/internal/loader/BootLoader$PackageHelper done

Classes unloaded (7 events):
Event: 14.246 Thread 0x00000271a616f9a0 Unloading class 0x00000271be1a5000 'java/lang/invoke/LambdaForm$MH+0x00000271be1a5000'
Event: 14.246 Thread 0x00000271a616f9a0 Unloading class 0x00000271be1a4c00 'java/lang/invoke/LambdaForm$MH+0x00000271be1a4c00'
Event: 14.246 Thread 0x00000271a616f9a0 Unloading class 0x00000271be1a4800 'java/lang/invoke/LambdaForm$MH+0x00000271be1a4800'
Event: 14.246 Thread 0x00000271a616f9a0 Unloading class 0x00000271be1a4400 'java/lang/invoke/LambdaForm$MH+0x00000271be1a4400'
Event: 14.246 Thread 0x00000271a616f9a0 Unloading class 0x00000271be1a4000 'java/lang/invoke/LambdaForm$BMH+0x00000271be1a4000'
Event: 14.246 Thread 0x00000271a616f9a0 Unloading class 0x00000271be1a3c00 'java/lang/invoke/LambdaForm$DMH+0x00000271be1a3c00'
Event: 14.246 Thread 0x00000271a616f9a0 Unloading class 0x00000271be1a2800 'java/lang/invoke/LambdaForm$DMH+0x00000271be1a2800'

Classes redefined (0 events):
No events

Internal exceptions (20 events):
Event: 17.612 Thread 0x000002718414dd20 Exception <a 'java/io/FileNotFoundException'{0x00000000d5e53f20}> (0x00000000d5e53f20) 
thrown [s\src\hotspot\share\prims\jni.cpp, line 520]
Event: 17.624 Thread 0x0000027184150480 Exception <a 'sun/nio/fs/WindowsException'{0x00000000d60b8ba0}> (0x00000000d60b8ba0) 
thrown [s\src\hotspot\share\prims\jni.cpp, line 520]
Event: 17.624 Thread 0x0000027184150480 Exception <a 'sun/nio/fs/WindowsException'{0x00000000d60b9290}> (0x00000000d60b9290) 
thrown [s\src\hotspot\share\prims\jni.cpp, line 520]
Event: 17.626 Thread 0x0000027184150480 Exception <a 'sun/nio/fs/WindowsException'{0x00000000d60fe790}> (0x00000000d60fe790) 
thrown [s\src\hotspot\share\prims\jni.cpp, line 520]
Event: 17.626 Thread 0x0000027184150480 Exception <a 'sun/nio/fs/WindowsException'{0x00000000d60ff130}> (0x00000000d60ff130) 
thrown [s\src\hotspot\share\prims\jni.cpp, line 520]
Event: 17.668 Thread 0x0000027184150480 Exception <a 'java/io/FileNotFoundException'{0x00000000d5c835c0}> (0x00000000d5c835c0) 
thrown [s\src\hotspot\share\prims\jni.cpp, line 520]
Event: 17.668 Thread 0x0000027184150480 Exception <a 'java/io/FileNotFoundException'{0x00000000d5c845b8}> (0x00000000d5c845b8) 
thrown [s\src\hotspot\share\prims\jni.cpp, line 520]
Event: 17.669 Thread 0x0000027184150480 Exception <a 'java/io/FileNotFoundException'{0x00000000d5c85d50}> (0x00000000d5c85d50) 
thrown [s\src\hotspot\share\prims\jni.cpp, line 520]
Event: 17.669 Thread 0x0000027184150480 Exception <a 'java/io/FileNotFoundException'{0x00000000d5c8cfe8}> (0x00000000d5c8cfe8) 
thrown [s\src\hotspot\share\prims\jni.cpp, line 520]
Event: 17.669 Thread 0x0000027184150480 Exception <a 'java/io/FileNotFoundException'{0x00000000d5c8e000}> (0x00000000d5c8e000) 
thrown [s\src\hotspot\share\prims\jni.cpp, line 520]
Event: 17.790 Thread 0x000002718776e810 Exception <a 'java/lang/IncompatibleClassChangeError'{0x00000000d565ce20}: Found class java.lang.Object, but interface was expected> (0x00000000d565ce20) 
thrown [s\src\hotspot\share\interpreter\linkResolver.cpp, line 840]
Event: 17.890 Thread 0x0000027184150480 Exception <a 'java/lang/NoSuchMethodError'{0x00000000d5c14248}: 'int java.lang.invoke.DirectMethodHandle$Holder.invokeSpecialIFC(java.lang.Object, java.lang.Object, java.lang.Object, java.lang.Object)'> (0x00000000d5c14248) 
thrown [s\src\hotspot\share\interpreter\linkResolver.cpp, line 773]
Event: 17.902 Thread 0x0000027184150480 Exception <a 'sun/nio/fs/WindowsException'{0x00000000d5f819f8}> (0x00000000d5f819f8) 
thrown [s\src\hotspot\share\prims\jni.cpp, line 520]
Event: 17.902 Thread 0x0000027184150480 Exception <a 'sun/nio/fs/WindowsException'{0x00000000d5f820e8}> (0x00000000d5f820e8) 
thrown [s\src\hotspot\share\prims\jni.cpp, line 520]
Event: 17.955 Thread 0x000002718414f760 Exception <a 'java/lang/NoSuchMethodError'{0x00000000d5ec7228}: 'int java.lang.invoke.DirectMethodHandle$Holder.invokeInterface(java.lang.Object, java.lang.Object)'> (0x00000000d5ec7228) 
thrown [s\src\hotspot\share\interpreter\linkResolver.cpp, line 773]
Event: 17.956 Thread 0x000002718414f760 Exception <a 'java/lang/IncompatibleClassChangeError'{0x00000000d5ef71f8}: Found class java.lang.Object, but interface was expected> (0x00000000d5ef71f8) 
thrown [s\src\hotspot\share\interpreter\linkResolver.cpp, line 840]
Event: 17.978 Thread 0x000002718414f760 Exception <a 'java/lang/NoSuchMethodError'{0x00000000d5745b88}: method resolution failed> (0x00000000d5745b88) 
thrown [s\src\hotspot\share\prims\methodHandles.cpp, line 1144]
Event: 18.146 Thread 0x000002718414f760 Exception <a 'java/lang/NoSuchMethodError'{0x00000000d5d87ea0}: 'java.lang.Object java.lang.invoke.DirectMethodHandle$Holder.invokeVirtual(java.lang.Object, java.lang.Object, java.lang.Object, java.lang.Object)'> (0x00000000d5d87ea0) 
thrown [s\src\hotspot\share\interpreter\linkResolver.cpp, line 773]
Event: 18.150 Thread 0x000002718414f760 Exception <a 'java/lang/NoSuchMethodError'{0x00000000d5ee3560}: 'java.lang.Object java.lang.invoke.DirectMethodHandle$Holder.invokeVirtual(java.lang.Object, java.lang.Object, java.lang.Object, java.lang.Object, java.lang.Object)'> (0x00000000d5ee3560) 
thrown [s\src\hotspot\share\interpreter\linkResolver.cpp, line 773]
Event: 18.532 Thread 0x00000271879cef20 Exception <a 'java/lang/NoSuchMethodError'{0x00000000d594e4a8}: 'java.lang.Object java.lang.invoke.DirectMethodHandle$Holder.invokeVirtual(java.lang.Object, java.lang.Object, java.lang.Object, java.lang.Object, java.lang.Object, java.lang.Object, java.lang.Object)'> (0x00000000d594e4a8) 
thrown [s\src\hotspot\share\interpreter\linkResolver.cpp, line 773]

ZGC Phase Switch (0 events):
No events

VM Operations (20 events):
Event: 18.499 Executing VM operation: ParallelGCFailedAllocation (Allocation Failure) done
Event: 18.520 Executing VM operation: ParallelGCFailedAllocation (Allocation Failure)
Event: 18.522 Executing VM operation: ParallelGCFailedAllocation (Allocation Failure) done
Event: 18.541 Executing VM operation: ParallelGCFailedAllocation (Allocation Failure)
Event: 18.542 Executing VM operation: ParallelGCFailedAllocation (Allocation Failure) done
Event: 18.563 Executing VM operation: ParallelGCFailedAllocation (Allocation Failure)
Event: 18.565 Executing VM operation: ParallelGCFailedAllocation (Allocation Failure) done
Event: 18.583 Executing VM operation: ParallelGCFailedAllocation (Allocation Failure)
Event: 18.584 Executing VM operation: ParallelGCFailedAllocation (Allocation Failure) done
Event: 18.600 Executing VM operation: ParallelGCFailedAllocation (Allocation Failure)
Event: 18.602 Executing VM operation: ParallelGCFailedAllocation (Allocation Failure) done
Event: 18.625 Executing VM operation: ParallelGCFailedAllocation (Allocation Failure)
Event: 18.627 Executing VM operation: ParallelGCFailedAllocation (Allocation Failure) done
Event: 18.653 Executing VM operation: ParallelGCFailedAllocation (Allocation Failure)
Event: 18.655 Executing VM operation: ParallelGCFailedAllocation (Allocation Failure) done
Event: 18.677 Executing VM operation: CollectForMetadataAllocation (Metadata GC Threshold)
Event: 18.828 Executing VM operation: CollectForMetadataAllocation (Metadata GC Threshold) done
Event: 18.908 Executing VM operation: ParallelGCFailedAllocation (Allocation Failure)
Event: 18.909 Executing VM operation: ParallelGCFailedAllocation (Allocation Failure) done
Event: 18.958 Executing VM operation: ParallelGCFailedAllocation (Allocation Failure)

Memory protections (0 events):
No events

Nmethod flushes (20 events):
Event: 18.782 Thread 0x00000271a616f9a0 flushing  nmethod 0x00000271a9b7f510
Event: 18.782 Thread 0x00000271a616f9a0 flushing  nmethod 0x00000271a9b7f910
Event: 18.782 Thread 0x00000271a616f9a0 flushing  nmethod 0x00000271a9b80690
Event: 18.782 Thread 0x00000271a616f9a0 flushing  nmethod 0x00000271a9b81610
Event: 18.782 Thread 0x00000271a616f9a0 flushing  nmethod 0x00000271a9b81e90
Event: 18.782 Thread 0x00000271a616f9a0 flushing  nmethod 0x00000271a9b85210
Event: 18.782 Thread 0x00000271a616f9a0 flushing  nmethod 0x00000271a9b85b10
Event: 18.782 Thread 0x00000271a616f9a0 flushing  nmethod 0x00000271a9b8de90
Event: 18.782 Thread 0x00000271a616f9a0 flushing  nmethod 0x00000271a9b94690
Event: 18.782 Thread 0x00000271a616f9a0 flushing  nmethod 0x00000271a9baa790
Event: 18.782 Thread 0x00000271a616f9a0 flushing  nmethod 0x00000271a9baf110
Event: 18.782 Thread 0x00000271a616f9a0 flushing  nmethod 0x00000271a9bc7490
Event: 18.782 Thread 0x00000271a616f9a0 flushing  nmethod 0x00000271a9bc7d90
Event: 18.782 Thread 0x00000271a616f9a0 flushing  nmethod 0x00000271a9bc8590
Event: 18.782 Thread 0x00000271a616f9a0 flushing  nmethod 0x00000271a9bc8910
Event: 18.782 Thread 0x00000271a616f9a0 flushing  nmethod 0x00000271a9bc8f90
Event: 18.782 Thread 0x00000271a616f9a0 flushing  nmethod 0x00000271a9bca290
Event: 18.782 Thread 0x00000271a616f9a0 flushing  nmethod 0x00000271a9bca610
Event: 18.782 Thread 0x00000271a616f9a0 flushing  nmethod 0x00000271a9becf10
Event: 18.782 Thread 0x00000271a616f9a0 flushing  nmethod 0x00000271a9bf0c90

Events (20 events):
Event: 14.983 Thread 0x00000271a3b7b120 Thread added: 0x00000271877692c0
Event: 14.983 Thread 0x00000271a3b7b120 Thread added: 0x000002718776a670
Event: 14.983 Thread 0x00000271a3b7b120 Thread added: 0x000002718776ad00
Event: 14.983 Thread 0x00000271a3b7b120 Thread added: 0x000002718776ba20
Event: 14.984 Thread 0x00000271a3b7b120 Thread added: 0x0000027187768c30
Event: 14.984 Thread 0x00000271a3b7b120 Thread added: 0x00000271877685a0
Event: 14.984 Thread 0x00000271a3b7b120 Thread added: 0x000002718776eea0
Event: 14.984 Thread 0x00000271a3b7b120 Thread added: 0x000002718776d460
Event: 14.984 Thread 0x00000271a3b7b120 Thread added: 0x000002718776f530
Event: 15.021 Thread 0x00000271a3b7b120 Thread added: 0x000002718776e180
Event: 15.297 Thread 0x0000027184150480 Thread added: 0x000002718776c740
Event: 15.306 Thread 0x00000271a3b7b120 Thread added: 0x000002718776daf0
Event: 15.306 Thread 0x00000271a3b7b120 Thread added: 0x000002718776e810
Event: 15.424 Thread 0x000002718776c740 Thread added: 0x000002718776c0b0
Event: 16.086 Thread 0x000002718414f760 Thread added: 0x0000027185242d20
Event: 16.087 Thread 0x0000027185242d20 Thread exited: 0x0000027185242d20
Event: 16.277 Thread 0x00000271a61851b0 Thread added: 0x000002718749fe80
Event: 16.768 Thread 0x000002718414f760 Thread added: 0x00000271879cf5b0
Event: 18.090 Thread 0x000002718414f760 Thread added: 0x00000271879d02d0
Event: 18.220 Thread 0x000002718414f760 Thread added: 0x00000271879cef20


Dynamic libraries:
0x00007ff7d07c0000 - 0x00007ff7d07ce000 	c:\Users\sasad\.vscode\extensions\redhat.java-1.43.1-win32-x64\jre\21.0.7-win32-x86_64\bin\java.exe
0x00007fff71600000 - 0x00007fff71863000 	C:\WINDOWS\SYSTEM32\ntdll.dll
0x00007fff70be0000 - 0x00007fff70ca7000 	C:\WINDOWS\System32\KERNEL32.DLL
0x00007fff6e9a0000 - 0x00007fff6ed67000 	C:\WINDOWS\System32\KERNELBASE.dll
0x00007fff6f250000 - 0x00007fff6f39c000 	C:\WINDOWS\System32\ucrtbase.dll
0x00007fff63320000 - 0x00007fff63338000 	c:\Users\sasad\.vscode\extensions\redhat.java-1.43.1-win32-x64\jre\21.0.7-win32-x86_64\bin\jli.dll
0x00007fff70320000 - 0x00007fff704e9000 	C:\WINDOWS\System32\USER32.dll
0x00007fff6f220000 - 0x00007fff6f247000 	C:\WINDOWS\System32\win32u.dll
0x00007fff705d0000 - 0x00007fff705fa000 	C:\WINDOWS\System32\GDI32.dll
0x00007fff6f040000 - 0x00007fff6f16b000 	C:\WINDOWS\System32\gdi32full.dll
0x00007fff6f170000 - 0x00007fff6f213000 	C:\WINDOWS\System32\msvcp_win.dll
0x00007fff5c510000 - 0x00007fff5c52e000 	c:\Users\sasad\.vscode\extensions\redhat.java-1.43.1-win32-x64\jre\21.0.7-win32-x86_64\bin\VCRUNTIME140.dll
0x00007fff57be0000 - 0x00007fff57e70000 	C:\WINDOWS\WinSxS\amd64_microsoft.windows.common-controls_6595b64144ccf1df_6.0.26100.3037_none_3e09262ce333c378\COMCTL32.dll
0x00007fff6fe00000 - 0x00007fff6fea9000 	C:\WINDOWS\System32\msvcrt.dll
0x00007fff6feb0000 - 0x00007fff6fedf000 	C:\WINDOWS\System32\IMM32.DLL
0x00007fff68910000 - 0x00007fff6891c000 	c:\Users\sasad\.vscode\extensions\redhat.java-1.43.1-win32-x64\jre\21.0.7-win32-x86_64\bin\vcruntime140_1.dll
0x00007fff2a560000 - 0x00007fff2a5ed000 	c:\Users\sasad\.vscode\extensions\redhat.java-1.43.1-win32-x64\jre\21.0.7-win32-x86_64\bin\msvcp140.dll
0x00007ffee5ed0000 - 0x00007ffee6c60000 	c:\Users\sasad\.vscode\extensions\redhat.java-1.43.1-win32-x64\jre\21.0.7-win32-x86_64\bin\server\jvm.dll
0x00007fff70260000 - 0x00007fff70314000 	C:\WINDOWS\System32\ADVAPI32.dll
0x00007fff6fa50000 - 0x00007fff6faf6000 	C:\WINDOWS\System32\sechost.dll
0x00007fff70aa0000 - 0x00007fff70bb6000 	C:\WINDOWS\System32\RPCRT4.dll
0x00007fff6fef0000 - 0x00007fff6ff64000 	C:\WINDOWS\System32\WS2_32.dll
0x00007fff6e670000 - 0x00007fff6e6be000 	C:\WINDOWS\SYSTEM32\POWRPROF.dll
0x00007fff67780000 - 0x00007fff6778b000 	C:\WINDOWS\SYSTEM32\VERSION.dll
0x00007fff66fb0000 - 0x00007fff66fe6000 	C:\WINDOWS\SYSTEM32\WINMM.dll
0x00007fff6e650000 - 0x00007fff6e664000 	C:\WINDOWS\SYSTEM32\UMPDC.dll
0x00007fff6d7d0000 - 0x00007fff6d7ea000 	C:\WINDOWS\SYSTEM32\kernel.appcore.dll
0x00007fff5f300000 - 0x00007fff5f30a000 	c:\Users\sasad\.vscode\extensions\redhat.java-1.43.1-win32-x64\jre\21.0.7-win32-x86_64\bin\jimage.dll
0x00007fff615c0000 - 0x00007fff61801000 	C:\WINDOWS\SYSTEM32\DBGHELP.DLL
0x00007fff6f660000 - 0x00007fff6f9de000 	C:\WINDOWS\System32\combase.dll
0x00007fff704f0000 - 0x00007fff705c6000 	C:\WINDOWS\System32\OLEAUT32.dll
0x00007fff52c00000 - 0x00007fff52c39000 	C:\WINDOWS\SYSTEM32\dbgcore.DLL
0x00007fff6f3a0000 - 0x00007fff6f439000 	C:\WINDOWS\System32\bcryptPrimitives.dll
0x00007fff6b590000 - 0x00007fff6b59f000 	c:\Users\sasad\.vscode\extensions\redhat.java-1.43.1-win32-x64\jre\21.0.7-win32-x86_64\bin\instrument.dll
0x00007fff56120000 - 0x00007fff5613f000 	c:\Users\sasad\.vscode\extensions\redhat.java-1.43.1-win32-x64\jre\21.0.7-win32-x86_64\bin\java.dll
0x00007fff70de0000 - 0x00007fff714e4000 	C:\WINDOWS\System32\SHELL32.dll
0x00007fff6c680000 - 0x00007fff6ceb7000 	C:\WINDOWS\SYSTEM32\windows.storage.dll
0x00007fff6ffa0000 - 0x00007fff70089000 	C:\WINDOWS\System32\SHCORE.dll
0x00007fff6f9f0000 - 0x00007fff6fa4d000 	C:\WINDOWS\System32\shlwapi.dll
0x00007fff6e8b0000 - 0x00007fff6e8de000 	C:\WINDOWS\SYSTEM32\profapi.dll
0x00007fff5c4f0000 - 0x00007fff5c508000 	c:\Users\sasad\.vscode\extensions\redhat.java-1.43.1-win32-x64\jre\21.0.7-win32-x86_64\bin\zip.dll
0x00007fff5c770000 - 0x00007fff5c780000 	C:\Users\sasad\.vscode\extensions\redhat.java-1.43.1-win32-x64\jre\21.0.7-win32-x86_64\bin\net.dll
0x00007fff674e0000 - 0x00007fff675fe000 	C:\WINDOWS\SYSTEM32\WINHTTP.dll
0x00007fff6dce0000 - 0x00007fff6dd4a000 	C:\WINDOWS\system32\mswsock.dll
0x00007fff550e0000 - 0x00007fff550f6000 	C:\Users\sasad\.vscode\extensions\redhat.java-1.43.1-win32-x64\jre\21.0.7-win32-x86_64\bin\nio.dll
0x00007fff67d60000 - 0x00007fff67d70000 	c:\Users\sasad\.vscode\extensions\redhat.java-1.43.1-win32-x64\jre\21.0.7-win32-x86_64\bin\verify.dll
0x00007fff36210000 - 0x00007fff36255000 	C:\Users\sasad\AppData\Roaming\Code\User\globalStorage\redhat.java\1.43.1\config_win\org.eclipse.equinox.launcher\org.eclipse.equinox.launcher.win32.win32.x86_64_1.2.1300.v20250331-1702\eclipse_11911.dll
0x00007fff6fc60000 - 0x00007fff6fdf5000 	C:\WINDOWS\System32\ole32.dll
0x00007fff6df80000 - 0x00007fff6df9c000 	C:\WINDOWS\SYSTEM32\CRYPTSP.dll
0x00007fff6d730000 - 0x00007fff6d768000 	C:\WINDOWS\system32\rsaenh.dll
0x00007fff6dd80000 - 0x00007fff6ddab000 	C:\WINDOWS\SYSTEM32\USERENV.dll
0x00007fff6e1c0000 - 0x00007fff6e1e6000 	C:\WINDOWS\SYSTEM32\bcrypt.dll
0x00007fff6dfa0000 - 0x00007fff6dfac000 	C:\WINDOWS\SYSTEM32\CRYPTBASE.dll
0x00007fff6d1f0000 - 0x00007fff6d222000 	C:\WINDOWS\SYSTEM32\IPHLPAPI.DLL
0x00007fff70600000 - 0x00007fff7060a000 	C:\WINDOWS\System32\NSI.dll
0x00007fff32430000 - 0x00007fff32479000 	C:\Users\sasad\AppData\Local\Temp\jna-109208264\jna16785071532492951026.dll
0x00007fff715a0000 - 0x00007fff715a8000 	C:\WINDOWS\System32\PSAPI.DLL
0x00007fff680e0000 - 0x00007fff680ff000 	C:\WINDOWS\SYSTEM32\dhcpcsvc6.DLL
0x00007fff68040000 - 0x00007fff68065000 	C:\WINDOWS\SYSTEM32\dhcpcsvc.DLL
0x00007fff58e00000 - 0x00007fff58e0e000 	C:\Users\sasad\.vscode\extensions\redhat.java-1.43.1-win32-x64\jre\21.0.7-win32-x86_64\bin\sunmscapi.dll
0x00007fff6eec0000 - 0x00007fff6f036000 	C:\WINDOWS\System32\CRYPT32.dll
0x00007fff6e180000 - 0x00007fff6e1b0000 	C:\WINDOWS\SYSTEM32\ncrypt.dll
0x00007fff6e130000 - 0x00007fff6e16f000 	C:\WINDOWS\SYSTEM32\NTASN1.dll
0x00007fff6d280000 - 0x00007fff6d3a5000 	C:\WINDOWS\SYSTEM32\DNSAPI.dll
0x00007fff636d0000 - 0x00007fff636db000 	C:\Windows\System32\rasadhlp.dll
0x00007fff68580000 - 0x00007fff68605000 	C:\WINDOWS\System32\fwpuclnt.dll
0x00007fff58df0000 - 0x00007fff58df9000 	C:\Users\sasad\.vscode\extensions\redhat.java-1.43.1-win32-x64\jre\21.0.7-win32-x86_64\bin\extnet.dll
0x00007fff516f0000 - 0x00007fff51717000 	C:\Users\sasad\.gradle\native\c067742578af261105cb4f569cf0c3c89f3d7b1fecec35dd04571415982c5e48\windows-amd64\native-platform.dll

dbghelp: loaded successfully - version: 4.0.5 - missing functions: none
symbol engine: initialized successfully - sym options: 0x614 - pdb path: .;c:\Users\sasad\.vscode\extensions\redhat.java-1.43.1-win32-x64\jre\21.0.7-win32-x86_64\bin;C:\WINDOWS\SYSTEM32;C:\WINDOWS\WinSxS\amd64_microsoft.windows.common-controls_6595b64144ccf1df_6.0.26100.3037_none_3e09262ce333c378;c:\Users\sasad\.vscode\extensions\redhat.java-1.43.1-win32-x64\jre\21.0.7-win32-x86_64\bin\server;C:\Users\sasad\AppData\Roaming\Code\User\globalStorage\redhat.java\1.43.1\config_win\org.eclipse.equinox.launcher\org.eclipse.equinox.launcher.win32.win32.x86_64_1.2.1300.v20250331-1702;C:\Users\sasad\AppData\Local\Temp\jna-109208264;C:\Users\sasad\.gradle\native\c067742578af261105cb4f569cf0c3c89f3d7b1fecec35dd04571415982c5e48\windows-amd64

VM Arguments:
jvm_args: --add-modules=ALL-SYSTEM --add-opens=java.base/java.util=ALL-UNNAMED --add-opens=java.base/java.lang=ALL-UNNAMED --add-opens=java.base/sun.nio.fs=ALL-UNNAMED -Declipse.application=org.eclipse.jdt.ls.core.id1 -Dosgi.bundles.defaultStartLevel=4 -Declipse.product=org.eclipse.jdt.ls.core.product -Djava.import.generatesMetadataFilesAtProjectRoot=false -DDetectVMInstallationsJob.disabled=true -Dfile.encoding=utf8 -XX:+UseParallelGC -XX:GCTimeRatio=4 -XX:AdaptiveSizePolicyWeight=90 -Dsun.zip.disableMemoryMapping=true -Xmx2G -Xms100m -Xlog:disable -javaagent:c:\Users\sasad\.vscode\extensions\redhat.java-1.43.1-win32-x64\lombok\lombok-1.18.39-4050.jar -XX:+HeapDumpOnOutOfMemoryError -XX:HeapDumpPath=c:\Users\sasad\AppData\Roaming\Code\User\workspaceStorage\9870e353e6cdb0d340180d2ff64b806d\redhat.java -Daether.dependencyCollector.impl=bf 
java_command: c:\Users\sasad\.vscode\extensions\redhat.java-1.43.1-win32-x64\server\plugins\org.eclipse.equinox.launcher_1.7.0.v20250519-0528.jar -configuration c:\Users\sasad\AppData\Roaming\Code\User\globalStorage\redhat.java\1.43.1\config_win -data c:\Users\sasad\AppData\Roaming\Code\User\workspaceStorage\9870e353e6cdb0d340180d2ff64b806d\redhat.java\jdt_ws --pipe=\\.\pipe\lsp-3b568ae921927dd1560de23f7222cc87-sock
java_class_path (initial): c:\Users\sasad\.vscode\extensions\redhat.java-1.43.1-win32-x64\server\plugins\org.eclipse.equinox.launcher_1.7.0.v20250519-0528.jar
Launcher Type: SUN_STANDARD

[Global flags]
    uintx AdaptiveSizePolicyWeight                 = 90                                        {product} {command line}
     intx CICompilerCount                          = 4                                         {product} {ergonomic}
    uintx GCTimeRatio                              = 4                                         {product} {command line}
     bool HeapDumpOnOutOfMemoryError               = true                                   {manageable} {command line}
    ccstr HeapDumpPath                             = c:\Users\sasad\AppData\Roaming\Code\User\workspaceStorage\9870e353e6cdb0d340180d2ff64b806d\redhat.java         {manageable} {command line}
   size_t InitialHeapSize                          = 104857600                                 {product} {command line}
   size_t MaxHeapSize                              = 2147483648                                {product} {command line}
   size_t MaxNewSize                               = 715653120                                 {product} {ergonomic}
   size_t MinHeapDeltaBytes                        = 524288                                    {product} {ergonomic}
   size_t MinHeapSize                              = 104857600                                 {product} {command line}
   size_t NewSize                                  = 34603008                                  {product} {ergonomic}
    uintx NonNMethodCodeHeapSize                   = 5839372                                {pd product} {ergonomic}
    uintx NonProfiledCodeHeapSize                  = 122909434                              {pd product} {ergonomic}
   size_t OldSize                                  = 70254592                                  {product} {ergonomic}
    uintx ProfiledCodeHeapSize                     = 122909434                              {pd product} {ergonomic}
    uintx ReservedCodeCacheSize                    = 251658240                              {pd product} {ergonomic}
     bool SegmentedCodeCache                       = true                                      {product} {ergonomic}
   size_t SoftMaxHeapSize                          = 2147483648                             {manageable} {ergonomic}
     bool UseCompressedOops                        = true                           {product lp64_product} {ergonomic}
     bool UseLargePagesIndividualAllocation        = false                                  {pd product} {ergonomic}
     bool UseParallelGC                            = true                                      {product} {command line}

Logging:
Log output configuration:
 #0: stdout all=off uptime,level,tags foldmultilines=false
 #1: stderr all=off uptime,level,tags foldmultilines=false

Environment Variables:
JAVA_HOME=C:\Program Files\Microsoft\jdk-17.0.13.11-hotspot
PATH=C:\Program Files\Microsoft\jdk-17.0.13.11-hotspot\bin;C:\Program Files (x86)\Common Files\Oracle\Java\javapath;C:\Program Files\Common Files\Oracle\Java\javapath;C:\Windows\system32;C:\Windows;C:\Windows\System32\Wbem;C:\Windows\System32\WindowsPowerShell\v1.0\;C:\Windows\System32\OpenSSH\;C:\Program Files (x86)\NVIDIA Corporation\PhysX\Common;C:\Program Files\NVIDIA Corporation\NVIDIA NvDLISR;C:\WINDOWS\system32;C:\WINDOWS;C:\WINDOWS\System32\Wbem;C:\WINDOWS\System32\WindowsPowerShell\v1.0\;C:\WINDOWS\System32\OpenSSH\;C:\Program Files\Git\cmd;C:\Program Files\nodejs\;C:\php;C:\Program Files\dotnet\;C:\Users\sasad\AppData\Local\Android\Sdk\platform-tools;C:\ProgramData\ComposerSetup\bin;C:\Users\sasad\AppData\Local\Programs\Python\Python313\Scripts\;C:\Users\sasad\AppData\Local\Programs\Python\Python313\;C:\Users\sasad\AppData\Local\Android\Sdk\tools;C:\Program Files\Java\jdk-11\bin;C:\Program Files\MySQL\MySQL Shell 8.0\bin\;C:\Users\sasad\AppData\Local\Microsoft\WindowsApps;C:\Users\sasad\AppData\Local\Programs\Microsoft VS Code\bin;C:\Users\sasad\AppData\Roaming\npm;C:\Users\sasad\AppData\Local\GitHubDesktop\bin;C:\Users\sasad\AppData\Roaming\Composer\vendor\bin;C:\Users\sasad\AppData\Local\Programs\cursor\resources\app\bin;C:\Users\sasad\.bun\bin
USERNAME=sasad
OS=Windows_NT
PROCESSOR_IDENTIFIER=AMD64 Family 23 Model 96 Stepping 1, AuthenticAMD
TMP=C:\Users\sasad\AppData\Local\Temp
TEMP=C:\Users\sasad\AppData\Local\Temp




Periodic native trim disabled

---------------  S Y S T E M  ---------------

OS:
 Windows 11 , 64 bit Build 26100 (10.0.26100.3037)
OS uptime: 2 days 0:46 hours
Hyper-V role detected

CPU: total 12 (initial active 12) (12 cores per cpu, 2 threads per core) family 23 model 96 stepping 1 microcode 0x8600106, cx8, cmov, fxsr, ht, mmx, 3dnowpref, sse, sse2, sse3, ssse3, sse4a, sse4.1, sse4.2, popcnt, lzcnt, tsc, tscinvbit, avx, avx2, aes, clmul, bmi1, bmi2, adx, sha, fma, vzeroupper, clflush, clflushopt, hv, rdtscp, rdpid, f16c
Processor Information for the first 12 processors :
  Max Mhz: 3001, Current Mhz: 3001, Mhz Limit: 3001

Memory: 4k page, system-wide physical 15790M (859M free)
TotalPageFile size 30614M (AvailPageFile size 53M)
current process WorkingSet (physical memory assigned to process): 403M, peak: 403M
current process commit charge ("private bytes"): 441M, peak: 441M

vm_info: OpenJDK 64-Bit Server VM (21.0.7+6-LTS) for windows-amd64 JRE (21.0.7+6-LTS), built on 2025-04-15T00:00:00Z by "admin" with MS VC++ 17.7 (VS2022)

END.
