#
# There is insufficient memory for the Java Runtime Environment to continue.
# Native memory allocation (malloc) failed to allocate 32784 bytes. Error detail: Chunk::new
# Possible reasons:
#   The system is out of physical RAM or swap space
#   This process is running with CompressedOops enabled, and the Java Heap may be blocking the growth of the native heap
# Possible solutions:
#   Reduce memory load on the system
#   Increase physical memory or swap space
#   Check if swap backing store is full
#   Decrease Java heap size (-Xmx/-Xms)
#   Decrease number of Java threads
#   Decrease Java thread stack sizes (-Xss)
#   Set larger code cache with -XX:ReservedCodeCacheSize=
#   JVM is running with Unscaled Compressed Oops mode in which the Java heap is
#     placed in the first 4GB address space. The Java Heap base address is the
#     maximum limit for the native heap growth. Please use -XX:HeapBaseMinAddress
#     to set the Java Heap base and to place the Java Heap above 4GB virtual address.
# This output file may be truncated or incomplete.
#
#  Out of Memory Error (arena.cpp:168), pid=25312, tid=24888
#
# JRE version: OpenJDK Runtime Environment Temurin-21.0.7+6 (21.0.7+6) (build 21.0.7+6-LTS)
# Java VM: OpenJDK 64-Bit Server VM Temurin-21.0.7+6 (21.0.7+6-LTS, mixed mode, sharing, tiered, compressed oops, compressed class ptrs, parallel gc, windows-amd64)
# No core dump will be written. Minidumps are not enabled by default on client versions of Windows
#

---------------  S U M M A R Y ------------

Command Line: --add-modules=ALL-SYSTEM --add-opens=java.base/java.util=ALL-UNNAMED --add-opens=java.base/java.lang=ALL-UNNAMED --add-opens=java.base/sun.nio.fs=ALL-UNNAMED -Declipse.application=org.eclipse.jdt.ls.core.id1 -Dosgi.bundles.defaultStartLevel=4 -Declipse.product=org.eclipse.jdt.ls.core.product -Djava.import.generatesMetadataFilesAtProjectRoot=false -DDetectVMInstallationsJob.disabled=true -Dfile.encoding=utf8 -XX:+UseParallelGC -XX:GCTimeRatio=4 -XX:AdaptiveSizePolicyWeight=90 -Dsun.zip.disableMemoryMapping=true -Xmx2G -Xms100m -Xlog:disable -javaagent:c:\Users\sasad\.vscode\extensions\redhat.java-1.43.1-win32-x64\lombok\lombok-1.18.39-4050.jar c:\Users\sasad\.vscode\extensions\redhat.java-1.43.1-win32-x64\server\plugins\org.eclipse.equinox.launcher_1.7.0.v20250519-0528.jar -configuration c:\Users\sasad\AppData\Roaming\Code\User\globalStorage\redhat.java\1.43.1\config_ss_win -data c:\Users\sasad\AppData\Roaming\Code\User\workspaceStorage\9870e353e6cdb0d340180d2ff64b806d\redhat.java\ss_ws --pipe=\\.\pipe\lsp-5b82b3274932f6e33466c873b3ff855d-sock

Host: AMD Ryzen 5 4600H with Radeon Graphics         , 12 cores, 15G,  Windows 11 , 64 bit Build 26100 (10.0.26100.3037)
Time: Sun Jul 20 19:45:28 2025 Sri Lanka Standard Time elapsed time: 39.384967 seconds (0d 0h 0m 39s)

---------------  T H R E A D  ---------------

Current thread (0x0000025695888ac0):  JavaThread "C2 CompilerThread0" daemon [_thread_in_native, id=24888, stack(0x0000007a3bc00000,0x0000007a3bd00000) (1024K)]


Current CompileTask:
C2:39385 6679       4       java.io.DataOutputStream::writeUTF (389 bytes)

Stack: [0x0000007a3bc00000,0x0000007a3bd00000]
Native frames: (J=compiled Java code, j=interpreted, Vv=VM code, C=native code)
V  [jvm.dll+0x6ce119]
V  [jvm.dll+0x8a84a1]
V  [jvm.dll+0x8aa9ce]
V  [jvm.dll+0x8ab0b3]
V  [jvm.dll+0x27f8a6]
V  [jvm.dll+0xc507d]
V  [jvm.dll+0xc55b3]
V  [jvm.dll+0xc51a5]
V  [jvm.dll+0x6a96fc]
V  [jvm.dll+0x6051ee]
V  [jvm.dll+0x5ed76b]
V  [jvm.dll+0x5edf0c]
V  [jvm.dll+0x5f05a5]
V  [jvm.dll+0x5f003d]
V  [jvm.dll+0x5eff20]
V  [jvm.dll+0x5f73a4]
V  [jvm.dll+0x250cb2]
V  [jvm.dll+0x25106f]
V  [jvm.dll+0x249934]
V  [jvm.dll+0x246fc4]
V  [jvm.dll+0x1c760e]
V  [jvm.dll+0x25695a]
V  [jvm.dll+0x254efa]
V  [jvm.dll+0x3f03f6]
V  [jvm.dll+0x851f6b]
V  [jvm.dll+0x6cc7dd]
C  [ucrtbase.dll+0x37b0]
C  [KERNEL32.DLL+0x2e8d7]
C  [ntdll.dll+0xbbf2c]


---------------  P R O C E S S  ---------------

Threads class SMR info:
_java_thread_list=0x000002569cb29180, length=46, elements={
0x000002563bfeeab0, 0x00000256958742a0, 0x00000256958766d0, 0x0000025695879e80,
0x000002569587ae80, 0x000002569587ee40, 0x0000025695880f20, 0x0000025695888ac0,
0x00000256958af380, 0x000002563c0586f0, 0x000002569a0edf40, 0x000002569a4bbb40,
0x000002569aa6e470, 0x000002569ad6a840, 0x000002569a8da450, 0x000002569aaf2440,
0x000002569ae72c10, 0x000002569ab8a8d0, 0x000002569ab8f700, 0x000002569ab8e9e0,
0x000002569ab90420, 0x000002569ab8fd90, 0x000002569ab8cfa0, 0x000002569ab8d630,
0x000002569ab8dcc0, 0x000002569ab8e350, 0x000002569ab8f070, 0x000002569afdf6f0,
0x000002569afe0410, 0x000002569afe17c0, 0x000002569afdfd80, 0x000002569afe1130,
0x000002569afe0aa0, 0x000002569afe1e50, 0x000002569afe24e0, 0x000002569afdf060,
0x000002569afe3890, 0x000002569afe3f20, 0x000002569afe2b70, 0x000002569afe5960,
0x000002569afe45b0, 0x000002569afe6680, 0x000002569afe3200, 0x000002569a5d67b0,
0x000002569b04e720, 0x000002569a5d5400
}

Java Threads: ( => current thread )
  0x000002563bfeeab0 JavaThread "main"                              [_thread_blocked, id=5216, stack(0x0000007a3b200000,0x0000007a3b300000) (1024K)]
  0x00000256958742a0 JavaThread "Reference Handler"          daemon [_thread_blocked, id=8120, stack(0x0000007a3b600000,0x0000007a3b700000) (1024K)]
  0x00000256958766d0 JavaThread "Finalizer"                  daemon [_thread_blocked, id=12768, stack(0x0000007a3b700000,0x0000007a3b800000) (1024K)]
  0x0000025695879e80 JavaThread "Signal Dispatcher"          daemon [_thread_blocked, id=30212, stack(0x0000007a3b800000,0x0000007a3b900000) (1024K)]
  0x000002569587ae80 JavaThread "Attach Listener"            daemon [_thread_blocked, id=3556, stack(0x0000007a3b900000,0x0000007a3ba00000) (1024K)]
  0x000002569587ee40 JavaThread "Service Thread"             daemon [_thread_blocked, id=27124, stack(0x0000007a3ba00000,0x0000007a3bb00000) (1024K)]
  0x0000025695880f20 JavaThread "Monitor Deflation Thread"   daemon [_thread_blocked, id=12292, stack(0x0000007a3bb00000,0x0000007a3bc00000) (1024K)]
=>0x0000025695888ac0 JavaThread "C2 CompilerThread0"         daemon [_thread_in_native, id=24888, stack(0x0000007a3bc00000,0x0000007a3bd00000) (1024K)]
  0x00000256958af380 JavaThread "C1 CompilerThread0"         daemon [_thread_in_native, id=24732, stack(0x0000007a3bd00000,0x0000007a3be00000) (1024K)]
  0x000002563c0586f0 JavaThread "Common-Cleaner"             daemon [_thread_blocked, id=22108, stack(0x0000007a3be00000,0x0000007a3bf00000) (1024K)]
  0x000002569a0edf40 JavaThread "Notification Thread"        daemon [_thread_blocked, id=9292, stack(0x0000007a3c000000,0x0000007a3c100000) (1024K)]
  0x000002569a4bbb40 JavaThread "Active Thread: Equinox Container: 2dbdb11b-fa65-4c12-8935-a722f83051e7"        [_thread_blocked, id=2944, stack(0x0000007a3c800000,0x0000007a3c900000) (1024K)]
  0x000002569aa6e470 JavaThread "Framework Event Dispatcher: Equinox Container: 2dbdb11b-fa65-4c12-8935-a722f83051e7" daemon [_thread_blocked, id=17928, stack(0x0000007a3c900000,0x0000007a3ca00000) (1024K)]
  0x000002569ad6a840 JavaThread "Start Level: Equinox Container: 2dbdb11b-fa65-4c12-8935-a722f83051e7" daemon [_thread_blocked, id=2164, stack(0x0000007a3ca00000,0x0000007a3cb00000) (1024K)]
  0x000002569a8da450 JavaThread "SCR Component Actor"        daemon [_thread_blocked, id=20964, stack(0x0000007a3cc00000,0x0000007a3cd00000) (1024K)]
  0x000002569aaf2440 JavaThread "Worker-JM"                         [_thread_blocked, id=1484, stack(0x0000007a3cd00000,0x0000007a3ce00000) (1024K)]
  0x000002569ae72c10 JavaThread "JNA Cleaner"                daemon [_thread_blocked, id=6036, stack(0x0000007a3bf00000,0x0000007a3c000000) (1024K)]
  0x000002569ab8a8d0 JavaThread "Worker-0"                          [_thread_blocked, id=28920, stack(0x0000007a3d000000,0x0000007a3d100000) (1024K)]
  0x000002569ab8f700 JavaThread "Worker-1: Shutdown..."             [_thread_blocked, id=13472, stack(0x0000007a3d100000,0x0000007a3d200000) (1024K)]
  0x000002569ab8e9e0 JavaThread "Thread-2"                   daemon [_thread_in_native, id=30432, stack(0x0000007a3d600000,0x0000007a3d700000) (1024K)]
  0x000002569ab90420 JavaThread "Thread-3"                   daemon [_thread_in_native, id=27992, stack(0x0000007a3d700000,0x0000007a3d800000) (1024K)]
  0x000002569ab8fd90 JavaThread "Thread-4"                   daemon [_thread_in_native, id=16096, stack(0x0000007a3d800000,0x0000007a3d900000) (1024K)]
  0x000002569ab8cfa0 JavaThread "Thread-5"                   daemon [_thread_in_native, id=13152, stack(0x0000007a3d900000,0x0000007a3da00000) (1024K)]
  0x000002569ab8d630 JavaThread "Thread-6"                   daemon [_thread_in_native, id=22508, stack(0x0000007a3da00000,0x0000007a3db00000) (1024K)]
  0x000002569ab8dcc0 JavaThread "Thread-7"                   daemon [_thread_in_native, id=1652, stack(0x0000007a3db00000,0x0000007a3dc00000) (1024K)]
  0x000002569ab8e350 JavaThread "Thread-8"                   daemon [_thread_in_native, id=14816, stack(0x0000007a3dc00000,0x0000007a3dd00000) (1024K)]
  0x000002569ab8f070 JavaThread "Thread-9"                   daemon [_thread_in_native, id=22708, stack(0x0000007a3dd00000,0x0000007a3de00000) (1024K)]
  0x000002569afdf6f0 JavaThread "Thread-10"                  daemon [_thread_in_native, id=20428, stack(0x0000007a3de00000,0x0000007a3df00000) (1024K)]
  0x000002569afe0410 JavaThread "Thread-11"                  daemon [_thread_in_native, id=7044, stack(0x0000007a3df00000,0x0000007a3e000000) (1024K)]
  0x000002569afe17c0 JavaThread "Thread-12"                  daemon [_thread_in_native, id=29756, stack(0x0000007a3e000000,0x0000007a3e100000) (1024K)]
  0x000002569afdfd80 JavaThread "Thread-13"                  daemon [_thread_in_native, id=13444, stack(0x0000007a3e100000,0x0000007a3e200000) (1024K)]
  0x000002569afe1130 JavaThread "Thread-14"                  daemon [_thread_in_native, id=15904, stack(0x0000007a3e200000,0x0000007a3e300000) (1024K)]
  0x000002569afe0aa0 JavaThread "pool-2-thread-1"                   [_thread_blocked, id=2168, stack(0x0000007a3e300000,0x0000007a3e400000) (1024K)]
  0x000002569afe1e50 JavaThread "WorkspaceEventsHandler"            [_thread_blocked, id=6436, stack(0x0000007a3e400000,0x0000007a3e500000) (1024K)]
  0x000002569afe24e0 JavaThread "pool-1-thread-1"                   [_thread_blocked, id=27028, stack(0x0000007a3e500000,0x0000007a3e600000) (1024K)]
  0x000002569afdf060 JavaThread "Worker-2"                          [_thread_blocked, id=15424, stack(0x0000007a3e600000,0x0000007a3e700000) (1024K)]
  0x000002569afe3890 JavaThread "Worker-3"                          [_thread_blocked, id=27392, stack(0x0000007a3e700000,0x0000007a3e800000) (1024K)]
  0x000002569afe3f20 JavaThread "ForkJoinPool.commonPool-worker-1" daemon [_thread_blocked, id=22860, stack(0x0000007a3e800000,0x0000007a3e900000) (1024K)]
  0x000002569afe2b70 JavaThread "ForkJoinPool.commonPool-worker-2" daemon [_thread_blocked, id=23464, stack(0x0000007a3e900000,0x0000007a3ea00000) (1024K)]
  0x000002569afe5960 JavaThread "ForkJoinPool.commonPool-worker-3" daemon [_thread_blocked, id=12764, stack(0x0000007a3ea00000,0x0000007a3eb00000) (1024K)]
  0x000002569afe45b0 JavaThread "ForkJoinPool.commonPool-worker-4" daemon [_thread_blocked, id=23064, stack(0x0000007a3eb00000,0x0000007a3ec00000) (1024K)]
  0x000002569afe6680 JavaThread "ForkJoinPool.commonPool-worker-5" daemon [_thread_blocked, id=16128, stack(0x0000007a3ec00000,0x0000007a3ed00000) (1024K)]
  0x000002569afe3200 JavaThread "ForkJoinPool.commonPool-worker-6" daemon [_thread_blocked, id=14428, stack(0x0000007a3ed00000,0x0000007a3ee00000) (1024K)]
  0x000002569a5d67b0 JavaThread "pool-3-thread-1"                   [_thread_blocked, id=14664, stack(0x0000007a3c100000,0x0000007a3c200000) (1024K)]
  0x000002569b04e720 JavaThread "C2 CompilerThread1"         daemon [_thread_in_native, id=27848, stack(0x0000007a3d200000,0x0000007a3d300000) (1024K)]
  0x000002569a5d5400 JavaThread "ForkJoinPool-3-worker-1"    daemon [_thread_in_Java, id=1128, stack(0x0000007a3d300000,0x0000007a3d400000) (1024K)]
Total: 46

Other Threads:
  0x000002563c0aea70 VMThread "VM Thread"                           [id=13224, stack(0x0000007a3b500000,0x0000007a3b600000) (1024K)]
  0x000002563be7ca00 WatcherThread "VM Periodic Task Thread"        [id=29660, stack(0x0000007a3b400000,0x0000007a3b500000) (1024K)]
  0x000002563c00c580 WorkerThread "GC Thread#0"                     [id=11732, stack(0x0000007a3b300000,0x0000007a3b400000) (1024K)]
  0x000002569a3fdc20 WorkerThread "GC Thread#1"                     [id=20576, stack(0x0000007a3c200000,0x0000007a3c300000) (1024K)]
  0x000002569a6b2450 WorkerThread "GC Thread#2"                     [id=17636, stack(0x0000007a3c300000,0x0000007a3c400000) (1024K)]
  0x000002569a6b27f0 WorkerThread "GC Thread#3"                     [id=15020, stack(0x0000007a3c400000,0x0000007a3c500000) (1024K)]
  0x000002569a2c4690 WorkerThread "GC Thread#4"                     [id=1960, stack(0x0000007a3c500000,0x0000007a3c600000) (1024K)]
  0x000002569a2c4e30 WorkerThread "GC Thread#5"                     [id=28660, stack(0x0000007a3c600000,0x0000007a3c700000) (1024K)]
  0x000002569a4ce1a0 WorkerThread "GC Thread#6"                     [id=26576, stack(0x0000007a3c700000,0x0000007a3c800000) (1024K)]
  0x000002569a90eba0 WorkerThread "GC Thread#7"                     [id=23140, stack(0x0000007a3cb00000,0x0000007a3cc00000) (1024K)]
  0x000002569a97ef20 WorkerThread "GC Thread#8"                     [id=22964, stack(0x0000007a3ce00000,0x0000007a3cf00000) (1024K)]
  0x000002569a974450 WorkerThread "GC Thread#9"                     [id=4824, stack(0x0000007a3cf00000,0x0000007a3d000000) (1024K)]
Total: 12

Threads with active compile tasks:
C2 CompilerThread0  39411 6679       4       java.io.DataOutputStream::writeUTF (389 bytes)
C1 CompilerThread0  39412 6690       3       java.lang.invoke.MethodType::makeImpl (109 bytes)
C2 CompilerThread1  39412 6682       4       org.eclipse.core.internal.dtree.DataTreeWriter::writeNumber (47 bytes)
Total: 3

VM state: not at safepoint (normal execution)

VM Mutex/Monitor currently owned by a thread: None

Heap address: 0x0000000080000000, size: 2048 MB, Compressed Oops mode: 32-bit

CDS archive(s) mapped at: [0x0000025653000000-0x0000025653ba0000-0x0000025653ba0000), size 12189696, SharedBaseAddress: 0x0000025653000000, ArchiveRelocationMode: 1.
Compressed class space mapped at: 0x0000025654000000-0x0000025694000000, reserved size: 1073741824
Narrow klass base: 0x0000025653000000, Narrow klass shift: 0, Narrow klass range: 0x100000000

GC Precious Log:
 CardTable entry size: 512
 CPUs: 12 total, 12 available
 Memory: 15790M
 Large Page Support: Disabled
 NUMA Support: Disabled
 Compressed Oops: Enabled (32-bit)
 Alignments: Space 512K, Generation 512K, Heap 2M
 Heap Min Capacity: 100M
 Heap Initial Capacity: 100M
 Heap Max Capacity: 2G
 Pre-touch: Disabled
 Parallel Workers: 10

Heap:
 PSYoungGen      total 24064K, used 3474K [0x00000000d5580000, 0x00000000d7000000, 0x0000000100000000)
  eden space 22016K, 7% used [0x00000000d5580000,0x00000000d571edb8,0x00000000d6b00000)
  from space 2048K, 88% used [0x00000000d6e00000,0x00000000d6fc5ad8,0x00000000d7000000)
  to   space 2560K, 0% used [0x00000000d6b00000,0x00000000d6b00000,0x00000000d6d80000)
 ParOldGen       total 68608K, used 44778K [0x0000000080000000, 0x0000000084300000, 0x00000000d5580000)
  object space 68608K, 65% used [0x0000000080000000,0x0000000082bbaa58,0x0000000084300000)
 Metaspace       used 43447K, committed 44544K, reserved 1114112K
  class space    used 4274K, committed 4736K, reserved 1048576K

Card table byte_map: [0x000002563b990000,0x000002563bda0000] _byte_map_base: 0x000002563b590000

Marking Bits: (ParMarkBitMap*) 0x00007ffee6b831f0
 Begin Bits: [0x000002564e490000, 0x0000025650490000)
 End Bits:   [0x0000025650490000, 0x0000025652490000)

Polling page: 0x0000025639d90000

Metaspace:

Usage:
  Non-class:     38.26 MB used.
      Class:      4.17 MB used.
       Both:     42.43 MB used.

Virtual space:
  Non-class space:       64.00 MB reserved,      38.88 MB ( 61%) committed,  1 nodes.
      Class space:        1.00 GB reserved,       4.62 MB ( <1%) committed,  1 nodes.
             Both:        1.06 GB reserved,      43.50 MB (  4%) committed. 

Chunk freelists:
   Non-Class:  9.17 MB
       Class:  11.42 MB
        Both:  20.59 MB

MaxMetaspaceSize: unlimited
CompressedClassSpaceSize: 1.00 GB
Initial GC threshold: 21.00 MB
Current GC threshold: 58.38 MB
CDS: on
 - commit_granule_bytes: 65536.
 - commit_granule_words: 8192.
 - virtual_space_node_default_size: 8388608.
 - enlarge_chunks_in_place: 1.
 - use_allocation_guard: 0.


Internal statistics:

num_allocs_failed_limit: 6.
num_arena_births: 1132.
num_arena_deaths: 216.
num_vsnodes_births: 2.
num_vsnodes_deaths: 0.
num_space_committed: 696.
num_space_uncommitted: 0.
num_chunks_returned_to_freelist: 310.
num_chunks_taken_from_freelist: 3233.
num_chunk_merges: 113.
num_chunk_splits: 1893.
num_chunks_enlarged: 1050.
num_inconsistent_stats: 0.

CodeHeap 'non-profiled nmethods': size=120000Kb used=4107Kb max_used=4107Kb free=115893Kb
 bounds [0x0000025646cb0000, 0x00000256470c0000, 0x000002564e1e0000]
CodeHeap 'profiled nmethods': size=120000Kb used=14236Kb max_used=14236Kb free=105763Kb
 bounds [0x000002563f1e0000, 0x000002563ffd0000, 0x0000025646710000]
CodeHeap 'non-nmethods': size=5760Kb used=1409Kb max_used=1468Kb free=4350Kb
 bounds [0x0000025646710000, 0x0000025646980000, 0x0000025646cb0000]
 total_blobs=6972 nmethods=6255 adapters=623
 compilation: enabled
              stopped_count=0, restarted_count=0
 full_count=0

Compilation events (20 events):
Event: 39.354 Thread 0x00000256958af380 6677       3       org.eclipse.core.internal.resources.ResourceInfo::writeTo (41 bytes)
Event: 39.354 Thread 0x000002569b04e720 nmethod 6668 0x00000256470aca10 code [0x00000256470acba0, 0x00000256470accd0]
Event: 39.354 Thread 0x00000256958af380 nmethod 6677 0x000002563ffc1810 code [0x000002563ffc1a00, 0x000002563ffc1f40]
Event: 39.354 Thread 0x000002569b04e720 6678       4       java.io.OutputStream::write (34 bytes)
Event: 39.355 Thread 0x0000025695888ac0 nmethod 6658 0x00000256470ace10 code [0x00000256470ad020, 0x00000256470ad590]
Event: 39.355 Thread 0x0000025695888ac0 6662   !   4       org.eclipse.core.internal.localstore.SafeFileOutputStream::write (20 bytes)
Event: 39.367 Thread 0x0000025695888ac0 nmethod 6662 0x00000256470adb10 code [0x00000256470add40, 0x00000256470ae3a0]
Event: 39.367 Thread 0x0000025695888ac0 6679       4       java.io.DataOutputStream::writeUTF (389 bytes)
Event: 39.369 Thread 0x00000256958af380 6683       1       org.eclipse.core.internal.dtree.AbstractDataTree::isImmutable (5 bytes)
Event: 39.369 Thread 0x00000256958af380 nmethod 6683 0x00000256470aea10 code [0x00000256470aeba0, 0x00000256470aec70]
Event: 39.370 Thread 0x00000256958af380 6684       3       org.eclipse.core.runtime.Path::toOSString (224 bytes)
Event: 39.371 Thread 0x000002569b04e720 nmethod 6678 0x00000256470aed10 code [0x00000256470aef40, 0x00000256470af9b8]
Event: 39.371 Thread 0x00000256958af380 nmethod 6684 0x000002563ffc2090 code [0x000002563ffc2300, 0x000002563ffc2d10]
Event: 39.371 Thread 0x000002569b04e720 6680       4       org.eclipse.core.runtime.Path::equals (127 bytes)
Event: 39.374 Thread 0x000002569b04e720 nmethod 6680 0x00000256470b0290 code [0x00000256470b0440, 0x00000256470b06f0]
Event: 39.374 Thread 0x000002569b04e720 6661       4       java.io.BufferedOutputStream::implWrite (40 bytes)
Event: 39.376 Thread 0x000002569b04e720 nmethod 6661 0x00000256470b0890 code [0x00000256470b0a40, 0x00000256470b0c30]
Event: 39.376 Thread 0x000002569b04e720 6681       4       java.io.DataOutputStream::writeByte (14 bytes)
Event: 39.378 Thread 0x00000256958af380 6685   !   3       java.lang.invoke.DirectMethodHandle::makePreparedLambdaForm (756 bytes)
Event: 39.381 Thread 0x00000256958af380 nmethod 6685 0x000002563ffc3190 code [0x000002563ffc36a0, 0x000002563ffc6280]

GC Heap History (20 events):
Event: 4.697 GC heap before
{Heap before GC invocations=17 (full 1):
 PSYoungGen      total 25088K, used 24580K [0x00000000d5580000, 0x00000000d7380000, 0x0000000100000000)
  eden space 22016K, 100% used [0x00000000d5580000,0x00000000d6b00000,0x00000000d6b00000)
  from space 3072K, 83% used [0x00000000d6f00000,0x00000000d7181000,0x00000000d7200000)
  to   space 1536K, 0% used [0x00000000d7200000,0x00000000d7200000,0x00000000d7380000)
 ParOldGen       total 68608K, used 36499K [0x0000000080000000, 0x0000000084300000, 0x00000000d5580000)
  object space 68608K, 53% used [0x0000000080000000,0x00000000823a4c30,0x0000000084300000)
 Metaspace       used 32463K, committed 33472K, reserved 1114112K
  class space    used 3232K, committed 3712K, reserved 1048576K
}
Event: 4.701 GC heap after
{Heap after GC invocations=17 (full 1):
 PSYoungGen      total 23552K, used 1504K [0x00000000d5580000, 0x00000000d7600000, 0x0000000100000000)
  eden space 22016K, 0% used [0x00000000d5580000,0x00000000d5580000,0x00000000d6b00000)
  from space 1536K, 97% used [0x00000000d7200000,0x00000000d7378010,0x00000000d7380000)
  to   space 5632K, 0% used [0x00000000d6b00000,0x00000000d6b00000,0x00000000d7080000)
 ParOldGen       total 68608K, used 39915K [0x0000000080000000, 0x0000000084300000, 0x00000000d5580000)
  object space 68608K, 58% used [0x0000000080000000,0x00000000826faca8,0x0000000084300000)
 Metaspace       used 32463K, committed 33472K, reserved 1114112K
  class space    used 3232K, committed 3712K, reserved 1048576K
}
Event: 4.796 GC heap before
{Heap before GC invocations=18 (full 1):
 PSYoungGen      total 23552K, used 23502K [0x00000000d5580000, 0x00000000d7600000, 0x0000000100000000)
  eden space 22016K, 99% used [0x00000000d5580000,0x00000000d6afb9c8,0x00000000d6b00000)
  from space 1536K, 97% used [0x00000000d7200000,0x00000000d7378010,0x00000000d7380000)
  to   space 5632K, 0% used [0x00000000d6b00000,0x00000000d6b00000,0x00000000d7080000)
 ParOldGen       total 68608K, used 39915K [0x0000000080000000, 0x0000000084300000, 0x00000000d5580000)
  object space 68608K, 58% used [0x0000000080000000,0x00000000826faca8,0x0000000084300000)
 Metaspace       used 32780K, committed 33792K, reserved 1114112K
  class space    used 3265K, committed 3712K, reserved 1048576K
}
Event: 4.800 GC heap after
{Heap after GC invocations=18 (full 1):
 PSYoungGen      total 24576K, used 2107K [0x00000000d5580000, 0x00000000d7280000, 0x0000000100000000)
  eden space 22016K, 0% used [0x00000000d5580000,0x00000000d5580000,0x00000000d6b00000)
  from space 2560K, 82% used [0x00000000d6b00000,0x00000000d6d0ecb8,0x00000000d6d80000)
  to   space 3584K, 0% used [0x00000000d6f00000,0x00000000d6f00000,0x00000000d7280000)
 ParOldGen       total 68608K, used 41435K [0x0000000080000000, 0x0000000084300000, 0x00000000d5580000)
  object space 68608K, 60% used [0x0000000080000000,0x0000000082876cb8,0x0000000084300000)
 Metaspace       used 32780K, committed 33792K, reserved 1114112K
  class space    used 3265K, committed 3712K, reserved 1048576K
}
Event: 5.032 GC heap before
{Heap before GC invocations=19 (full 1):
 PSYoungGen      total 24576K, used 18113K [0x00000000d5580000, 0x00000000d7280000, 0x0000000100000000)
  eden space 22016K, 72% used [0x00000000d5580000,0x00000000d6521a08,0x00000000d6b00000)
  from space 2560K, 82% used [0x00000000d6b00000,0x00000000d6d0ecb8,0x00000000d6d80000)
  to   space 3584K, 0% used [0x00000000d6f00000,0x00000000d6f00000,0x00000000d7280000)
 ParOldGen       total 68608K, used 41435K [0x0000000080000000, 0x0000000084300000, 0x00000000d5580000)
  object space 68608K, 60% used [0x0000000080000000,0x0000000082876cb8,0x0000000084300000)
 Metaspace       used 34753K, committed 35840K, reserved 1114112K
  class space    used 3474K, committed 3968K, reserved 1048576K
}
Event: 5.035 GC heap after
{Heap after GC invocations=19 (full 1):
 PSYoungGen      total 23552K, used 1140K [0x00000000d5580000, 0x00000000d7080000, 0x0000000100000000)
  eden space 22016K, 0% used [0x00000000d5580000,0x00000000d5580000,0x00000000d6b00000)
  from space 1536K, 74% used [0x00000000d6f00000,0x00000000d701d3c8,0x00000000d7080000)
  to   space 2048K, 0% used [0x00000000d6c80000,0x00000000d6c80000,0x00000000d6e80000)
 ParOldGen       total 68608K, used 43360K [0x0000000080000000, 0x0000000084300000, 0x00000000d5580000)
  object space 68608K, 63% used [0x0000000080000000,0x0000000082a58210,0x0000000084300000)
 Metaspace       used 34753K, committed 35840K, reserved 1114112K
  class space    used 3474K, committed 3968K, reserved 1048576K
}
Event: 5.035 GC heap before
{Heap before GC invocations=20 (full 2):
 PSYoungGen      total 23552K, used 1140K [0x00000000d5580000, 0x00000000d7080000, 0x0000000100000000)
  eden space 22016K, 0% used [0x00000000d5580000,0x00000000d5580000,0x00000000d6b00000)
  from space 1536K, 74% used [0x00000000d6f00000,0x00000000d701d3c8,0x00000000d7080000)
  to   space 2048K, 0% used [0x00000000d6c80000,0x00000000d6c80000,0x00000000d6e80000)
 ParOldGen       total 68608K, used 43360K [0x0000000080000000, 0x0000000084300000, 0x00000000d5580000)
  object space 68608K, 63% used [0x0000000080000000,0x0000000082a58210,0x0000000084300000)
 Metaspace       used 34753K, committed 35840K, reserved 1114112K
  class space    used 3474K, committed 3968K, reserved 1048576K
}
Event: 5.076 GC heap after
{Heap after GC invocations=20 (full 2):
 PSYoungGen      total 23552K, used 0K [0x00000000d5580000, 0x00000000d7080000, 0x0000000100000000)
  eden space 22016K, 0% used [0x00000000d5580000,0x00000000d5580000,0x00000000d6b00000)
  from space 1536K, 0% used [0x00000000d6f00000,0x00000000d6f00000,0x00000000d7080000)
  to   space 2048K, 0% used [0x00000000d6c80000,0x00000000d6c80000,0x00000000d6e80000)
 ParOldGen       total 68608K, used 41428K [0x0000000080000000, 0x0000000084300000, 0x00000000d5580000)
  object space 68608K, 60% used [0x0000000080000000,0x0000000082875038,0x0000000084300000)
 Metaspace       used 34576K, committed 35840K, reserved 1114112K
  class space    used 3424K, committed 3968K, reserved 1048576K
}
Event: 5.160 GC heap before
{Heap before GC invocations=21 (full 2):
 PSYoungGen      total 23552K, used 22016K [0x00000000d5580000, 0x00000000d7080000, 0x0000000100000000)
  eden space 22016K, 100% used [0x00000000d5580000,0x00000000d6b00000,0x00000000d6b00000)
  from space 1536K, 0% used [0x00000000d6f00000,0x00000000d6f00000,0x00000000d7080000)
  to   space 2048K, 0% used [0x00000000d6c80000,0x00000000d6c80000,0x00000000d6e80000)
 ParOldGen       total 68608K, used 41428K [0x0000000080000000, 0x0000000084300000, 0x00000000d5580000)
  object space 68608K, 60% used [0x0000000080000000,0x0000000082875038,0x0000000084300000)
 Metaspace       used 34882K, committed 36032K, reserved 1114112K
  class space    used 3446K, committed 3968K, reserved 1048576K
}
Event: 5.161 GC heap after
{Heap after GC invocations=21 (full 2):
 PSYoungGen      total 23552K, used 1314K [0x00000000d5580000, 0x00000000d6f80000, 0x0000000100000000)
  eden space 22016K, 0% used [0x00000000d5580000,0x00000000d5580000,0x00000000d6b00000)
  from space 1536K, 85% used [0x00000000d6c80000,0x00000000d6dc8b70,0x00000000d6e00000)
  to   space 1536K, 0% used [0x00000000d6e00000,0x00000000d6e00000,0x00000000d6f80000)
 ParOldGen       total 68608K, used 41436K [0x0000000080000000, 0x0000000084300000, 0x00000000d5580000)
  object space 68608K, 60% used [0x0000000080000000,0x0000000082877038,0x0000000084300000)
 Metaspace       used 34882K, committed 36032K, reserved 1114112K
  class space    used 3446K, committed 3968K, reserved 1048576K
}
Event: 5.303 GC heap before
{Heap before GC invocations=22 (full 2):
 PSYoungGen      total 23552K, used 23270K [0x00000000d5580000, 0x00000000d6f80000, 0x0000000100000000)
  eden space 22016K, 99% used [0x00000000d5580000,0x00000000d6af0e70,0x00000000d6b00000)
  from space 1536K, 85% used [0x00000000d6c80000,0x00000000d6dc8b70,0x00000000d6e00000)
  to   space 1536K, 0% used [0x00000000d6e00000,0x00000000d6e00000,0x00000000d6f80000)
 ParOldGen       total 68608K, used 41436K [0x0000000080000000, 0x0000000084300000, 0x00000000d5580000)
  object space 68608K, 60% used [0x0000000080000000,0x0000000082877038,0x0000000084300000)
 Metaspace       used 36168K, committed 37184K, reserved 1114112K
  class space    used 3576K, committed 4032K, reserved 1048576K
}
Event: 5.305 GC heap after
{Heap after GC invocations=22 (full 2):
 PSYoungGen      total 22528K, used 320K [0x00000000d5580000, 0x00000000d6e80000, 0x0000000100000000)
  eden space 22016K, 0% used [0x00000000d5580000,0x00000000d5580000,0x00000000d6b00000)
  from space 512K, 62% used [0x00000000d6e00000,0x00000000d6e50000,0x00000000d6e80000)
  to   space 1024K, 0% used [0x00000000d6c80000,0x00000000d6c80000,0x00000000d6d80000)
 ParOldGen       total 68608K, used 41500K [0x0000000080000000, 0x0000000084300000, 0x00000000d5580000)
  object space 68608K, 60% used [0x0000000080000000,0x0000000082887038,0x0000000084300000)
 Metaspace       used 36168K, committed 37184K, reserved 1114112K
  class space    used 3576K, committed 4032K, reserved 1048576K
}
Event: 5.632 GC heap before
{Heap before GC invocations=23 (full 2):
 PSYoungGen      total 22528K, used 22336K [0x00000000d5580000, 0x00000000d6e80000, 0x0000000100000000)
  eden space 22016K, 100% used [0x00000000d5580000,0x00000000d6b00000,0x00000000d6b00000)
  from space 512K, 62% used [0x00000000d6e00000,0x00000000d6e50000,0x00000000d6e80000)
  to   space 1024K, 0% used [0x00000000d6c80000,0x00000000d6c80000,0x00000000d6d80000)
 ParOldGen       total 68608K, used 41500K [0x0000000080000000, 0x0000000084300000, 0x00000000d5580000)
  object space 68608K, 60% used [0x0000000080000000,0x0000000082887038,0x0000000084300000)
 Metaspace       used 37084K, committed 38016K, reserved 1114112K
  class space    used 3691K, committed 4096K, reserved 1048576K
}
Event: 5.633 GC heap after
{Heap after GC invocations=23 (full 2):
 PSYoungGen      total 23040K, used 384K [0x00000000d5580000, 0x00000000d6e80000, 0x0000000100000000)
  eden space 22016K, 0% used [0x00000000d5580000,0x00000000d5580000,0x00000000d6b00000)
  from space 1024K, 37% used [0x00000000d6c80000,0x00000000d6ce0000,0x00000000d6d80000)
  to   space 512K, 0% used [0x00000000d6e00000,0x00000000d6e00000,0x00000000d6e80000)
 ParOldGen       total 68608K, used 41644K [0x0000000080000000, 0x0000000084300000, 0x00000000d5580000)
  object space 68608K, 60% used [0x0000000080000000,0x00000000828ab038,0x0000000084300000)
 Metaspace       used 37084K, committed 38016K, reserved 1114112K
  class space    used 3691K, committed 4096K, reserved 1048576K
}
Event: 5.925 GC heap before
{Heap before GC invocations=24 (full 2):
 PSYoungGen      total 23040K, used 22400K [0x00000000d5580000, 0x00000000d6e80000, 0x0000000100000000)
  eden space 22016K, 100% used [0x00000000d5580000,0x00000000d6b00000,0x00000000d6b00000)
  from space 1024K, 37% used [0x00000000d6c80000,0x00000000d6ce0000,0x00000000d6d80000)
  to   space 512K, 0% used [0x00000000d6e00000,0x00000000d6e00000,0x00000000d6e80000)
 ParOldGen       total 68608K, used 41644K [0x0000000080000000, 0x0000000084300000, 0x00000000d5580000)
  object space 68608K, 60% used [0x0000000080000000,0x00000000828ab038,0x0000000084300000)
 Metaspace       used 39040K, committed 40000K, reserved 1114112K
  class space    used 3879K, committed 4288K, reserved 1048576K
}
Event: 5.927 GC heap after
{Heap after GC invocations=24 (full 2):
 PSYoungGen      total 22528K, used 512K [0x00000000d5580000, 0x00000000d6e80000, 0x0000000100000000)
  eden space 22016K, 0% used [0x00000000d5580000,0x00000000d5580000,0x00000000d6b00000)
  from space 512K, 100% used [0x00000000d6e00000,0x00000000d6e80000,0x00000000d6e80000)
  to   space 1536K, 0% used [0x00000000d6b80000,0x00000000d6b80000,0x00000000d6d00000)
 ParOldGen       total 68608K, used 42228K [0x0000000080000000, 0x0000000084300000, 0x00000000d5580000)
  object space 68608K, 61% used [0x0000000080000000,0x000000008293d088,0x0000000084300000)
 Metaspace       used 39040K, committed 40000K, reserved 1114112K
  class space    used 3879K, committed 4288K, reserved 1048576K
}
Event: 6.711 GC heap before
{Heap before GC invocations=25 (full 2):
 PSYoungGen      total 22528K, used 22528K [0x00000000d5580000, 0x00000000d6e80000, 0x0000000100000000)
  eden space 22016K, 100% used [0x00000000d5580000,0x00000000d6b00000,0x00000000d6b00000)
  from space 512K, 100% used [0x00000000d6e00000,0x00000000d6e80000,0x00000000d6e80000)
  to   space 1536K, 0% used [0x00000000d6b80000,0x00000000d6b80000,0x00000000d6d00000)
 ParOldGen       total 68608K, used 42228K [0x0000000080000000, 0x0000000084300000, 0x00000000d5580000)
  object space 68608K, 61% used [0x0000000080000000,0x000000008293d088,0x0000000084300000)
 Metaspace       used 41165K, committed 42176K, reserved 1114112K
  class space    used 4079K, committed 4544K, reserved 1048576K
}
Event: 6.713 GC heap after
{Heap after GC invocations=25 (full 2):
 PSYoungGen      total 23552K, used 1531K [0x00000000d5580000, 0x00000000d7100000, 0x0000000100000000)
  eden space 22016K, 0% used [0x00000000d5580000,0x00000000d5580000,0x00000000d6b00000)
  from space 1536K, 99% used [0x00000000d6b80000,0x00000000d6cfef20,0x00000000d6d00000)
  to   space 3072K, 0% used [0x00000000d6e00000,0x00000000d6e00000,0x00000000d7100000)
 ParOldGen       total 68608K, used 43327K [0x0000000080000000, 0x0000000084300000, 0x00000000d5580000)
  object space 68608K, 63% used [0x0000000080000000,0x0000000082a4ff70,0x0000000084300000)
 Metaspace       used 41165K, committed 42176K, reserved 1114112K
  class space    used 4079K, committed 4544K, reserved 1048576K
}
Event: 39.298 GC heap before
{Heap before GC invocations=26 (full 2):
 PSYoungGen      total 23552K, used 23547K [0x00000000d5580000, 0x00000000d7100000, 0x0000000100000000)
  eden space 22016K, 100% used [0x00000000d5580000,0x00000000d6b00000,0x00000000d6b00000)
  from space 1536K, 99% used [0x00000000d6b80000,0x00000000d6cfef20,0x00000000d6d00000)
  to   space 3072K, 0% used [0x00000000d6e00000,0x00000000d6e00000,0x00000000d7100000)
 ParOldGen       total 68608K, used 43327K [0x0000000080000000, 0x0000000084300000, 0x00000000d5580000)
  object space 68608K, 63% used [0x0000000080000000,0x0000000082a4ff70,0x0000000084300000)
 Metaspace       used 43272K, committed 44416K, reserved 1114112K
  class space    used 4249K, committed 4736K, reserved 1048576K
}
Event: 39.302 GC heap after
{Heap after GC invocations=26 (full 2):
 PSYoungGen      total 24064K, used 1814K [0x00000000d5580000, 0x00000000d7000000, 0x0000000100000000)
  eden space 22016K, 0% used [0x00000000d5580000,0x00000000d5580000,0x00000000d6b00000)
  from space 2048K, 88% used [0x00000000d6e00000,0x00000000d6fc5ad8,0x00000000d7000000)
  to   space 2560K, 0% used [0x00000000d6b00000,0x00000000d6b00000,0x00000000d6d80000)
 ParOldGen       total 68608K, used 44778K [0x0000000080000000, 0x0000000084300000, 0x00000000d5580000)
  object space 68608K, 65% used [0x0000000080000000,0x0000000082bbaa58,0x0000000084300000)
 Metaspace       used 43272K, committed 44416K, reserved 1114112K
  class space    used 4249K, committed 4736K, reserved 1048576K
}

Dll operation events (10 events):
Event: 0.012 Loaded shared library c:\Users\sasad\.vscode\extensions\redhat.java-1.43.1-win32-x64\jre\21.0.7-win32-x86_64\bin\java.dll
Event: 0.099 Loaded shared library c:\Users\sasad\.vscode\extensions\redhat.java-1.43.1-win32-x64\jre\21.0.7-win32-x86_64\bin\zip.dll
Event: 0.126 Loaded shared library C:\Users\sasad\.vscode\extensions\redhat.java-1.43.1-win32-x64\jre\21.0.7-win32-x86_64\bin\instrument.dll
Event: 0.131 Loaded shared library C:\Users\sasad\.vscode\extensions\redhat.java-1.43.1-win32-x64\jre\21.0.7-win32-x86_64\bin\net.dll
Event: 0.134 Loaded shared library C:\Users\sasad\.vscode\extensions\redhat.java-1.43.1-win32-x64\jre\21.0.7-win32-x86_64\bin\nio.dll
Event: 0.138 Loaded shared library C:\Users\sasad\.vscode\extensions\redhat.java-1.43.1-win32-x64\jre\21.0.7-win32-x86_64\bin\zip.dll
Event: 0.163 Loaded shared library C:\Users\sasad\.vscode\extensions\redhat.java-1.43.1-win32-x64\jre\21.0.7-win32-x86_64\bin\jimage.dll
Event: 0.284 Loaded shared library c:\Users\sasad\.vscode\extensions\redhat.java-1.43.1-win32-x64\jre\21.0.7-win32-x86_64\bin\verify.dll
Event: 1.499 Loaded shared library C:\Users\sasad\AppData\Roaming\Code\User\globalStorage\redhat.java\1.43.1\config_ss_win\org.eclipse.equinox.launcher\org.eclipse.equinox.launcher.win32.win32.x86_64_1.2.1300.v20250331-1702\eclipse_11911.dll
Event: 2.559 Loaded shared library C:\Users\sasad\AppData\Local\Temp\jna-109208264\jna11606405367450788876.dll

Deoptimization events (20 events):
Event: 39.343 Thread 0x000002569ab8f700 Uncommon trap: trap_request=0xffffffde fr.pc=0x0000025646d510b4 relative=0x0000000000000674
Event: 39.343 Thread 0x000002569ab8f700 Uncommon trap: reason=class_check action=maybe_recompile pc=0x0000025646d510b4 method=java.util.HashMap.computeIfAbsent(Ljava/lang/Object;Ljava/util/function/Function;)Ljava/lang/Object; @ 188 c2
Event: 39.343 Thread 0x000002569ab8f700 DEOPT PACKING pc=0x0000025646d510b4 sp=0x0000007a3d1fecf0
Event: 39.343 Thread 0x000002569ab8f700 DEOPT UNPACKING pc=0x0000025646763aa2 sp=0x0000007a3d1fec98 mode 2
Event: 39.347 Thread 0x000002569ab8f700 Uncommon trap: trap_request=0xffffff45 fr.pc=0x00000256470ac5b8 relative=0x0000000000000098
Event: 39.347 Thread 0x000002569ab8f700 Uncommon trap: reason=unstable_if action=reinterpret pc=0x00000256470ac5b8 method=java.io.BufferedOutputStream.growIfNeeded(I)V @ 24 c2
Event: 39.347 Thread 0x000002569ab8f700 DEOPT PACKING pc=0x00000256470ac5b8 sp=0x0000007a3d1fe1d0
Event: 39.347 Thread 0x000002569ab8f700 DEOPT UNPACKING pc=0x0000025646763aa2 sp=0x0000007a3d1fe140 mode 2
Event: 39.378 Thread 0x000002569ab8f700 Uncommon trap: trap_request=0xffffff45 fr.pc=0x0000025646d31b54 relative=0x0000000000001274
Event: 39.378 Thread 0x000002569ab8f700 Uncommon trap: reason=unstable_if action=reinterpret pc=0x0000025646d31b54 method=jdk.internal.org.objectweb.asm.Frame.push(I)V @ 26 c2
Event: 39.378 Thread 0x000002569ab8f700 DEOPT PACKING pc=0x0000025646d31b54 sp=0x0000007a3d1fd3c0
Event: 39.378 Thread 0x000002569ab8f700 DEOPT UNPACKING pc=0x0000025646763aa2 sp=0x0000007a3d1fd2a8 mode 2
Event: 39.379 Thread 0x000002569ab8f700 Uncommon trap: trap_request=0xffffff45 fr.pc=0x0000025646ef55f4 relative=0x0000000000005a34
Event: 39.379 Thread 0x000002569ab8f700 Uncommon trap: reason=unstable_if action=reinterpret pc=0x0000025646ef55f4 method=java.lang.invoke.MethodType.genericMethodType(IZ)Ljava/lang/invoke/MethodType; @ 27 c2
Event: 39.379 Thread 0x000002569ab8f700 DEOPT PACKING pc=0x0000025646ef55f4 sp=0x0000007a3d1fd8d0
Event: 39.379 Thread 0x000002569ab8f700 DEOPT UNPACKING pc=0x0000025646763aa2 sp=0x0000007a3d1fd6f0 mode 2
Event: 39.380 Thread 0x000002569ab8f700 Uncommon trap: trap_request=0xffffff45 fr.pc=0x0000025646e460c0 relative=0x00000000000001a0
Event: 39.380 Thread 0x000002569ab8f700 Uncommon trap: reason=unstable_if action=reinterpret pc=0x0000025646e460c0 method=jdk.internal.org.objectweb.asm.Frame.push(I)V @ 26 c2
Event: 39.380 Thread 0x000002569ab8f700 DEOPT PACKING pc=0x0000025646e460c0 sp=0x0000007a3d1fd450
Event: 39.380 Thread 0x000002569ab8f700 DEOPT UNPACKING pc=0x0000025646763aa2 sp=0x0000007a3d1fd3e8 mode 2

Classes loaded (20 events):
Event: 6.909 Loading class java/util/concurrent/ConcurrentHashMap$TreeBin
Event: 6.910 Loading class java/util/concurrent/ConcurrentHashMap$TreeBin done
Event: 39.296 Loading class java/util/concurrent/Executors$DelegatedScheduledExecutorService
Event: 39.297 Loading class java/util/concurrent/Executors$DelegatedExecutorService
Event: 39.297 Loading class java/util/concurrent/Executors$DelegatedExecutorService done
Event: 39.297 Loading class java/util/concurrent/Executors$DelegatedScheduledExecutorService done
Event: 39.312 Loading class java/util/concurrent/ConcurrentHashMap$EntrySpliterator
Event: 39.312 Loading class java/util/concurrent/ConcurrentHashMap$EntrySpliterator done
Event: 39.321 Loading class java/util/concurrent/ForkJoinTask$AdaptedCallable
Event: 39.321 Loading class java/util/concurrent/ForkJoinTask$AdaptedCallable done
Event: 39.325 Loading class java/util/stream/Nodes$CollectorTask$OfRef
Event: 39.325 Loading class java/util/stream/Nodes$CollectorTask
Event: 39.326 Loading class java/util/stream/Nodes$CollectorTask done
Event: 39.326 Loading class java/util/stream/Nodes$CollectorTask$OfRef done
Event: 39.326 Loading class java/util/function/LongFunction
Event: 39.326 Loading class java/util/function/LongFunction done
Event: 39.327 Loading class java/util/stream/Nodes$ConcNode
Event: 39.327 Loading class java/util/stream/Nodes$AbstractConcNode
Event: 39.327 Loading class java/util/stream/Nodes$AbstractConcNode done
Event: 39.327 Loading class java/util/stream/Nodes$ConcNode done

Classes unloaded (20 events):
Event: 5.045 Thread 0x000002563c0aea70 Unloading class 0x0000025654369400 'java/lang/invoke/LambdaForm$MH+0x0000025654369400'
Event: 5.045 Thread 0x000002563c0aea70 Unloading class 0x0000025654369c00 'java/lang/invoke/LambdaForm$MH+0x0000025654369c00'
Event: 5.045 Thread 0x000002563c0aea70 Unloading class 0x0000025654369800 'java/lang/invoke/LambdaForm$MH+0x0000025654369800'
Event: 5.045 Thread 0x000002563c0aea70 Unloading class 0x0000025654369000 'java/lang/invoke/LambdaForm$MH+0x0000025654369000'
Event: 5.045 Thread 0x000002563c0aea70 Unloading class 0x0000025654368800 'java/lang/invoke/LambdaForm$MH+0x0000025654368800'
Event: 5.045 Thread 0x000002563c0aea70 Unloading class 0x0000025654368400 'java/lang/invoke/LambdaForm$MH+0x0000025654368400'
Event: 5.045 Thread 0x000002563c0aea70 Unloading class 0x0000025654368000 'java/lang/invoke/LambdaForm$MH+0x0000025654368000'
Event: 5.045 Thread 0x000002563c0aea70 Unloading class 0x0000025654367c00 'java/lang/invoke/LambdaForm$MH+0x0000025654367c00'
Event: 5.045 Thread 0x000002563c0aea70 Unloading class 0x0000025654367800 'java/lang/invoke/LambdaForm$MH+0x0000025654367800'
Event: 5.045 Thread 0x000002563c0aea70 Unloading class 0x0000025654367400 'java/lang/invoke/LambdaForm$MH+0x0000025654367400'
Event: 5.045 Thread 0x000002563c0aea70 Unloading class 0x0000025654366800 'java/lang/invoke/LambdaForm$MH+0x0000025654366800'
Event: 5.045 Thread 0x000002563c0aea70 Unloading class 0x0000025654366c00 'java/lang/invoke/LambdaForm$MH+0x0000025654366c00'
Event: 5.045 Thread 0x000002563c0aea70 Unloading class 0x0000025654366000 'java/lang/invoke/LambdaForm$MH+0x0000025654366000'
Event: 5.045 Thread 0x000002563c0aea70 Unloading class 0x0000025654365c00 'java/lang/invoke/LambdaForm$MH+0x0000025654365c00'
Event: 5.045 Thread 0x000002563c0aea70 Unloading class 0x0000025654366400 'java/lang/invoke/LambdaForm$MH+0x0000025654366400'
Event: 5.045 Thread 0x000002563c0aea70 Unloading class 0x0000025654365800 'java/lang/invoke/LambdaForm$MH+0x0000025654365800'
Event: 5.045 Thread 0x000002563c0aea70 Unloading class 0x0000025654364c00 'java/lang/invoke/LambdaForm$DMH+0x0000025654364c00'
Event: 5.045 Thread 0x000002563c0aea70 Unloading class 0x0000025654364800 'java/lang/invoke/LambdaForm$DMH+0x0000025654364800'
Event: 5.045 Thread 0x000002563c0aea70 Unloading class 0x0000025654364400 'java/lang/invoke/LambdaForm$DMH+0x0000025654364400'
Event: 5.045 Thread 0x000002563c0aea70 Unloading class 0x0000025654364000 'java/lang/invoke/LambdaForm$DMH+0x0000025654364000'

Classes redefined (0 events):
No events

Internal exceptions (20 events):
Event: 5.920 Thread 0x000002569afe24e0 Exception <a 'java/lang/IncompatibleClassChangeError'{0x00000000d6ab12b0}: Found class java.lang.Object, but interface was expected> (0x00000000d6ab12b0) 
thrown [s\src\hotspot\share\interpreter\linkResolver.cpp, line 840]
Event: 5.924 Thread 0x000002569afe24e0 Exception <a 'java/lang/IncompatibleClassChangeError'{0x00000000d6acd5b8}: Found class java.lang.Object, but interface was expected> (0x00000000d6acd5b8) 
thrown [s\src\hotspot\share\interpreter\linkResolver.cpp, line 840]
Event: 6.324 Thread 0x000002569afdf060 Exception <a 'java/lang/NoSuchMethodError'{0x00000000d58aa360}: 'java.lang.Object java.lang.invoke.DirectMethodHandle$Holder.invokeSpecial(java.lang.Object, java.lang.Object, int, long)'> (0x00000000d58aa360) 
thrown [s\src\hotspot\share\interpreter\linkResolver.cpp, line 773]
Event: 6.336 Thread 0x000002569afe6680 Exception <a 'java/lang/ArrayIndexOutOfBoundsException'{0x00000000d5a3a080}> (0x00000000d5a3a080) 
thrown [s\src\hotspot\share\runtime\sharedRuntime.cpp, line 625]
Event: 6.356 Thread 0x000002569afe3200 Exception <a 'java/lang/NoSuchMethodError'{0x00000000d5b395b0}: 'int java.lang.invoke.Invokers$Holder.invokeExact_MT(java.lang.Object, java.lang.Object)'> (0x00000000d5b395b0) 
thrown [s\src\hotspot\share\interpreter\linkResolver.cpp, line 773]
Event: 6.390 Thread 0x000002569afe3200 Exception <a 'java/lang/NoSuchMethodError'{0x00000000d5d577e0}: 'int java.lang.invoke.DirectMethodHandle$Holder.invokeInterface(java.lang.Object, java.lang.Object)'> (0x00000000d5d577e0) 
thrown [s\src\hotspot\share\interpreter\linkResolver.cpp, line 773]
Event: 6.390 Thread 0x000002569afe3200 Exception <a 'java/lang/IncompatibleClassChangeError'{0x00000000d5d5aaa0}: Found class java.lang.Object, but interface was expected> (0x00000000d5d5aaa0) 
thrown [s\src\hotspot\share\interpreter\linkResolver.cpp, line 840]
Event: 6.444 Thread 0x000002569afe3200 Exception <a 'java/lang/NoSuchMethodError'{0x00000000d6089858}: 'int java.lang.invoke.DirectMethodHandle$Holder.invokeSpecialIFC(java.lang.Object, java.lang.Object, java.lang.Object)'> (0x00000000d6089858) 
thrown [s\src\hotspot\share\interpreter\linkResolver.cpp, line 773]
Event: 6.460 Thread 0x000002569afe3200 Exception <a 'java/io/FileNotFoundException'{0x00000000d613afc8}> (0x00000000d613afc8) 
thrown [s\src\hotspot\share\prims\jni.cpp, line 520]
Event: 6.460 Thread 0x000002569afe3200 Exception <a 'java/io/FileNotFoundException'{0x00000000d613c278}> (0x00000000d613c278) 
thrown [s\src\hotspot\share\prims\jni.cpp, line 520]
Event: 6.757 Thread 0x000002569afe3200 Exception <a 'java/lang/NoSuchMethodError'{0x00000000d57612c0}: 'void java.lang.invoke.DirectMethodHandle$Holder.invokeVirtual(java.lang.Object, java.lang.Object, java.lang.Object, java.lang.Object, java.lang.Object)'> (0x00000000d57612c0) 
thrown [s\src\hotspot\share\interpreter\linkResolver.cpp, line 773]
Event: 7.032 Thread 0x000002569afe3890 Exception <a 'java/io/FileNotFoundException'{0x00000000d6465108}> (0x00000000d6465108) 
thrown [s\src\hotspot\share\prims\jni.cpp, line 520]
Event: 7.032 Thread 0x000002569afe3890 Exception <a 'java/io/FileNotFoundException'{0x00000000d6466360}> (0x00000000d6466360) 
thrown [s\src\hotspot\share\prims\jni.cpp, line 520]
Event: 7.032 Thread 0x000002569afe3890 Exception <a 'java/io/FileNotFoundException'{0x00000000d64670d0}> (0x00000000d64670d0) 
thrown [s\src\hotspot\share\prims\jni.cpp, line 520]
Event: 7.050 Thread 0x000002569afe3890 Implicit null exception at 0x000002564706e607 to 0x000002564706fd20
Event: 14.028 Thread 0x000002569afe3200 Exception <a 'java/lang/ArrayIndexOutOfBoundsException'{0x00000000d6969c90}> (0x00000000d6969c90) 
thrown [s\src\hotspot\share\runtime\sharedRuntime.cpp, line 625]
Event: 39.294 Thread 0x000002569afe24e0 Exception <a 'java/lang/NoSuchMethodError'{0x00000000d6ad24a8}: 'void java.lang.invoke.DirectMethodHandle$Holder.invokeInterface(java.lang.Object, java.lang.Object)'> (0x00000000d6ad24a8) 
thrown [s\src\hotspot\share\interpreter\linkResolver.cpp, line 773]
Event: 39.315 Thread 0x000002569ab8f700 Implicit null exception at 0x000002564709462e to 0x0000025647095494
Event: 39.336 Thread 0x000002569ab8f700 Exception <a 'java/io/FileNotFoundException'{0x00000000d56728a0}> (0x00000000d56728a0) 
thrown [s\src\hotspot\share\prims\jni.cpp, line 520]
Event: 39.380 Thread 0x000002569ab8f700 Exception <a 'java/lang/NoSuchMethodError'{0x00000000d56f0820}: 'java.lang.Object java.lang.invoke.DirectMethodHandle$Holder.newInvokeSpecial(java.lang.Object, java.lang.Object, java.lang.Object, java.lang.Object, java.lang.Object, java.lang.Object, java.lang.Object, java.lang.Object, java.lang.Object, java.lang.Object)'> (0x00000000d56f0820) 
thrown [s\src\hotspot\share\interpreter\linkResolver.cpp, line 773]

ZGC Phase Switch (0 events):
No events

VM Operations (20 events):
Event: 6.711 Executing VM operation: ParallelGCFailedAllocation (Allocation Failure)
Event: 6.713 Executing VM operation: ParallelGCFailedAllocation (Allocation Failure) done
Event: 6.992 Executing VM operation: ICBufferFull
Event: 6.992 Executing VM operation: ICBufferFull done
Event: 7.999 Executing VM operation: Cleanup
Event: 8.000 Executing VM operation: Cleanup done
Event: 13.022 Executing VM operation: Cleanup
Event: 13.022 Executing VM operation: Cleanup done
Event: 14.032 Executing VM operation: Cleanup
Event: 14.032 Executing VM operation: Cleanup done
Event: 20.089 Executing VM operation: Cleanup
Event: 20.089 Executing VM operation: Cleanup done
Event: 24.123 Executing VM operation: Cleanup
Event: 24.123 Executing VM operation: Cleanup done
Event: 33.190 Executing VM operation: Cleanup
Event: 33.190 Executing VM operation: Cleanup done
Event: 39.298 Executing VM operation: ParallelGCFailedAllocation (Allocation Failure)
Event: 39.302 Executing VM operation: ParallelGCFailedAllocation (Allocation Failure) done
Event: 39.340 Executing VM operation: HandshakeAllThreads (Deoptimize)
Event: 39.340 Executing VM operation: HandshakeAllThreads (Deoptimize) done

Memory protections (0 events):
No events

Nmethod flushes (20 events):
Event: 5.054 Thread 0x000002563c0aea70 flushing  nmethod 0x000002563f657c90
Event: 5.054 Thread 0x000002563c0aea70 flushing  nmethod 0x000002563f658010
Event: 5.054 Thread 0x000002563c0aea70 flushing  nmethod 0x000002563f65bd90
Event: 5.054 Thread 0x000002563c0aea70 flushing  nmethod 0x000002563f65d490
Event: 5.054 Thread 0x000002563c0aea70 flushing  nmethod 0x000002563f660790
Event: 5.054 Thread 0x000002563c0aea70 flushing  nmethod 0x000002563f663090
Event: 5.054 Thread 0x000002563c0aea70 flushing  nmethod 0x000002563f664490
Event: 5.054 Thread 0x000002563c0aea70 flushing  nmethod 0x000002563f666c90
Event: 5.054 Thread 0x000002563c0aea70 flushing  nmethod 0x000002563f667c90
Event: 5.054 Thread 0x000002563c0aea70 flushing  nmethod 0x000002563f668310
Event: 5.054 Thread 0x000002563c0aea70 flushing  nmethod 0x000002563f668c90
Event: 5.054 Thread 0x000002563c0aea70 flushing  nmethod 0x000002563f66a410
Event: 5.054 Thread 0x000002563c0aea70 flushing  nmethod 0x000002563f671490
Event: 5.054 Thread 0x000002563c0aea70 flushing  nmethod 0x000002563f698510
Event: 5.054 Thread 0x000002563c0aea70 flushing  nmethod 0x000002563f69bf90
Event: 5.054 Thread 0x000002563c0aea70 flushing  nmethod 0x000002563f6cdb90
Event: 5.054 Thread 0x000002563c0aea70 flushing  nmethod 0x000002563f6cdf90
Event: 5.054 Thread 0x000002563c0aea70 flushing  nmethod 0x000002563f6dee90
Event: 5.054 Thread 0x000002563c0aea70 flushing  nmethod 0x000002563f6e8310
Event: 5.054 Thread 0x000002563c0aea70 flushing  nmethod 0x000002563f6f2190

Events (20 events):
Event: 3.891 Thread 0x000002569ab8a8d0 Thread added: 0x000002569afe3890
Event: 4.154 Thread 0x000002569afe24e0 Thread added: 0x000002569afe3f20
Event: 4.157 Thread 0x000002569afe24e0 Thread added: 0x000002569afe2b70
Event: 4.159 Thread 0x000002569afe24e0 Thread added: 0x000002569afe5960
Event: 4.161 Thread 0x000002569afe24e0 Thread added: 0x000002569afe45b0
Event: 5.922 Thread 0x000002569afe24e0 Thread added: 0x000002569afe6680
Event: 5.929 Thread 0x000002569afe24e0 Thread added: 0x000002569afe3200
Event: 6.321 Thread 0x000002569b04d2b0 Thread exited: 0x000002569b04d2b0
Event: 6.321 Thread 0x000002569b04f4c0 Thread exited: 0x000002569b04f4c0
Event: 6.371 Thread 0x00000256958af380 Thread added: 0x000002569b050930
Event: 7.637 Thread 0x000002569a7e4560 Thread exited: 0x000002569a7e4560
Event: 12.137 Thread 0x000002569b050930 Thread exited: 0x000002569b050930
Event: 12.342 Thread 0x00000256958af380 Thread added: 0x000002569b04e050
Event: 14.023 Thread 0x000002569b04e050 Thread exited: 0x000002569b04e050
Event: 14.028 Thread 0x00000256958af380 Thread added: 0x000002569b050930
Event: 19.062 Thread 0x000002569b050930 Thread exited: 0x000002569b050930
Event: 39.305 Thread 0x000002569afe24e0 Thread added: 0x000002569a5d67b0
Event: 39.322 Thread 0x000002569ab8f700 Thread added: 0x000002569a5d39c0
Event: 39.329 Thread 0x000002569a5d39c0 Thread exited: 0x000002569a5d39c0
Event: 39.353 Thread 0x00000256958af380 Thread added: 0x000002569b04e720


Dynamic libraries:
0x00007ff7d07c0000 - 0x00007ff7d07ce000 	c:\Users\sasad\.vscode\extensions\redhat.java-1.43.1-win32-x64\jre\21.0.7-win32-x86_64\bin\java.exe
0x00007fff71600000 - 0x00007fff71863000 	C:\WINDOWS\SYSTEM32\ntdll.dll
0x00007fff70be0000 - 0x00007fff70ca7000 	C:\WINDOWS\System32\KERNEL32.DLL
0x00007fff6e9a0000 - 0x00007fff6ed67000 	C:\WINDOWS\System32\KERNELBASE.dll
0x00007fff6f250000 - 0x00007fff6f39c000 	C:\WINDOWS\System32\ucrtbase.dll
0x00007fff5c510000 - 0x00007fff5c52e000 	c:\Users\sasad\.vscode\extensions\redhat.java-1.43.1-win32-x64\jre\21.0.7-win32-x86_64\bin\VCRUNTIME140.dll
0x00007fff63320000 - 0x00007fff63338000 	c:\Users\sasad\.vscode\extensions\redhat.java-1.43.1-win32-x64\jre\21.0.7-win32-x86_64\bin\jli.dll
0x00007fff70320000 - 0x00007fff704e9000 	C:\WINDOWS\System32\USER32.dll
0x00007fff57be0000 - 0x00007fff57e70000 	C:\WINDOWS\WinSxS\amd64_microsoft.windows.common-controls_6595b64144ccf1df_6.0.26100.3037_none_3e09262ce333c378\COMCTL32.dll
0x00007fff6f220000 - 0x00007fff6f247000 	C:\WINDOWS\System32\win32u.dll
0x00007fff6fe00000 - 0x00007fff6fea9000 	C:\WINDOWS\System32\msvcrt.dll
0x00007fff705d0000 - 0x00007fff705fa000 	C:\WINDOWS\System32\GDI32.dll
0x00007fff6f040000 - 0x00007fff6f16b000 	C:\WINDOWS\System32\gdi32full.dll
0x00007fff6f170000 - 0x00007fff6f213000 	C:\WINDOWS\System32\msvcp_win.dll
0x00007fff6feb0000 - 0x00007fff6fedf000 	C:\WINDOWS\System32\IMM32.DLL
0x00007fff68910000 - 0x00007fff6891c000 	c:\Users\sasad\.vscode\extensions\redhat.java-1.43.1-win32-x64\jre\21.0.7-win32-x86_64\bin\vcruntime140_1.dll
0x00007fff2a560000 - 0x00007fff2a5ed000 	c:\Users\sasad\.vscode\extensions\redhat.java-1.43.1-win32-x64\jre\21.0.7-win32-x86_64\bin\msvcp140.dll
0x00007ffee5ed0000 - 0x00007ffee6c60000 	c:\Users\sasad\.vscode\extensions\redhat.java-1.43.1-win32-x64\jre\21.0.7-win32-x86_64\bin\server\jvm.dll
0x00007fff70260000 - 0x00007fff70314000 	C:\WINDOWS\System32\ADVAPI32.dll
0x00007fff6fa50000 - 0x00007fff6faf6000 	C:\WINDOWS\System32\sechost.dll
0x00007fff70aa0000 - 0x00007fff70bb6000 	C:\WINDOWS\System32\RPCRT4.dll
0x00007fff6fef0000 - 0x00007fff6ff64000 	C:\WINDOWS\System32\WS2_32.dll
0x00007fff6e670000 - 0x00007fff6e6be000 	C:\WINDOWS\SYSTEM32\POWRPROF.dll
0x00007fff67780000 - 0x00007fff6778b000 	C:\WINDOWS\SYSTEM32\VERSION.dll
0x00007fff66fb0000 - 0x00007fff66fe6000 	C:\WINDOWS\SYSTEM32\WINMM.dll
0x00007fff6e650000 - 0x00007fff6e664000 	C:\WINDOWS\SYSTEM32\UMPDC.dll
0x00007fff6d7d0000 - 0x00007fff6d7ea000 	C:\WINDOWS\SYSTEM32\kernel.appcore.dll
0x00007fff5f300000 - 0x00007fff5f30a000 	c:\Users\sasad\.vscode\extensions\redhat.java-1.43.1-win32-x64\jre\21.0.7-win32-x86_64\bin\jimage.dll
0x00007fff615c0000 - 0x00007fff61801000 	C:\WINDOWS\SYSTEM32\DBGHELP.DLL
0x00007fff6f660000 - 0x00007fff6f9de000 	C:\WINDOWS\System32\combase.dll
0x00007fff704f0000 - 0x00007fff705c6000 	C:\WINDOWS\System32\OLEAUT32.dll
0x00007fff52c00000 - 0x00007fff52c39000 	C:\WINDOWS\SYSTEM32\dbgcore.DLL
0x00007fff6f3a0000 - 0x00007fff6f439000 	C:\WINDOWS\System32\bcryptPrimitives.dll
0x00007fff6b590000 - 0x00007fff6b59f000 	c:\Users\sasad\.vscode\extensions\redhat.java-1.43.1-win32-x64\jre\21.0.7-win32-x86_64\bin\instrument.dll
0x00007fff56120000 - 0x00007fff5613f000 	c:\Users\sasad\.vscode\extensions\redhat.java-1.43.1-win32-x64\jre\21.0.7-win32-x86_64\bin\java.dll
0x00007fff70de0000 - 0x00007fff714e4000 	C:\WINDOWS\System32\SHELL32.dll
0x00007fff6c680000 - 0x00007fff6ceb7000 	C:\WINDOWS\SYSTEM32\windows.storage.dll
0x00007fff6ffa0000 - 0x00007fff70089000 	C:\WINDOWS\System32\SHCORE.dll
0x00007fff6f9f0000 - 0x00007fff6fa4d000 	C:\WINDOWS\System32\shlwapi.dll
0x00007fff6e8b0000 - 0x00007fff6e8de000 	C:\WINDOWS\SYSTEM32\profapi.dll
0x00007fff5c4f0000 - 0x00007fff5c508000 	c:\Users\sasad\.vscode\extensions\redhat.java-1.43.1-win32-x64\jre\21.0.7-win32-x86_64\bin\zip.dll
0x00007fff5c770000 - 0x00007fff5c780000 	C:\Users\sasad\.vscode\extensions\redhat.java-1.43.1-win32-x64\jre\21.0.7-win32-x86_64\bin\net.dll
0x00007fff674e0000 - 0x00007fff675fe000 	C:\WINDOWS\SYSTEM32\WINHTTP.dll
0x00007fff6dce0000 - 0x00007fff6dd4a000 	C:\WINDOWS\system32\mswsock.dll
0x00007fff550e0000 - 0x00007fff550f6000 	C:\Users\sasad\.vscode\extensions\redhat.java-1.43.1-win32-x64\jre\21.0.7-win32-x86_64\bin\nio.dll
0x00007fff67d60000 - 0x00007fff67d70000 	c:\Users\sasad\.vscode\extensions\redhat.java-1.43.1-win32-x64\jre\21.0.7-win32-x86_64\bin\verify.dll
0x00007fff5c700000 - 0x00007fff5c745000 	C:\Users\sasad\AppData\Roaming\Code\User\globalStorage\redhat.java\1.43.1\config_ss_win\org.eclipse.equinox.launcher\org.eclipse.equinox.launcher.win32.win32.x86_64_1.2.1300.v20250331-1702\eclipse_11911.dll
0x00007fff6fc60000 - 0x00007fff6fdf5000 	C:\WINDOWS\System32\ole32.dll
0x00007fff6df80000 - 0x00007fff6df9c000 	C:\WINDOWS\SYSTEM32\CRYPTSP.dll
0x00007fff6d730000 - 0x00007fff6d768000 	C:\WINDOWS\system32\rsaenh.dll
0x00007fff6dd80000 - 0x00007fff6ddab000 	C:\WINDOWS\SYSTEM32\USERENV.dll
0x00007fff6e1c0000 - 0x00007fff6e1e6000 	C:\WINDOWS\SYSTEM32\bcrypt.dll
0x00007fff6dfa0000 - 0x00007fff6dfac000 	C:\WINDOWS\SYSTEM32\CRYPTBASE.dll
0x00007fff6d1f0000 - 0x00007fff6d222000 	C:\WINDOWS\SYSTEM32\IPHLPAPI.DLL
0x00007fff70600000 - 0x00007fff7060a000 	C:\WINDOWS\System32\NSI.dll
0x00007fff362c0000 - 0x00007fff36309000 	C:\Users\sasad\AppData\Local\Temp\jna-109208264\jna11606405367450788876.dll
0x00007fff715a0000 - 0x00007fff715a8000 	C:\WINDOWS\System32\PSAPI.DLL
0x00007fff680e0000 - 0x00007fff680ff000 	C:\WINDOWS\SYSTEM32\dhcpcsvc6.DLL
0x00007fff68040000 - 0x00007fff68065000 	C:\WINDOWS\SYSTEM32\dhcpcsvc.DLL

dbghelp: loaded successfully - version: 4.0.5 - missing functions: none
symbol engine: initialized successfully - sym options: 0x614 - pdb path: .;c:\Users\sasad\.vscode\extensions\redhat.java-1.43.1-win32-x64\jre\21.0.7-win32-x86_64\bin;C:\WINDOWS\SYSTEM32;C:\WINDOWS\WinSxS\amd64_microsoft.windows.common-controls_6595b64144ccf1df_6.0.26100.3037_none_3e09262ce333c378;c:\Users\sasad\.vscode\extensions\redhat.java-1.43.1-win32-x64\jre\21.0.7-win32-x86_64\bin\server;C:\Users\sasad\AppData\Roaming\Code\User\globalStorage\redhat.java\1.43.1\config_ss_win\org.eclipse.equinox.launcher\org.eclipse.equinox.launcher.win32.win32.x86_64_1.2.1300.v20250331-1702;C:\Users\sasad\AppData\Local\Temp\jna-109208264

VM Arguments:
jvm_args: --add-modules=ALL-SYSTEM --add-opens=java.base/java.util=ALL-UNNAMED --add-opens=java.base/java.lang=ALL-UNNAMED --add-opens=java.base/sun.nio.fs=ALL-UNNAMED -Declipse.application=org.eclipse.jdt.ls.core.id1 -Dosgi.bundles.defaultStartLevel=4 -Declipse.product=org.eclipse.jdt.ls.core.product -Djava.import.generatesMetadataFilesAtProjectRoot=false -DDetectVMInstallationsJob.disabled=true -Dfile.encoding=utf8 -XX:+UseParallelGC -XX:GCTimeRatio=4 -XX:AdaptiveSizePolicyWeight=90 -Dsun.zip.disableMemoryMapping=true -Xmx2G -Xms100m -Xlog:disable -javaagent:c:\Users\sasad\.vscode\extensions\redhat.java-1.43.1-win32-x64\lombok\lombok-1.18.39-4050.jar 
java_command: c:\Users\sasad\.vscode\extensions\redhat.java-1.43.1-win32-x64\server\plugins\org.eclipse.equinox.launcher_1.7.0.v20250519-0528.jar -configuration c:\Users\sasad\AppData\Roaming\Code\User\globalStorage\redhat.java\1.43.1\config_ss_win -data c:\Users\sasad\AppData\Roaming\Code\User\workspaceStorage\9870e353e6cdb0d340180d2ff64b806d\redhat.java\ss_ws --pipe=\\.\pipe\lsp-5b82b3274932f6e33466c873b3ff855d-sock
java_class_path (initial): c:\Users\sasad\.vscode\extensions\redhat.java-1.43.1-win32-x64\server\plugins\org.eclipse.equinox.launcher_1.7.0.v20250519-0528.jar
Launcher Type: SUN_STANDARD

[Global flags]
    uintx AdaptiveSizePolicyWeight                 = 90                                        {product} {command line}
     intx CICompilerCount                          = 4                                         {product} {ergonomic}
    uintx GCTimeRatio                              = 4                                         {product} {command line}
   size_t InitialHeapSize                          = 104857600                                 {product} {command line}
   size_t MaxHeapSize                              = 2147483648                                {product} {command line}
   size_t MaxNewSize                               = 715653120                                 {product} {ergonomic}
   size_t MinHeapDeltaBytes                        = 524288                                    {product} {ergonomic}
   size_t MinHeapSize                              = 104857600                                 {product} {command line}
   size_t NewSize                                  = 34603008                                  {product} {ergonomic}
    uintx NonNMethodCodeHeapSize                   = 5839372                                {pd product} {ergonomic}
    uintx NonProfiledCodeHeapSize                  = 122909434                              {pd product} {ergonomic}
   size_t OldSize                                  = 70254592                                  {product} {ergonomic}
    uintx ProfiledCodeHeapSize                     = 122909434                              {pd product} {ergonomic}
    uintx ReservedCodeCacheSize                    = 251658240                              {pd product} {ergonomic}
     bool SegmentedCodeCache                       = true                                      {product} {ergonomic}
   size_t SoftMaxHeapSize                          = 2147483648                             {manageable} {ergonomic}
     bool UseCompressedOops                        = true                           {product lp64_product} {ergonomic}
     bool UseLargePagesIndividualAllocation        = false                                  {pd product} {ergonomic}
     bool UseParallelGC                            = true                                      {product} {command line}

Logging:
Log output configuration:
 #0: stdout all=off uptime,level,tags foldmultilines=false
 #1: stderr all=off uptime,level,tags foldmultilines=false

Environment Variables:
JAVA_HOME=C:\Program Files\Microsoft\jdk-17.0.13.11-hotspot
PATH=C:\Program Files\Microsoft\jdk-17.0.13.11-hotspot\bin;C:\Program Files (x86)\Common Files\Oracle\Java\javapath;C:\Program Files\Common Files\Oracle\Java\javapath;C:\Windows\system32;C:\Windows;C:\Windows\System32\Wbem;C:\Windows\System32\WindowsPowerShell\v1.0\;C:\Windows\System32\OpenSSH\;C:\Program Files (x86)\NVIDIA Corporation\PhysX\Common;C:\Program Files\NVIDIA Corporation\NVIDIA NvDLISR;C:\WINDOWS\system32;C:\WINDOWS;C:\WINDOWS\System32\Wbem;C:\WINDOWS\System32\WindowsPowerShell\v1.0\;C:\WINDOWS\System32\OpenSSH\;C:\Program Files\Git\cmd;C:\Program Files\nodejs\;C:\php;C:\Program Files\dotnet\;C:\Users\sasad\AppData\Local\Android\Sdk\platform-tools;C:\ProgramData\ComposerSetup\bin;C:\Users\sasad\AppData\Local\Programs\Python\Python313\Scripts\;C:\Users\sasad\AppData\Local\Programs\Python\Python313\;C:\Users\sasad\AppData\Local\Android\Sdk\tools;C:\Program Files\Java\jdk-11\bin;C:\Program Files\MySQL\MySQL Shell 8.0\bin\;C:\Users\sasad\AppData\Local\Microsoft\WindowsApps;C:\Users\sasad\AppData\Local\Programs\Microsoft VS Code\bin;C:\Users\sasad\AppData\Roaming\npm;C:\Users\sasad\AppData\Local\GitHubDesktop\bin;C:\Users\sasad\AppData\Roaming\Composer\vendor\bin;C:\Users\sasad\AppData\Local\Programs\cursor\resources\app\bin;C:\Users\sasad\.bun\bin
USERNAME=sasad
OS=Windows_NT
PROCESSOR_IDENTIFIER=AMD64 Family 23 Model 96 Stepping 1, AuthenticAMD
TMP=C:\Users\sasad\AppData\Local\Temp
TEMP=C:\Users\sasad\AppData\Local\Temp




Periodic native trim disabled

---------------  S Y S T E M  ---------------

OS:
 Windows 11 , 64 bit Build 26100 (10.0.26100.3037)
OS uptime: 2 days 0:46 hours
Hyper-V role detected

CPU: total 12 (initial active 12) (12 cores per cpu, 2 threads per core) family 23 model 96 stepping 1 microcode 0x8600106, cx8, cmov, fxsr, ht, mmx, 3dnowpref, sse, sse2, sse3, ssse3, sse4a, sse4.1, sse4.2, popcnt, lzcnt, tsc, tscinvbit, avx, avx2, aes, clmul, bmi1, bmi2, adx, sha, fma, vzeroupper, clflush, clflushopt, hv, rdtscp, rdpid, f16c
Processor Information for the first 12 processors :
  Max Mhz: 3001, Current Mhz: 3001, Mhz Limit: 3001

Memory: 4k page, system-wide physical 15790M (788M free)
TotalPageFile size 30614M (AvailPageFile size 13M)
current process WorkingSet (physical memory assigned to process): 212M, peak: 246M
current process commit charge ("private bytes"): 312M, peak: 349M

vm_info: OpenJDK 64-Bit Server VM (21.0.7+6-LTS) for windows-amd64 JRE (21.0.7+6-LTS), built on 2025-04-15T00:00:00Z by "admin" with MS VC++ 17.7 (VS2022)

END.
